#
# There is insufficient memory for the Java Runtime Environment to continue.
# Native memory allocation (malloc) failed to allocate 32744 bytes for ChunkPool::allocate
# Possible reasons:
#   The system is out of physical RAM or swap space
#   The process is running with CompressedOops enabled, and the Java Heap may be blocking the growth of the native heap
# Possible solutions:
#   Reduce memory load on the system
#   Increase physical memory or swap space
#   Check if swap backing store is full
#   Decrease Java heap size (-Xmx/-Xms)
#   Decrease number of Java threads
#   Decrease Java thread stack sizes (-Xss)
#   Set larger code cache with -XX:ReservedCodeCacheSize=
#   JVM is running with Unscaled Compressed Oops mode in which the Java heap is
#     placed in the first 4GB address space. The Java Heap base address is the
#     maximum limit for the native heap growth. Please use -XX:HeapBaseMinAddress
#     to set the Java Heap base and to place the Java Heap above 4GB virtual address.
# This output file may be truncated or incomplete.
#
#  Out of Memory Error (./open/src/hotspot/share/memory/arena.cpp:79), pid=7404, tid=604
#
# JRE version: Java(TM) SE Runtime Environment (14.0.2+12) (build 14.0.2+12-46)
# Java VM: Java HotSpot(TM) 64-Bit Server VM (14.0.2+12-46, mixed mode, sharing, tiered, compressed oops, g1 gc, windows-amd64)
# No core dump will be written. Minidumps are not enabled by default on client versions of Windows
#

---------------  S U M M A R Y ------------

Command Line: --add-opens=java.base/java.util=ALL-UNNAMED --add-opens=java.base/java.lang=ALL-UNNAMED --add-opens=java.base/java.lang.invoke=ALL-UNNAMED --add-opens=java.prefs/java.util.prefs=ALL-UNNAMED --add-opens=java.base/java.nio.charset=ALL-UNNAMED --add-opens=java.base/java.net=ALL-UNNAMED --add-opens=java.base/java.util.concurrent.atomic=ALL-UNNAMED -XX:MaxMetaspaceSize=256m -XX:+HeapDumpOnOutOfMemoryError -Xms256m -Xmx512m -Dfile.encoding=windows-1252 -Duser.country=US -Duser.language=en -Duser.variant org.gradle.launcher.daemon.bootstrap.GradleDaemon 7.6.1

Host: Intel(R) Core(TM) i5-10210U CPU @ 1.60GHz, 8 cores, 11G,  Windows 10 , 64 bit Build 19041 (10.0.19041.3636)
Time: Sun May 19 13:58:29 2024 Syria Standard Time elapsed time: 123 seconds (0d 0h 2m 3s)

---------------  T H R E A D  ---------------

Current thread (0x000002753a005800):  JavaThread "C2 CompilerThread0" daemon [_thread_in_native, id=604, stack(0x0000008455300000,0x0000008455400000)]


Current CompileTask:
C2: 123808 10643   !   4       java.util.concurrent.locks.AbstractQueuedSynchronizer::acquire (407 bytes)

Stack: [0x0000008455300000,0x0000008455400000]
Native frames: (J=compiled Java code, j=interpreted, Vv=VM code, C=native code)
V  [jvm.dll+0x5f8a9a]
V  [jvm.dll+0x74247a]
V  [jvm.dll+0x743c2f]
V  [jvm.dll+0x744273]
V  [jvm.dll+0x20d288]
V  [jvm.dll+0xabea6]
V  [jvm.dll+0xac1fc]
V  [jvm.dll+0x58847d]
V  [jvm.dll+0x58d48e]
V  [jvm.dll+0x58e3cf]
V  [jvm.dll+0x58c905]
V  [jvm.dll+0x1e5ca5]
V  [jvm.dll+0x1e50b8]
V  [jvm.dll+0x1779cc]
V  [jvm.dll+0x1f4105]
V  [jvm.dll+0x1f22eb]
V  [jvm.dll+0x7070cd]
V  [jvm.dll+0x6ffeda]
V  [jvm.dll+0x5f78f6]
C  [ucrtbase.dll+0x21bb2]
C  [KERNEL32.DLL+0x17344]
C  [ntdll.dll+0x526b1]


---------------  P R O C E S S  ---------------

Threads class SMR info:
_java_thread_list=0x0000027541c9d900, length=139, elements={
0x000002751c838800, 0x0000027539fe1800, 0x0000027539fe2800, 0x000002753a000800,
0x000002753a003800, 0x000002753a004800, 0x000002753a005800, 0x000002753a00a000,
0x000002753a00e000, 0x000002753aa6c000, 0x000002753aa7a800, 0x000002753bfc4800,
0x000002753b5b0000, 0x000002753c0ec000, 0x000002753c44a800, 0x000002753c44b800,
0x000002753c44c000, 0x000002753c446800, 0x000002753c44d000, 0x000002753d121000,
0x000002753d120800, 0x000002753d11f800, 0x000002753d122000, 0x000002753d123800,
0x000002753d11e000, 0x000002753d127800, 0x000002753d128800, 0x000002753d129800,
0x000002753d12a000, 0x000002753b947800, 0x000002753b93e800, 0x000002753b93b800,
0x000002753b93e000, 0x000002753b93a800, 0x000002753b93d000, 0x000002753b93c000,
0x000002753b943800, 0x000002753b940800, 0x000002753b942000, 0x000002753b942800,
0x000002753b944800, 0x000002753b945000, 0x000002753b93f800, 0x000002753b946000,
0x000002753b947000, 0x000002753b941000, 0x000002753b948800, 0x000002753b949000,
0x000002753d11c800, 0x000002753d11d000, 0x000002753d11e800, 0x000002753d124800,
0x000002753d125800, 0x000002753d12b000, 0x000002753d126000, 0x000002753d127000,
0x00000275405a7800, 0x00000275405a6800, 0x00000275405a3800, 0x00000275405a5000,
0x00000275405a6000, 0x00000275405a8000, 0x00000275405a2800, 0x00000275405a4000,
0x000002753c447800, 0x000002753c449000, 0x000002753c449800, 0x000002753c448000,
0x0000027543b1e800, 0x0000027543b25000, 0x0000027543b24800, 0x0000027543b22000,
0x0000027543b1f800, 0x0000027543b20000, 0x0000027543b21000, 0x0000027543b22800,
0x0000027543b23800, 0x0000027540e1b800, 0x0000027540e1c800, 0x0000027540e1b000,
0x0000027540e18800, 0x0000027540e19000, 0x0000027540e17800, 0x0000027540e1d800,
0x0000027540e1e000, 0x0000027540e1a000, 0x000002753ed73000, 0x000002753ed79800,
0x000002753ed77800, 0x000002753ed75000, 0x000002753ed74800, 0x000002753ed73800,
0x000002753ed7a000, 0x000002753ed78800, 0x000002753ed7c000, 0x000002753ed7b000,
0x000002753ed76000, 0x000002753ed7c800, 0x000002753ed77000, 0x000002753ed7d800,
0x000002753ed7e000, 0x000002753ed7f000, 0x000002753ed80000, 0x000002753ed80800,
0x000002753ed81800, 0x0000027541cd6000, 0x0000027541cd8800, 0x0000027541cd6800,
0x0000027541cd4800, 0x0000027541cdb000, 0x0000027541cda000, 0x0000027541cd9000,
0x0000027541cd5000, 0x0000027541cd7800, 0x0000027541ce0800, 0x0000027541cdf800,
0x0000027541cdf000, 0x0000027541ce1800, 0x0000027541cdb800, 0x0000027541ce2000,
0x0000027541cdc800, 0x0000027541ce3000, 0x0000027541cdd800, 0x0000027541cde000,
0x00000275423b0000, 0x00000275423ad000, 0x00000275423b2000, 0x00000275423b1000,
0x00000275423af800, 0x00000275423ac000, 0x00000275423b2800, 0x00000275423b3800,
0x00000275423ad800, 0x00000275423b4000, 0x00000275423ae800, 0x00000275423b9000,
0x00000275423b6800, 0x00000275423ba000, 0x00000275423bb000
}

Java Threads: ( => current thread )
  0x000002751c838800 JavaThread "main" [_thread_blocked, id=8224, stack(0x0000008454700000,0x0000008454800000)]
  0x0000027539fe1800 JavaThread "Reference Handler" daemon [_thread_blocked, id=1644, stack(0x0000008454e00000,0x0000008454f00000)]
  0x0000027539fe2800 JavaThread "Finalizer" daemon [_thread_blocked, id=11532, stack(0x0000008454f00000,0x0000008455000000)]
  0x000002753a000800 JavaThread "Signal Dispatcher" daemon [_thread_blocked, id=18516, stack(0x0000008455000000,0x0000008455100000)]
  0x000002753a003800 JavaThread "Attach Listener" daemon [_thread_blocked, id=11528, stack(0x0000008455100000,0x0000008455200000)]
  0x000002753a004800 JavaThread "Service Thread" daemon [_thread_blocked, id=15236, stack(0x0000008455200000,0x0000008455300000)]
=>0x000002753a005800 JavaThread "C2 CompilerThread0" daemon [_thread_in_native, id=604, stack(0x0000008455300000,0x0000008455400000)]
  0x000002753a00a000 JavaThread "C1 CompilerThread0" daemon [_thread_blocked, id=1852, stack(0x0000008455400000,0x0000008455500000)]
  0x000002753a00e000 JavaThread "Sweeper thread" daemon [_thread_blocked, id=10416, stack(0x0000008455500000,0x0000008455600000)]
  0x000002753aa6c000 JavaThread "Common-Cleaner" daemon [_thread_blocked, id=22184, stack(0x0000008455600000,0x0000008455700000)]
  0x000002753aa7a800 JavaThread "Notification Thread" daemon [_thread_blocked, id=25448, stack(0x0000008455700000,0x0000008455800000)]
  0x000002753bfc4800 JavaThread "Daemon health stats" [_thread_blocked, id=24516, stack(0x0000008455e00000,0x0000008455f00000)]
  0x000002753b5b0000 JavaThread "Incoming local TCP Connector on port 61352" [_thread_in_native, id=11260, stack(0x0000008455f00000,0x0000008456000000)]
  0x000002753c0ec000 JavaThread "Daemon periodic checks" [_thread_blocked, id=11112, stack(0x0000008456000000,0x0000008456100000)]
  0x000002753c44a800 JavaThread "Cache worker for journal cache (C:\Users\hp\.gradle\caches\journal-1)" [_thread_blocked, id=11940, stack(0x0000008456800000,0x0000008456900000)]
  0x000002753c44b800 JavaThread "File lock request listener" [_thread_in_native, id=18948, stack(0x0000008456900000,0x0000008456a00000)]
  0x000002753c44c000 JavaThread "Cache worker for file hash cache (C:\Users\hp\.gradle\caches\7.6.1\fileHashes)" [_thread_blocked, id=23976, stack(0x0000008456a00000,0x0000008456b00000)]
  0x000002753c446800 JavaThread "File watcher server" daemon [_thread_in_native, id=14712, stack(0x0000008456b00000,0x0000008456c00000)]
  0x000002753c44d000 JavaThread "File watcher consumer" daemon [_thread_blocked, id=21944, stack(0x0000008456c00000,0x0000008456d00000)]
  0x000002753d121000 JavaThread "Cache worker for file content cache (C:\Users\hp\.gradle\caches\7.6.1\fileContent)" [_thread_blocked, id=19336, stack(0x0000008457200000,0x0000008457300000)]
  0x000002753d120800 JavaThread "Cache worker for execution history cache (C:\Users\hp\.gradle\caches\7.6.1\executionHistory)" [_thread_blocked, id=4428, stack(0x0000008457500000,0x0000008457600000)]
  0x000002753d11f800 JavaThread "jar transforms" [_thread_blocked, id=10620, stack(0x0000008457600000,0x0000008457700000)]
  0x000002753d122000 JavaThread "jar transforms Thread 2" [_thread_blocked, id=22100, stack(0x0000008457700000,0x0000008457800000)]
  0x000002753d123800 JavaThread "jar transforms Thread 3" [_thread_blocked, id=13332, stack(0x0000008457a00000,0x0000008457b00000)]
  0x000002753d11e000 JavaThread "jar transforms Thread 4" [_thread_blocked, id=14424, stack(0x0000008457b00000,0x0000008457c00000)]
  0x000002753d127800 JavaThread "jar transforms Thread 5" [_thread_blocked, id=3448, stack(0x0000008457c00000,0x0000008457d00000)]
  0x000002753d128800 JavaThread "jar transforms Thread 6" [_thread_blocked, id=20496, stack(0x0000008457d00000,0x0000008457e00000)]
  0x000002753d129800 JavaThread "jar transforms Thread 7" [_thread_blocked, id=16896, stack(0x0000008457e00000,0x0000008457f00000)]
  0x000002753d12a000 JavaThread "jar transforms Thread 8" [_thread_blocked, id=13760, stack(0x0000008457f00000,0x0000008458000000)]
  0x000002753b947800 JavaThread "Memory manager" [_thread_blocked, id=11780, stack(0x0000008459300000,0x0000008459400000)]
  0x000002753b93e800 JavaThread "Daemon Thread 2" [_thread_blocked, id=10012, stack(0x0000008454400000,0x0000008454500000)]
  0x000002753b93b800 JavaThread "Handler for socket connection from /127.0.0.1:61352 to /127.0.0.1:61381" [_thread_in_native, id=15876, stack(0x0000008454500000,0x0000008454600000)]
  0x000002753b93e000 JavaThread "Cancel handler" [_thread_blocked, id=14532, stack(0x0000008454600000,0x0000008454700000)]
  0x000002753b93a800 JavaThread "Daemon worker Thread 2" [_thread_blocked, id=14108, stack(0x0000008456100000,0x0000008456200000)]
  0x000002753b93d000 JavaThread "Asynchronous log dispatcher for DefaultDaemonConnection: socket connection from /127.0.0.1:61352 to /127.0.0.1:61381" [_thread_blocked, id=18512, stack(0x0000008456400000,0x0000008456500000)]
  0x000002753b93c000 JavaThread "Stdin handler" [_thread_blocked, id=15736, stack(0x0000008456500000,0x0000008456600000)]
  0x000002753b943800 JavaThread "Daemon client event forwarder" [_thread_blocked, id=8344, stack(0x0000008456600000,0x0000008456700000)]
  0x000002753b940800 JavaThread "Cache worker for checksums cache (D:\Distributed Systems Proj\Distrubited_2\order_service\.gradle\7.6.1\checksums)" [_thread_blocked, id=7196, stack(0x0000008456700000,0x0000008456800000)]
  0x000002753b942000 JavaThread "Cache worker for cache directory md-rule (C:\Users\hp\.gradle\caches\7.6.1\md-rule)" [_thread_blocked, id=14228, stack(0x0000008456f00000,0x0000008457000000)]
  0x000002753b942800 JavaThread "Daemon Thread 3" [_thread_blocked, id=13240, stack(0x0000008457000000,0x0000008457100000)]
  0x000002753b944800 JavaThread "Cache worker for file hash cache (D:\Distributed Systems Proj\Distrubited_2\order_service\.gradle\7.6.1\fileHashes)" [_thread_blocked, id=7736, stack(0x0000008457400000,0x0000008457500000)]
  0x000002753b945000 JavaThread "Cache worker for cache directory md-supplier (C:\Users\hp\.gradle\caches\7.6.1\md-supplier)" [_thread_blocked, id=20600, stack(0x0000008457300000,0x0000008457400000)]
  0x000002753b93f800 JavaThread "Cache worker for dependencies-accessors (D:\Distributed Systems Proj\Distrubited_2\order_service\.gradle\7.6.1\dependencies-accessors)" [_thread_blocked, id=18292, stack(0x0000008457900000,0x0000008457a00000)]
  0x000002753b946000 JavaThread "Cache worker for Build Output Cleanup Cache (D:\Distributed Systems Proj\Distrubited_2\order_service\.gradle\buildOutputCleanup)" [_thread_blocked, id=14964, stack(0x0000008458100000,0x0000008458200000)]
  0x000002753b947000 JavaThread "Unconstrained build operations" [_thread_blocked, id=19424, stack(0x0000008458200000,0x0000008458300000)]
  0x000002753b941000 JavaThread "Unconstrained build operations Thread 2" [_thread_blocked, id=14220, stack(0x0000008458300000,0x0000008458400000)]
  0x000002753b948800 JavaThread "Unconstrained build operations Thread 3" [_thread_blocked, id=20264, stack(0x0000008458400000,0x0000008458500000)]
  0x000002753b949000 JavaThread "Unconstrained build operations Thread 4" [_thread_blocked, id=14980, stack(0x0000008458500000,0x0000008458600000)]
  0x000002753d11c800 JavaThread "Unconstrained build operations Thread 5" [_thread_blocked, id=22452, stack(0x0000008458600000,0x0000008458700000)]
  0x000002753d11d000 JavaThread "Unconstrained build operations Thread 6" [_thread_blocked, id=2232, stack(0x0000008458700000,0x0000008458800000)]
  0x000002753d11e800 JavaThread "Unconstrained build operations Thread 7" [_thread_blocked, id=21996, stack(0x0000008458800000,0x0000008458900000)]
  0x000002753d124800 JavaThread "Unconstrained build operations Thread 8" [_thread_blocked, id=19904, stack(0x0000008458900000,0x0000008458a00000)]
  0x000002753d125800 JavaThread "Unconstrained build operations Thread 9" [_thread_blocked, id=21744, stack(0x0000008458a00000,0x0000008458b00000)]
  0x000002753d12b000 JavaThread "Unconstrained build operations Thread 10" [_thread_blocked, id=14104, stack(0x0000008458b00000,0x0000008458c00000)]
  0x000002753d126000 JavaThread "Unconstrained build operations Thread 11" [_thread_blocked, id=12808, stack(0x0000008458c00000,0x0000008458d00000)]
  0x000002753d127000 JavaThread "Unconstrained build operations Thread 12" [_thread_blocked, id=12500, stack(0x0000008458d00000,0x0000008458e00000)]
  0x00000275405a7800 JavaThread "Unconstrained build operations Thread 13" [_thread_blocked, id=25476, stack(0x0000008458e00000,0x0000008458f00000)]
  0x00000275405a6800 JavaThread "Unconstrained build operations Thread 14" [_thread_blocked, id=19516, stack(0x0000008458f00000,0x0000008459000000)]
  0x00000275405a3800 JavaThread "Unconstrained build operations Thread 15" [_thread_blocked, id=3540, stack(0x0000008459000000,0x0000008459100000)]
  0x00000275405a5000 JavaThread "Unconstrained build operations Thread 16" [_thread_blocked, id=22200, stack(0x0000008459100000,0x0000008459200000)]
  0x00000275405a6000 JavaThread "Unconstrained build operations Thread 17" [_thread_blocked, id=24168, stack(0x0000008459200000,0x0000008459300000)]
  0x00000275405a8000 JavaThread "Unconstrained build operations Thread 18" [_thread_blocked, id=12940, stack(0x0000008459500000,0x0000008459600000)]
  0x00000275405a2800 JavaThread "included builds" [_thread_blocked, id=19344, stack(0x0000008459600000,0x0000008459700000)]
  0x00000275405a4000 JavaThread "Execution worker" [_thread_blocked, id=17748, stack(0x0000008459700000,0x0000008459800000)]
  0x000002753c447800 JavaThread "Execution worker Thread 2" [_thread_blocked, id=16584, stack(0x0000008459800000,0x0000008459900000)]
  0x000002753c449000 JavaThread "Execution worker Thread 3" [_thread_blocked, id=21604, stack(0x0000008459900000,0x0000008459a00000)]
  0x000002753c449800 JavaThread "Execution worker Thread 4" [_thread_blocked, id=13700, stack(0x0000008459a00000,0x0000008459b00000)]
  0x000002753c448000 JavaThread "Execution worker Thread 5" [_thread_blocked, id=3672, stack(0x0000008459b00000,0x0000008459c00000)]
  0x0000027543b1e800 JavaThread "Execution worker Thread 6" [_thread_blocked, id=3484, stack(0x0000008459c00000,0x0000008459d00000)]
  0x0000027543b25000 JavaThread "Execution worker Thread 7" [_thread_blocked, id=18388, stack(0x0000008459d00000,0x0000008459e00000)]
  0x0000027543b24800 JavaThread "Cache worker for execution history cache (D:\Distributed Systems Proj\Distrubited_2\order_service\.gradle\7.6.1\executionHistory)" [_thread_blocked, id=8748, stack(0x0000008459e00000,0x0000008459f00000)]
  0x0000027543b22000 JavaThread "Unconstrained build operations Thread 19" [_thread_blocked, id=21804, stack(0x0000008459f00000,0x000000845a000000)]
  0x0000027543b1f800 JavaThread "Unconstrained build operations Thread 20" [_thread_blocked, id=20196, stack(0x000000845a000000,0x000000845a100000)]
  0x0000027543b20000 JavaThread "Unconstrained build operations Thread 21" [_thread_blocked, id=13524, stack(0x000000845a100000,0x000000845a200000)]
  0x0000027543b21000 JavaThread "Unconstrained build operations Thread 22" [_thread_blocked, id=6032, stack(0x000000845a200000,0x000000845a300000)]
  0x0000027543b22800 JavaThread "Unconstrained build operations Thread 23" [_thread_blocked, id=5856, stack(0x000000845a300000,0x000000845a400000)]
  0x0000027543b23800 JavaThread "Unconstrained build operations Thread 24" [_thread_blocked, id=18172, stack(0x000000845a400000,0x000000845a500000)]
  0x0000027540e1b800 JavaThread "Unconstrained build operations Thread 25" [_thread_blocked, id=12580, stack(0x000000845a500000,0x000000845a600000)]
  0x0000027540e1c800 JavaThread "Unconstrained build operations Thread 26" [_thread_blocked, id=22944, stack(0x000000845a600000,0x000000845a700000)]
  0x0000027540e1b000 JavaThread "Unconstrained build operations Thread 27" [_thread_blocked, id=5932, stack(0x000000845a700000,0x000000845a800000)]
  0x0000027540e18800 JavaThread "Unconstrained build operations Thread 28" [_thread_blocked, id=9256, stack(0x000000845a800000,0x000000845a900000)]
  0x0000027540e19000 JavaThread "Unconstrained build operations Thread 29" [_thread_blocked, id=13292, stack(0x000000845a900000,0x000000845aa00000)]
  0x0000027540e17800 JavaThread "Unconstrained build operations Thread 30" [_thread_blocked, id=11792, stack(0x000000845aa00000,0x000000845ab00000)]
  0x0000027540e1d800 JavaThread "Unconstrained build operations Thread 31" [_thread_blocked, id=20492, stack(0x000000845ab00000,0x000000845ac00000)]
  0x0000027540e1e000 JavaThread "Unconstrained build operations Thread 32" [_thread_blocked, id=25244, stack(0x000000845ac00000,0x000000845ad00000)]
  0x0000027540e1a000 JavaThread "Unconstrained build operations Thread 33" [_thread_blocked, id=5480, stack(0x000000845ad00000,0x000000845ae00000)]
  0x000002753ed73000 JavaThread "Unconstrained build operations Thread 34" [_thread_blocked, id=8056, stack(0x000000845ae00000,0x000000845af00000)]
  0x000002753ed79800 JavaThread "Unconstrained build operations Thread 35" [_thread_blocked, id=12852, stack(0x000000845af00000,0x000000845b000000)]
  0x000002753ed77800 JavaThread "Unconstrained build operations Thread 36" [_thread_blocked, id=9540, stack(0x000000845b000000,0x000000845b100000)]
  0x000002753ed75000 JavaThread "Unconstrained build operations Thread 37" [_thread_blocked, id=16200, stack(0x000000845b100000,0x000000845b200000)]
  0x000002753ed74800 JavaThread "Unconstrained build operations Thread 38" [_thread_blocked, id=19676, stack(0x000000845b200000,0x000000845b300000)]
  0x000002753ed73800 JavaThread "Unconstrained build operations Thread 39" [_thread_blocked, id=12840, stack(0x000000845b300000,0x000000845b400000)]
  0x000002753ed7a000 JavaThread "Unconstrained build operations Thread 40" [_thread_blocked, id=11584, stack(0x000000845b400000,0x000000845b500000)]
  0x000002753ed78800 JavaThread "Unconstrained build operations Thread 41" [_thread_blocked, id=9572, stack(0x000000845b500000,0x000000845b600000)]
  0x000002753ed7c000 JavaThread "Unconstrained build operations Thread 42" [_thread_blocked, id=14096, stack(0x000000845b600000,0x000000845b700000)]
  0x000002753ed7b000 JavaThread "Unconstrained build operations Thread 43" [_thread_blocked, id=13136, stack(0x000000845b700000,0x000000845b800000)]
  0x000002753ed76000 JavaThread "Unconstrained build operations Thread 44" [_thread_blocked, id=3308, stack(0x000000845b800000,0x000000845b900000)]
  0x000002753ed7c800 JavaThread "Unconstrained build operations Thread 45" [_thread_blocked, id=9308, stack(0x000000845b900000,0x000000845ba00000)]
  0x000002753ed77000 JavaThread "Unconstrained build operations Thread 46" [_thread_blocked, id=3780, stack(0x000000845ba00000,0x000000845bb00000)]
  0x000002753ed7d800 JavaThread "Unconstrained build operations Thread 47" [_thread_blocked, id=2576, stack(0x000000845bb00000,0x000000845bc00000)]
  0x000002753ed7e000 JavaThread "Unconstrained build operations Thread 48" [_thread_blocked, id=22500, stack(0x000000845bc00000,0x000000845bd00000)]
  0x000002753ed7f000 JavaThread "Unconstrained build operations Thread 49" [_thread_blocked, id=24644, stack(0x000000845bd00000,0x000000845be00000)]
  0x000002753ed80000 JavaThread "Unconstrained build operations Thread 50" [_thread_blocked, id=4008, stack(0x000000845be00000,0x000000845bf00000)]
  0x000002753ed80800 JavaThread "Unconstrained build operations Thread 51" [_thread_blocked, id=23256, stack(0x000000845bf00000,0x000000845c000000)]
  0x000002753ed81800 JavaThread "Unconstrained build operations Thread 52" [_thread_blocked, id=25088, stack(0x000000845c000000,0x000000845c100000)]
  0x0000027541cd6000 JavaThread "Unconstrained build operations Thread 53" [_thread_blocked, id=19596, stack(0x000000845c100000,0x000000845c200000)]
  0x0000027541cd8800 JavaThread "Unconstrained build operations Thread 54" [_thread_blocked, id=9284, stack(0x000000845c200000,0x000000845c300000)]
  0x0000027541cd6800 JavaThread "Unconstrained build operations Thread 55" [_thread_blocked, id=16784, stack(0x000000845c300000,0x000000845c400000)]
  0x0000027541cd4800 JavaThread "Unconstrained build operations Thread 56" [_thread_blocked, id=12228, stack(0x000000845c400000,0x000000845c500000)]
  0x0000027541cdb000 JavaThread "Unconstrained build operations Thread 57" [_thread_blocked, id=24708, stack(0x000000845c500000,0x000000845c600000)]
  0x0000027541cda000 JavaThread "Unconstrained build operations Thread 58" [_thread_blocked, id=1888, stack(0x000000845c600000,0x000000845c700000)]
  0x0000027541cd9000 JavaThread "Unconstrained build operations Thread 59" [_thread_blocked, id=4892, stack(0x000000845c700000,0x000000845c800000)]
  0x0000027541cd5000 JavaThread "Unconstrained build operations Thread 60" [_thread_blocked, id=15512, stack(0x000000845c800000,0x000000845c900000)]
  0x0000027541cd7800 JavaThread "Unconstrained build operations Thread 61" [_thread_blocked, id=24924, stack(0x000000845c900000,0x000000845ca00000)]
  0x0000027541ce0800 JavaThread "Unconstrained build operations Thread 62" [_thread_blocked, id=18300, stack(0x000000845ca00000,0x000000845cb00000)]
  0x0000027541cdf800 JavaThread "Unconstrained build operations Thread 63" [_thread_blocked, id=20668, stack(0x000000845cb00000,0x000000845cc00000)]
  0x0000027541cdf000 JavaThread "Unconstrained build operations Thread 64" [_thread_blocked, id=24236, stack(0x000000845cc00000,0x000000845cd00000)]
  0x0000027541ce1800 JavaThread "Unconstrained build operations Thread 65" [_thread_blocked, id=18800, stack(0x000000845cd00000,0x000000845ce00000)]
  0x0000027541cdb800 JavaThread "Unconstrained build operations Thread 66" [_thread_blocked, id=20712, stack(0x000000845ce00000,0x000000845cf00000)]
  0x0000027541ce2000 JavaThread "Unconstrained build operations Thread 67" [_thread_blocked, id=23888, stack(0x000000845cf00000,0x000000845d000000)]
  0x0000027541cdc800 JavaThread "Unconstrained build operations Thread 68" [_thread_blocked, id=9636, stack(0x000000845d000000,0x000000845d100000)]
  0x0000027541ce3000 JavaThread "Unconstrained build operations Thread 69" [_thread_blocked, id=5944, stack(0x000000845d100000,0x000000845d200000)]
  0x0000027541cdd800 JavaThread "Unconstrained build operations Thread 70" [_thread_blocked, id=20616, stack(0x000000845d200000,0x000000845d300000)]
  0x0000027541cde000 JavaThread "Unconstrained build operations Thread 71" [_thread_blocked, id=9720, stack(0x000000845d300000,0x000000845d400000)]
  0x00000275423b0000 JavaThread "Unconstrained build operations Thread 72" [_thread_blocked, id=18764, stack(0x000000845d400000,0x000000845d500000)]
  0x00000275423ad000 JavaThread "Unconstrained build operations Thread 73" [_thread_blocked, id=11020, stack(0x000000845d500000,0x000000845d600000)]
  0x00000275423b2000 JavaThread "Unconstrained build operations Thread 74" [_thread_blocked, id=13140, stack(0x000000845d600000,0x000000845d700000)]
  0x00000275423b1000 JavaThread "Unconstrained build operations Thread 75" [_thread_blocked, id=11492, stack(0x000000845d700000,0x000000845d800000)]
  0x00000275423af800 JavaThread "Unconstrained build operations Thread 76" [_thread_blocked, id=9412, stack(0x000000845d800000,0x000000845d900000)]
  0x00000275423ac000 JavaThread "Unconstrained build operations Thread 77" [_thread_blocked, id=3388, stack(0x000000845d900000,0x000000845da00000)]
  0x00000275423b2800 JavaThread "Unconstrained build operations Thread 78" [_thread_blocked, id=16872, stack(0x000000845da00000,0x000000845db00000)]
  0x00000275423b3800 JavaThread "Unconstrained build operations Thread 79" [_thread_blocked, id=17664, stack(0x000000845db00000,0x000000845dc00000)]
  0x00000275423ad800 JavaThread "Unconstrained build operations Thread 80" [_thread_blocked, id=18880, stack(0x000000845dc00000,0x000000845dd00000)]
  0x00000275423b4000 JavaThread "Exec process Thread 5" [_thread_in_native, id=13052, stack(0x000000845dd00000,0x000000845de00000)]
  0x00000275423ae800 JavaThread "DisconnectableInputStream source reader" daemon [_thread_blocked, id=7744, stack(0x000000845de00000,0x000000845df00000)]
  0x00000275423b9000 JavaThread "Exec process Thread 6" [_thread_blocked, id=9728, stack(0x000000845df00000,0x000000845e000000)]
  0x00000275423b6800 JavaThread "Exec process Thread 7" [_thread_in_native, id=21500, stack(0x000000845e000000,0x000000845e100000)]
  0x00000275423ba000 JavaThread "Exec process Thread 8" [_thread_in_native, id=11368, stack(0x000000845e100000,0x000000845e200000)]
  0x00000275423bb000 JavaThread "File lock release action executor" [_thread_blocked, id=24728, stack(0x0000008457800000,0x0000008457900000)]

Other Threads:
  0x0000027539fd9800 VMThread "VM Thread" [stack: 0x0000008454d00000,0x0000008454e00000] [id=3932]
  0x000002753aa80800 WatcherThread [stack: 0x0000008455800000,0x0000008455900000] [id=1588]
  0x000002751c860000 GCTaskThread "GC Thread#0" [stack: 0x0000008454800000,0x0000008454900000] [id=24640]
  0x000002753b447800 GCTaskThread "GC Thread#1" [stack: 0x0000008455900000,0x0000008455a00000] [id=17028]
  0x000002753b67c000 GCTaskThread "GC Thread#2" [stack: 0x0000008455a00000,0x0000008455b00000] [id=23732]
  0x000002753b3bb000 GCTaskThread "GC Thread#3" [stack: 0x0000008455b00000,0x0000008455c00000] [id=7724]
  0x000002753b710000 GCTaskThread "GC Thread#4" [stack: 0x0000008455c00000,0x0000008455d00000] [id=20012]
  0x000002753b399000 GCTaskThread "GC Thread#5" [stack: 0x0000008455d00000,0x0000008455e00000] [id=3140]
  0x000002753e739800 GCTaskThread "GC Thread#6" [stack: 0x0000008456d00000,0x0000008456e00000] [id=21396]
  0x000002753d4a7000 GCTaskThread "GC Thread#7" [stack: 0x0000008456e00000,0x0000008456f00000] [id=23456]
  0x000002751c865800 ConcurrentGCThread "G1 Main Marker" [stack: 0x0000008454900000,0x0000008454a00000] [id=18732]
  0x000002751c867000 ConcurrentGCThread "G1 Conc#0" [stack: 0x0000008454a00000,0x0000008454b00000] [id=14536]
  0x000002753d32e800 ConcurrentGCThread "G1 Conc#1" [stack: 0x0000008457100000,0x0000008457200000] [id=14580]
  0x000002751c90d800 ConcurrentGCThread "G1 Refine#0" [stack: 0x0000008454b00000,0x0000008454c00000] [id=8976]
  0x0000027540f37800 ConcurrentGCThread "G1 Refine#1" [stack: 0x0000008459400000,0x0000008459500000] [id=9336]
  0x0000027539e84800 ConcurrentGCThread "G1 Young RemSet Sampling" [stack: 0x0000008454c00000,0x0000008454d00000] [id=12676]

Threads with active compile tasks:
C2 CompilerThread0   123828 10643   !   4       java.util.concurrent.locks.AbstractQueuedSynchronizer::acquire (407 bytes)

VM state:not at safepoint (normal execution)

VM Mutex/Monitor currently owned by a thread: None

Heap address: 0x00000000e0000000, size: 512 MB, Compressed Oops mode: 32-bit
Narrow klass base: 0x0000000800000000, Narrow klass shift: 3
Compressed class space size: 260046848 Address: 0x0000000800b30000

Heap:
 garbage-first heap   total 262144K, used 125625K [0x00000000e0000000, 0x0000000100000000)
  region size 1024K, 82 young (83968K), 19 survivors (19456K)
 Metaspace       used 56360K, capacity 58894K, committed 59180K, reserved 305152K
  class space    used 7642K, capacity 8532K, committed 8576K, reserved 253952K
Heap Regions: E=young(eden), S=young(survivor), O=old, HS=humongous(starts), HC=humongous(continues), CS=collection set, F=free, OA=open archive, CA=closed archive, TAMS=top-at-mark-start (previous, next)
|   0|0x00000000e0000000, 0x00000000e0100000, 0x00000000e0100000|100%|HS|  |TAMS 0x00000000e0100000, 0x00000000e0000000| Complete 
|   1|0x00000000e0100000, 0x00000000e0200000, 0x00000000e0200000|100%|HC|  |TAMS 0x00000000e0200000, 0x00000000e0100000| Complete 
|   2|0x00000000e0200000, 0x00000000e0300000, 0x00000000e0300000|100%|HC|  |TAMS 0x00000000e0300000, 0x00000000e0200000| Complete 
|   3|0x00000000e0300000, 0x00000000e0400000, 0x00000000e0400000|100%| O|  |TAMS 0x00000000e0400000, 0x00000000e0300000| Untracked 
|   4|0x00000000e0400000, 0x00000000e0500000, 0x00000000e0500000|100%| O|  |TAMS 0x00000000e0500000, 0x00000000e0400000| Untracked 
|   5|0x00000000e0500000, 0x00000000e0600000, 0x00000000e0600000|100%| O|  |TAMS 0x00000000e0600000, 0x00000000e0500000| Untracked 
|   6|0x00000000e0600000, 0x00000000e0700000, 0x00000000e0700000|100%| O|  |TAMS 0x00000000e0700000, 0x00000000e0600000| Untracked 
|   7|0x00000000e0700000, 0x00000000e0800000, 0x00000000e0800000|100%| O|  |TAMS 0x00000000e0800000, 0x00000000e0700000| Untracked 
|   8|0x00000000e0800000, 0x00000000e0900000, 0x00000000e0900000|100%| O|  |TAMS 0x00000000e08cce00, 0x00000000e0800000| Untracked 
|   9|0x00000000e0900000, 0x00000000e0a00000, 0x00000000e0a00000|100%| O|  |TAMS 0x00000000e0900000, 0x00000000e0900000| Untracked 
|  10|0x00000000e0a00000, 0x00000000e0b00000, 0x00000000e0b00000|100%| O|  |TAMS 0x00000000e0a00000, 0x00000000e0a00000| Untracked 
|  11|0x00000000e0b00000, 0x00000000e0c00000, 0x00000000e0c00000|100%| O|  |TAMS 0x00000000e0b00000, 0x00000000e0b00000| Untracked 
|  12|0x00000000e0c00000, 0x00000000e0d00000, 0x00000000e0d00000|100%| O|  |TAMS 0x00000000e0c00000, 0x00000000e0c00000| Untracked 
|  13|0x00000000e0d00000, 0x00000000e0e00000, 0x00000000e0e00000|100%| O|  |TAMS 0x00000000e0d00000, 0x00000000e0d00000| Untracked 
|  14|0x00000000e0e00000, 0x00000000e0f00000, 0x00000000e0f00000|100%| O|  |TAMS 0x00000000e0e00000, 0x00000000e0e00000| Untracked 
|  15|0x00000000e0f00000, 0x00000000e1000000, 0x00000000e1000000|100%| O|  |TAMS 0x00000000e0f00000, 0x00000000e0f00000| Untracked 
|  16|0x00000000e1000000, 0x00000000e1100000, 0x00000000e1100000|100%| O|  |TAMS 0x00000000e1000000, 0x00000000e1000000| Untracked 
|  17|0x00000000e1100000, 0x00000000e1200000, 0x00000000e1200000|100%| O|  |TAMS 0x00000000e1100000, 0x00000000e1100000| Untracked 
|  18|0x00000000e1200000, 0x00000000e1300000, 0x00000000e1300000|100%| O|  |TAMS 0x00000000e1200000, 0x00000000e1200000| Untracked 
|  19|0x00000000e1300000, 0x00000000e1400000, 0x00000000e1400000|100%| O|  |TAMS 0x00000000e1300000, 0x00000000e1300000| Untracked 
|  20|0x00000000e1400000, 0x00000000e1500000, 0x00000000e1500000|100%| O|  |TAMS 0x00000000e1400000, 0x00000000e1400000| Untracked 
|  21|0x00000000e1500000, 0x00000000e1600000, 0x00000000e1600000|100%| O|  |TAMS 0x00000000e1500000, 0x00000000e1500000| Untracked 
|  22|0x00000000e1600000, 0x00000000e1700000, 0x00000000e1700000|100%| O|  |TAMS 0x00000000e1600000, 0x00000000e1600000| Untracked 
|  23|0x00000000e1700000, 0x00000000e1800000, 0x00000000e1800000|100%| O|  |TAMS 0x00000000e1700000, 0x00000000e1700000| Untracked 
|  24|0x00000000e1800000, 0x00000000e1900000, 0x00000000e1900000|100%| O|  |TAMS 0x00000000e1800000, 0x00000000e1800000| Untracked 
|  25|0x00000000e1900000, 0x00000000e1a00000, 0x00000000e1a00000|100%| O|  |TAMS 0x00000000e1900000, 0x00000000e1900000| Untracked 
|  26|0x00000000e1a00000, 0x00000000e1b00000, 0x00000000e1b00000|100%| O|  |TAMS 0x00000000e1a00000, 0x00000000e1a00000| Untracked 
|  27|0x00000000e1b00000, 0x00000000e1c00000, 0x00000000e1c00000|100%| O|  |TAMS 0x00000000e1b00000, 0x00000000e1b00000| Untracked 
|  28|0x00000000e1c00000, 0x00000000e1d00000, 0x00000000e1d00000|100%| O|  |TAMS 0x00000000e1c00000, 0x00000000e1c00000| Untracked 
|  29|0x00000000e1d00000, 0x00000000e1e00000, 0x00000000e1e00000|100%| O|  |TAMS 0x00000000e1d00000, 0x00000000e1d00000| Untracked 
|  30|0x00000000e1e00000, 0x00000000e1f00000, 0x00000000e1f00000|100%| O|  |TAMS 0x00000000e1e00000, 0x00000000e1e00000| Untracked 
|  31|0x00000000e1f00000, 0x00000000e2000000, 0x00000000e2000000|100%| O|  |TAMS 0x00000000e1f00000, 0x00000000e1f00000| Untracked 
|  32|0x00000000e2000000, 0x00000000e2100000, 0x00000000e2100000|100%| O|  |TAMS 0x00000000e2000000, 0x00000000e2000000| Untracked 
|  33|0x00000000e2100000, 0x00000000e2200000, 0x00000000e2200000|100%| O|  |TAMS 0x00000000e2100000, 0x00000000e2100000| Untracked 
|  34|0x00000000e2200000, 0x00000000e2300000, 0x00000000e2300000|100%| O|  |TAMS 0x00000000e2200000, 0x00000000e2200000| Untracked 
|  35|0x00000000e2300000, 0x00000000e2400000, 0x00000000e2400000|100%| O|  |TAMS 0x00000000e2300000, 0x00000000e2300000| Untracked 
|  36|0x00000000e2400000, 0x00000000e2500000, 0x00000000e2500000|100%| O|  |TAMS 0x00000000e2400000, 0x00000000e2400000| Untracked 
|  37|0x00000000e2500000, 0x00000000e2600000, 0x00000000e2600000|100%| O|  |TAMS 0x00000000e2500000, 0x00000000e2500000| Untracked 
|  38|0x00000000e2600000, 0x00000000e2700000, 0x00000000e2700000|100%| O|  |TAMS 0x00000000e2600000, 0x00000000e2600000| Untracked 
|  39|0x00000000e2700000, 0x00000000e2800000, 0x00000000e2800000|100%| O|  |TAMS 0x00000000e2700000, 0x00000000e2700000| Untracked 
|  40|0x00000000e2800000, 0x00000000e2900000, 0x00000000e2900000|100%| O|  |TAMS 0x00000000e2800000, 0x00000000e2800000| Untracked 
|  41|0x00000000e2900000, 0x00000000e2a00000, 0x00000000e2a00000|100%| O|  |TAMS 0x00000000e2900000, 0x00000000e2900000| Untracked 
|  42|0x00000000e2a00000, 0x00000000e2a25800, 0x00000000e2b00000| 14%| O|  |TAMS 0x00000000e2a00000, 0x00000000e2a00000| Untracked 
|  43|0x00000000e2b00000, 0x00000000e2b00000, 0x00000000e2c00000|  0%| F|  |TAMS 0x00000000e2b00000, 0x00000000e2b00000| Untracked 
|  44|0x00000000e2c00000, 0x00000000e2c00000, 0x00000000e2d00000|  0%| F|  |TAMS 0x00000000e2c00000, 0x00000000e2c00000| Untracked 
|  45|0x00000000e2d00000, 0x00000000e2d00000, 0x00000000e2e00000|  0%| F|  |TAMS 0x00000000e2d00000, 0x00000000e2d00000| Untracked 
|  46|0x00000000e2e00000, 0x00000000e2e00000, 0x00000000e2f00000|  0%| F|  |TAMS 0x00000000e2e00000, 0x00000000e2e00000| Untracked 
|  47|0x00000000e2f00000, 0x00000000e2f00000, 0x00000000e3000000|  0%| F|  |TAMS 0x00000000e2f00000, 0x00000000e2f00000| Untracked 
|  48|0x00000000e3000000, 0x00000000e3000000, 0x00000000e3100000|  0%| F|  |TAMS 0x00000000e3000000, 0x00000000e3000000| Untracked 
|  49|0x00000000e3100000, 0x00000000e3100000, 0x00000000e3200000|  0%| F|  |TAMS 0x00000000e3100000, 0x00000000e3100000| Untracked 
|  50|0x00000000e3200000, 0x00000000e3200000, 0x00000000e3300000|  0%| F|  |TAMS 0x00000000e3200000, 0x00000000e3200000| Untracked 
|  51|0x00000000e3300000, 0x00000000e3300000, 0x00000000e3400000|  0%| F|  |TAMS 0x00000000e3300000, 0x00000000e3300000| Untracked 
|  52|0x00000000e3400000, 0x00000000e3400000, 0x00000000e3500000|  0%| F|  |TAMS 0x00000000e3400000, 0x00000000e3400000| Untracked 
|  53|0x00000000e3500000, 0x00000000e3500000, 0x00000000e3600000|  0%| F|  |TAMS 0x00000000e3500000, 0x00000000e3500000| Untracked 
|  54|0x00000000e3600000, 0x00000000e3600000, 0x00000000e3700000|  0%| F|  |TAMS 0x00000000e3600000, 0x00000000e3600000| Untracked 
|  55|0x00000000e3700000, 0x00000000e3700000, 0x00000000e3800000|  0%| F|  |TAMS 0x00000000e3700000, 0x00000000e3700000| Untracked 
|  56|0x00000000e3800000, 0x00000000e3800000, 0x00000000e3900000|  0%| F|  |TAMS 0x00000000e3800000, 0x00000000e3800000| Untracked 
|  57|0x00000000e3900000, 0x00000000e3900000, 0x00000000e3a00000|  0%| F|  |TAMS 0x00000000e3900000, 0x00000000e3900000| Untracked 
|  58|0x00000000e3a00000, 0x00000000e3a00000, 0x00000000e3b00000|  0%| F|  |TAMS 0x00000000e3a00000, 0x00000000e3a00000| Untracked 
|  59|0x00000000e3b00000, 0x00000000e3b00000, 0x00000000e3c00000|  0%| F|  |TAMS 0x00000000e3b00000, 0x00000000e3b00000| Untracked 
|  60|0x00000000e3c00000, 0x00000000e3c00000, 0x00000000e3d00000|  0%| F|  |TAMS 0x00000000e3c00000, 0x00000000e3c00000| Untracked 
|  61|0x00000000e3d00000, 0x00000000e3d00000, 0x00000000e3e00000|  0%| F|  |TAMS 0x00000000e3d00000, 0x00000000e3d00000| Untracked 
|  62|0x00000000e3e00000, 0x00000000e3e00000, 0x00000000e3f00000|  0%| F|  |TAMS 0x00000000e3e00000, 0x00000000e3e00000| Untracked 
|  63|0x00000000e3f00000, 0x00000000e3f00000, 0x00000000e4000000|  0%| F|  |TAMS 0x00000000e3f00000, 0x00000000e3f00000| Untracked 
|  64|0x00000000e4000000, 0x00000000e4000000, 0x00000000e4100000|  0%| F|  |TAMS 0x00000000e4000000, 0x00000000e4000000| Untracked 
|  65|0x00000000e4100000, 0x00000000e4100000, 0x00000000e4200000|  0%| F|  |TAMS 0x00000000e4100000, 0x00000000e4100000| Untracked 
|  66|0x00000000e4200000, 0x00000000e4200000, 0x00000000e4300000|  0%| F|  |TAMS 0x00000000e4200000, 0x00000000e4200000| Untracked 
|  67|0x00000000e4300000, 0x00000000e4300000, 0x00000000e4400000|  0%| F|  |TAMS 0x00000000e4300000, 0x00000000e4300000| Untracked 
|  68|0x00000000e4400000, 0x00000000e4400000, 0x00000000e4500000|  0%| F|  |TAMS 0x00000000e4400000, 0x00000000e4400000| Untracked 
|  69|0x00000000e4500000, 0x00000000e4500000, 0x00000000e4600000|  0%| F|  |TAMS 0x00000000e4500000, 0x00000000e4500000| Untracked 
|  70|0x00000000e4600000, 0x00000000e4600000, 0x00000000e4700000|  0%| F|  |TAMS 0x00000000e4600000, 0x00000000e4600000| Untracked 
|  71|0x00000000e4700000, 0x00000000e4700000, 0x00000000e4800000|  0%| F|  |TAMS 0x00000000e4700000, 0x00000000e4700000| Untracked 
|  72|0x00000000e4800000, 0x00000000e4800000, 0x00000000e4900000|  0%| F|  |TAMS 0x00000000e4800000, 0x00000000e4800000| Untracked 
|  73|0x00000000e4900000, 0x00000000e4900000, 0x00000000e4a00000|  0%| F|  |TAMS 0x00000000e4900000, 0x00000000e4900000| Untracked 
|  74|0x00000000e4a00000, 0x00000000e4a00000, 0x00000000e4b00000|  0%| F|  |TAMS 0x00000000e4a00000, 0x00000000e4a00000| Untracked 
|  75|0x00000000e4b00000, 0x00000000e4b00000, 0x00000000e4c00000|  0%| F|  |TAMS 0x00000000e4b00000, 0x00000000e4b00000| Untracked 
|  76|0x00000000e4c00000, 0x00000000e4c00000, 0x00000000e4d00000|  0%| F|  |TAMS 0x00000000e4c00000, 0x00000000e4c00000| Untracked 
|  77|0x00000000e4d00000, 0x00000000e4d00000, 0x00000000e4e00000|  0%| F|  |TAMS 0x00000000e4d00000, 0x00000000e4d00000| Untracked 
|  78|0x00000000e4e00000, 0x00000000e4e00000, 0x00000000e4f00000|  0%| F|  |TAMS 0x00000000e4e00000, 0x00000000e4e00000| Untracked 
|  79|0x00000000e4f00000, 0x00000000e4f00000, 0x00000000e5000000|  0%| F|  |TAMS 0x00000000e4f00000, 0x00000000e4f00000| Untracked 
|  80|0x00000000e5000000, 0x00000000e5000000, 0x00000000e5100000|  0%| F|  |TAMS 0x00000000e5000000, 0x00000000e5000000| Untracked 
|  81|0x00000000e5100000, 0x00000000e5100000, 0x00000000e5200000|  0%| F|  |TAMS 0x00000000e5100000, 0x00000000e5100000| Untracked 
|  82|0x00000000e5200000, 0x00000000e5200000, 0x00000000e5300000|  0%| F|  |TAMS 0x00000000e5200000, 0x00000000e5200000| Untracked 
|  83|0x00000000e5300000, 0x00000000e5300000, 0x00000000e5400000|  0%| F|  |TAMS 0x00000000e5300000, 0x00000000e5300000| Untracked 
|  84|0x00000000e5400000, 0x00000000e5488fd0, 0x00000000e5500000| 53%| S|CS|TAMS 0x00000000e5400000, 0x00000000e5400000| Complete 
|  85|0x00000000e5500000, 0x00000000e5600000, 0x00000000e5600000|100%| S|CS|TAMS 0x00000000e5500000, 0x00000000e5500000| Complete 
|  86|0x00000000e5600000, 0x00000000e5700000, 0x00000000e5700000|100%| S|CS|TAMS 0x00000000e5600000, 0x00000000e5600000| Complete 
|  87|0x00000000e5700000, 0x00000000e5800000, 0x00000000e5800000|100%| S|CS|TAMS 0x00000000e5700000, 0x00000000e5700000| Complete 
|  88|0x00000000e5800000, 0x00000000e5900000, 0x00000000e5900000|100%| S|CS|TAMS 0x00000000e5800000, 0x00000000e5800000| Complete 
|  89|0x00000000e5900000, 0x00000000e5a00000, 0x00000000e5a00000|100%| S|CS|TAMS 0x00000000e5900000, 0x00000000e5900000| Complete 
|  90|0x00000000e5a00000, 0x00000000e5b00000, 0x00000000e5b00000|100%| S|CS|TAMS 0x00000000e5a00000, 0x00000000e5a00000| Complete 
|  91|0x00000000e5b00000, 0x00000000e5c00000, 0x00000000e5c00000|100%| S|CS|TAMS 0x00000000e5b00000, 0x00000000e5b00000| Complete 
|  92|0x00000000e5c00000, 0x00000000e5d00000, 0x00000000e5d00000|100%| S|CS|TAMS 0x00000000e5c00000, 0x00000000e5c00000| Complete 
|  93|0x00000000e5d00000, 0x00000000e5e00000, 0x00000000e5e00000|100%| S|CS|TAMS 0x00000000e5d00000, 0x00000000e5d00000| Complete 
|  94|0x00000000e5e00000, 0x00000000e5f00000, 0x00000000e5f00000|100%| S|CS|TAMS 0x00000000e5e00000, 0x00000000e5e00000| Complete 
|  95|0x00000000e5f00000, 0x00000000e6000000, 0x00000000e6000000|100%| S|CS|TAMS 0x00000000e5f00000, 0x00000000e5f00000| Complete 
|  96|0x00000000e6000000, 0x00000000e6100000, 0x00000000e6100000|100%| S|CS|TAMS 0x00000000e6000000, 0x00000000e6000000| Complete 
|  97|0x00000000e6100000, 0x00000000e6200000, 0x00000000e6200000|100%| S|CS|TAMS 0x00000000e6100000, 0x00000000e6100000| Complete 
|  98|0x00000000e6200000, 0x00000000e6300000, 0x00000000e6300000|100%| S|CS|TAMS 0x00000000e6200000, 0x00000000e6200000| Complete 
|  99|0x00000000e6300000, 0x00000000e6400000, 0x00000000e6400000|100%| S|CS|TAMS 0x00000000e6300000, 0x00000000e6300000| Complete 
| 100|0x00000000e6400000, 0x00000000e6500000, 0x00000000e6500000|100%| S|CS|TAMS 0x00000000e6400000, 0x00000000e6400000| Complete 
| 101|0x00000000e6500000, 0x00000000e6600000, 0x00000000e6600000|100%| S|CS|TAMS 0x00000000e6500000, 0x00000000e6500000| Complete 
| 102|0x00000000e6600000, 0x00000000e6700000, 0x00000000e6700000|100%| S|CS|TAMS 0x00000000e6600000, 0x00000000e6600000| Complete 
| 103|0x00000000e6700000, 0x00000000e6700000, 0x00000000e6800000|  0%| F|  |TAMS 0x00000000e6700000, 0x00000000e6700000| Untracked 
| 104|0x00000000e6800000, 0x00000000e6800000, 0x00000000e6900000|  0%| F|  |TAMS 0x00000000e6800000, 0x00000000e6800000| Untracked 
| 105|0x00000000e6900000, 0x00000000e6900000, 0x00000000e6a00000|  0%| F|  |TAMS 0x00000000e6900000, 0x00000000e6900000| Untracked 
| 106|0x00000000e6a00000, 0x00000000e6a00000, 0x00000000e6b00000|  0%| F|  |TAMS 0x00000000e6a00000, 0x00000000e6a00000| Untracked 
| 107|0x00000000e6b00000, 0x00000000e6b00000, 0x00000000e6c00000|  0%| F|  |TAMS 0x00000000e6b00000, 0x00000000e6b00000| Untracked 
| 108|0x00000000e6c00000, 0x00000000e6c00000, 0x00000000e6d00000|  0%| F|  |TAMS 0x00000000e6c00000, 0x00000000e6c00000| Untracked 
| 109|0x00000000e6d00000, 0x00000000e6d00000, 0x00000000e6e00000|  0%| F|  |TAMS 0x00000000e6d00000, 0x00000000e6d00000| Untracked 
| 110|0x00000000e6e00000, 0x00000000e6e00000, 0x00000000e6f00000|  0%| F|  |TAMS 0x00000000e6e00000, 0x00000000e6e00000| Untracked 
| 111|0x00000000e6f00000, 0x00000000e6f00000, 0x00000000e7000000|  0%| F|  |TAMS 0x00000000e6f00000, 0x00000000e6f00000| Untracked 
| 112|0x00000000e7000000, 0x00000000e7000000, 0x00000000e7100000|  0%| F|  |TAMS 0x00000000e7000000, 0x00000000e7000000| Untracked 
| 113|0x00000000e7100000, 0x00000000e7100000, 0x00000000e7200000|  0%| F|  |TAMS 0x00000000e7100000, 0x00000000e7100000| Untracked 
| 114|0x00000000e7200000, 0x00000000e7200000, 0x00000000e7300000|  0%| F|  |TAMS 0x00000000e7200000, 0x00000000e7200000| Untracked 
| 115|0x00000000e7300000, 0x00000000e7300000, 0x00000000e7400000|  0%| F|  |TAMS 0x00000000e7300000, 0x00000000e7300000| Untracked 
| 116|0x00000000e7400000, 0x00000000e7400000, 0x00000000e7500000|  0%| F|  |TAMS 0x00000000e7400000, 0x00000000e7400000| Untracked 
| 117|0x00000000e7500000, 0x00000000e7500000, 0x00000000e7600000|  0%| F|  |TAMS 0x00000000e7500000, 0x00000000e7500000| Untracked 
| 118|0x00000000e7600000, 0x00000000e7600000, 0x00000000e7700000|  0%| F|  |TAMS 0x00000000e7600000, 0x00000000e7600000| Untracked 
| 119|0x00000000e7700000, 0x00000000e7700000, 0x00000000e7800000|  0%| F|  |TAMS 0x00000000e7700000, 0x00000000e7700000| Untracked 
| 120|0x00000000e7800000, 0x00000000e7800000, 0x00000000e7900000|  0%| F|  |TAMS 0x00000000e7800000, 0x00000000e7800000| Untracked 
| 121|0x00000000e7900000, 0x00000000e7900000, 0x00000000e7a00000|  0%| F|  |TAMS 0x00000000e7900000, 0x00000000e7900000| Untracked 
| 122|0x00000000e7a00000, 0x00000000e7a00000, 0x00000000e7b00000|  0%| F|  |TAMS 0x00000000e7a00000, 0x00000000e7a00000| Untracked 
| 123|0x00000000e7b00000, 0x00000000e7b00000, 0x00000000e7c00000|  0%| F|  |TAMS 0x00000000e7b00000, 0x00000000e7b00000| Untracked 
| 124|0x00000000e7c00000, 0x00000000e7c00000, 0x00000000e7d00000|  0%| F|  |TAMS 0x00000000e7c00000, 0x00000000e7c00000| Untracked 
| 125|0x00000000e7d00000, 0x00000000e7d00000, 0x00000000e7e00000|  0%| F|  |TAMS 0x00000000e7d00000, 0x00000000e7d00000| Untracked 
| 126|0x00000000e7e00000, 0x00000000e7e00000, 0x00000000e7f00000|  0%| F|  |TAMS 0x00000000e7e00000, 0x00000000e7e00000| Untracked 
| 127|0x00000000e7f00000, 0x00000000e7f00000, 0x00000000e8000000|  0%| F|  |TAMS 0x00000000e7f00000, 0x00000000e7f00000| Untracked 
| 128|0x00000000e8000000, 0x00000000e8000000, 0x00000000e8100000|  0%| F|  |TAMS 0x00000000e8000000, 0x00000000e8000000| Untracked 
| 129|0x00000000e8100000, 0x00000000e8100000, 0x00000000e8200000|  0%| F|  |TAMS 0x00000000e8100000, 0x00000000e8100000| Untracked 
| 130|0x00000000e8200000, 0x00000000e8200000, 0x00000000e8300000|  0%| F|  |TAMS 0x00000000e8200000, 0x00000000e8200000| Untracked 
| 131|0x00000000e8300000, 0x00000000e8300000, 0x00000000e8400000|  0%| F|  |TAMS 0x00000000e8300000, 0x00000000e8300000| Untracked 
| 132|0x00000000e8400000, 0x00000000e8400000, 0x00000000e8500000|  0%| F|  |TAMS 0x00000000e8400000, 0x00000000e8400000| Untracked 
| 133|0x00000000e8500000, 0x00000000e8500000, 0x00000000e8600000|  0%| F|  |TAMS 0x00000000e8500000, 0x00000000e8500000| Untracked 
| 134|0x00000000e8600000, 0x00000000e8600000, 0x00000000e8700000|  0%| F|  |TAMS 0x00000000e8600000, 0x00000000e8600000| Untracked 
| 135|0x00000000e8700000, 0x00000000e8700000, 0x00000000e8800000|  0%| F|  |TAMS 0x00000000e8700000, 0x00000000e8700000| Untracked 
| 136|0x00000000e8800000, 0x00000000e8800000, 0x00000000e8900000|  0%| F|  |TAMS 0x00000000e8800000, 0x00000000e8800000| Untracked 
| 137|0x00000000e8900000, 0x00000000e8900000, 0x00000000e8a00000|  0%| F|  |TAMS 0x00000000e8900000, 0x00000000e8900000| Untracked 
| 138|0x00000000e8a00000, 0x00000000e8a00000, 0x00000000e8b00000|  0%| F|  |TAMS 0x00000000e8a00000, 0x00000000e8a00000| Untracked 
| 139|0x00000000e8b00000, 0x00000000e8b00000, 0x00000000e8c00000|  0%| F|  |TAMS 0x00000000e8b00000, 0x00000000e8b00000| Untracked 
| 140|0x00000000e8c00000, 0x00000000e8c00000, 0x00000000e8d00000|  0%| F|  |TAMS 0x00000000e8c00000, 0x00000000e8c00000| Untracked 
| 141|0x00000000e8d00000, 0x00000000e8d00000, 0x00000000e8e00000|  0%| F|  |TAMS 0x00000000e8d00000, 0x00000000e8d00000| Untracked 
| 142|0x00000000e8e00000, 0x00000000e8e00000, 0x00000000e8f00000|  0%| F|  |TAMS 0x00000000e8e00000, 0x00000000e8e00000| Untracked 
| 143|0x00000000e8f00000, 0x00000000e8f00000, 0x00000000e9000000|  0%| F|  |TAMS 0x00000000e8f00000, 0x00000000e8f00000| Untracked 
| 144|0x00000000e9000000, 0x00000000e9000000, 0x00000000e9100000|  0%| F|  |TAMS 0x00000000e9000000, 0x00000000e9000000| Untracked 
| 145|0x00000000e9100000, 0x00000000e9100000, 0x00000000e9200000|  0%| F|  |TAMS 0x00000000e9100000, 0x00000000e9100000| Untracked 
| 146|0x00000000e9200000, 0x00000000e9200000, 0x00000000e9300000|  0%| F|  |TAMS 0x00000000e9200000, 0x00000000e9200000| Untracked 
| 147|0x00000000e9300000, 0x00000000e9300000, 0x00000000e9400000|  0%| F|  |TAMS 0x00000000e9300000, 0x00000000e9300000| Untracked 
| 148|0x00000000e9400000, 0x00000000e9400000, 0x00000000e9500000|  0%| F|  |TAMS 0x00000000e9400000, 0x00000000e9400000| Untracked 
| 149|0x00000000e9500000, 0x00000000e9500000, 0x00000000e9600000|  0%| F|  |TAMS 0x00000000e9500000, 0x00000000e9500000| Untracked 
| 150|0x00000000e9600000, 0x00000000e9600000, 0x00000000e9700000|  0%| F|  |TAMS 0x00000000e9600000, 0x00000000e9600000| Untracked 
| 151|0x00000000e9700000, 0x00000000e9700000, 0x00000000e9800000|  0%| F|  |TAMS 0x00000000e9700000, 0x00000000e9700000| Untracked 
| 152|0x00000000e9800000, 0x00000000e9800000, 0x00000000e9900000|  0%| F|  |TAMS 0x00000000e9800000, 0x00000000e9800000| Untracked 
| 153|0x00000000e9900000, 0x00000000e9900000, 0x00000000e9a00000|  0%| F|  |TAMS 0x00000000e9900000, 0x00000000e9900000| Untracked 
| 154|0x00000000e9a00000, 0x00000000e9a00000, 0x00000000e9b00000|  0%| F|  |TAMS 0x00000000e9a00000, 0x00000000e9a00000| Untracked 
| 155|0x00000000e9b00000, 0x00000000e9b00000, 0x00000000e9c00000|  0%| F|  |TAMS 0x00000000e9b00000, 0x00000000e9b00000| Untracked 
| 156|0x00000000e9c00000, 0x00000000e9c00000, 0x00000000e9d00000|  0%| F|  |TAMS 0x00000000e9c00000, 0x00000000e9c00000| Untracked 
| 157|0x00000000e9d00000, 0x00000000e9d00000, 0x00000000e9e00000|  0%| F|  |TAMS 0x00000000e9d00000, 0x00000000e9d00000| Untracked 
| 158|0x00000000e9e00000, 0x00000000e9e00000, 0x00000000e9f00000|  0%| F|  |TAMS 0x00000000e9e00000, 0x00000000e9e00000| Untracked 
| 159|0x00000000e9f00000, 0x00000000e9f00000, 0x00000000ea000000|  0%| F|  |TAMS 0x00000000e9f00000, 0x00000000e9f00000| Untracked 
| 160|0x00000000ea000000, 0x00000000ea000000, 0x00000000ea100000|  0%| F|  |TAMS 0x00000000ea000000, 0x00000000ea000000| Untracked 
| 161|0x00000000ea100000, 0x00000000ea100000, 0x00000000ea200000|  0%| F|  |TAMS 0x00000000ea100000, 0x00000000ea100000| Untracked 
| 162|0x00000000ea200000, 0x00000000ea200000, 0x00000000ea300000|  0%| F|  |TAMS 0x00000000ea200000, 0x00000000ea200000| Untracked 
| 163|0x00000000ea300000, 0x00000000ea300000, 0x00000000ea400000|  0%| F|  |TAMS 0x00000000ea300000, 0x00000000ea300000| Untracked 
| 164|0x00000000ea400000, 0x00000000ea400000, 0x00000000ea500000|  0%| F|  |TAMS 0x00000000ea400000, 0x00000000ea400000| Untracked 
| 165|0x00000000ea500000, 0x00000000ea500000, 0x00000000ea600000|  0%| F|  |TAMS 0x00000000ea500000, 0x00000000ea500000| Untracked 
| 166|0x00000000ea600000, 0x00000000ea600000, 0x00000000ea700000|  0%| F|  |TAMS 0x00000000ea600000, 0x00000000ea600000| Untracked 
| 167|0x00000000ea700000, 0x00000000ea700000, 0x00000000ea800000|  0%| F|  |TAMS 0x00000000ea700000, 0x00000000ea700000| Untracked 
| 168|0x00000000ea800000, 0x00000000ea800000, 0x00000000ea900000|  0%| F|  |TAMS 0x00000000ea800000, 0x00000000ea800000| Untracked 
| 169|0x00000000ea900000, 0x00000000ea900000, 0x00000000eaa00000|  0%| F|  |TAMS 0x00000000ea900000, 0x00000000ea900000| Untracked 
| 170|0x00000000eaa00000, 0x00000000eaa00000, 0x00000000eab00000|  0%| F|  |TAMS 0x00000000eaa00000, 0x00000000eaa00000| Untracked 
| 171|0x00000000eab00000, 0x00000000eab00000, 0x00000000eac00000|  0%| F|  |TAMS 0x00000000eab00000, 0x00000000eab00000| Untracked 
| 172|0x00000000eac00000, 0x00000000eac00000, 0x00000000ead00000|  0%| F|  |TAMS 0x00000000eac00000, 0x00000000eac00000| Untracked 
| 173|0x00000000ead00000, 0x00000000ead00000, 0x00000000eae00000|  0%| F|  |TAMS 0x00000000ead00000, 0x00000000ead00000| Untracked 
| 174|0x00000000eae00000, 0x00000000eae00000, 0x00000000eaf00000|  0%| F|  |TAMS 0x00000000eae00000, 0x00000000eae00000| Untracked 
| 175|0x00000000eaf00000, 0x00000000eaf00000, 0x00000000eb000000|  0%| F|  |TAMS 0x00000000eaf00000, 0x00000000eaf00000| Untracked 
| 176|0x00000000eb000000, 0x00000000eb000000, 0x00000000eb100000|  0%| F|  |TAMS 0x00000000eb000000, 0x00000000eb000000| Untracked 
| 177|0x00000000eb100000, 0x00000000eb100000, 0x00000000eb200000|  0%| F|  |TAMS 0x00000000eb100000, 0x00000000eb100000| Untracked 
| 178|0x00000000eb200000, 0x00000000eb200000, 0x00000000eb300000|  0%| F|  |TAMS 0x00000000eb200000, 0x00000000eb200000| Untracked 
| 179|0x00000000eb300000, 0x00000000eb300000, 0x00000000eb400000|  0%| F|  |TAMS 0x00000000eb300000, 0x00000000eb300000| Untracked 
| 180|0x00000000eb400000, 0x00000000eb400000, 0x00000000eb500000|  0%| F|  |TAMS 0x00000000eb400000, 0x00000000eb400000| Untracked 
| 181|0x00000000eb500000, 0x00000000eb500000, 0x00000000eb600000|  0%| F|  |TAMS 0x00000000eb500000, 0x00000000eb500000| Untracked 
| 182|0x00000000eb600000, 0x00000000eb600000, 0x00000000eb700000|  0%| F|  |TAMS 0x00000000eb600000, 0x00000000eb600000| Untracked 
| 183|0x00000000eb700000, 0x00000000eb700000, 0x00000000eb800000|  0%| F|  |TAMS 0x00000000eb700000, 0x00000000eb700000| Untracked 
| 184|0x00000000eb800000, 0x00000000eb800000, 0x00000000eb900000|  0%| F|  |TAMS 0x00000000eb800000, 0x00000000eb800000| Untracked 
| 185|0x00000000eb900000, 0x00000000eb900000, 0x00000000eba00000|  0%| F|  |TAMS 0x00000000eb900000, 0x00000000eb900000| Untracked 
| 186|0x00000000eba00000, 0x00000000eba00000, 0x00000000ebb00000|  0%| F|  |TAMS 0x00000000eba00000, 0x00000000eba00000| Untracked 
| 187|0x00000000ebb00000, 0x00000000ebb00000, 0x00000000ebc00000|  0%| F|  |TAMS 0x00000000ebb00000, 0x00000000ebb00000| Untracked 
| 188|0x00000000ebc00000, 0x00000000ebc00000, 0x00000000ebd00000|  0%| F|  |TAMS 0x00000000ebc00000, 0x00000000ebc00000| Untracked 
| 189|0x00000000ebd00000, 0x00000000ebd00000, 0x00000000ebe00000|  0%| F|  |TAMS 0x00000000ebd00000, 0x00000000ebd00000| Untracked 
| 190|0x00000000ebe00000, 0x00000000ebe00000, 0x00000000ebf00000|  0%| F|  |TAMS 0x00000000ebe00000, 0x00000000ebe00000| Untracked 
| 191|0x00000000ebf00000, 0x00000000ebf00000, 0x00000000ec000000|  0%| F|  |TAMS 0x00000000ebf00000, 0x00000000ebf00000| Untracked 
| 192|0x00000000ec000000, 0x00000000ec000000, 0x00000000ec100000|  0%| F|  |TAMS 0x00000000ec000000, 0x00000000ec000000| Untracked 
| 193|0x00000000ec100000, 0x00000000ec1d8928, 0x00000000ec200000| 84%| E|  |TAMS 0x00000000ec100000, 0x00000000ec100000| Complete 
| 194|0x00000000ec200000, 0x00000000ec300000, 0x00000000ec300000|100%| E|CS|TAMS 0x00000000ec200000, 0x00000000ec200000| Complete 
| 195|0x00000000ec300000, 0x00000000ec400000, 0x00000000ec400000|100%| E|CS|TAMS 0x00000000ec300000, 0x00000000ec300000| Complete 
| 196|0x00000000ec400000, 0x00000000ec500000, 0x00000000ec500000|100%| E|CS|TAMS 0x00000000ec400000, 0x00000000ec400000| Complete 
| 197|0x00000000ec500000, 0x00000000ec600000, 0x00000000ec600000|100%| E|CS|TAMS 0x00000000ec500000, 0x00000000ec500000| Complete 
| 198|0x00000000ec600000, 0x00000000ec700000, 0x00000000ec700000|100%| E|CS|TAMS 0x00000000ec600000, 0x00000000ec600000| Complete 
| 199|0x00000000ec700000, 0x00000000ec800000, 0x00000000ec800000|100%| E|CS|TAMS 0x00000000ec700000, 0x00000000ec700000| Complete 
| 200|0x00000000ec800000, 0x00000000ec900000, 0x00000000ec900000|100%| E|CS|TAMS 0x00000000ec800000, 0x00000000ec800000| Complete 
| 201|0x00000000ec900000, 0x00000000eca00000, 0x00000000eca00000|100%| E|CS|TAMS 0x00000000ec900000, 0x00000000ec900000| Complete 
| 202|0x00000000eca00000, 0x00000000ecb00000, 0x00000000ecb00000|100%| E|CS|TAMS 0x00000000eca00000, 0x00000000eca00000| Complete 
| 203|0x00000000ecb00000, 0x00000000ecc00000, 0x00000000ecc00000|100%| E|CS|TAMS 0x00000000ecb00000, 0x00000000ecb00000| Complete 
| 204|0x00000000ecc00000, 0x00000000ecd00000, 0x00000000ecd00000|100%| E|CS|TAMS 0x00000000ecc00000, 0x00000000ecc00000| Complete 
| 205|0x00000000ecd00000, 0x00000000ece00000, 0x00000000ece00000|100%| E|CS|TAMS 0x00000000ecd00000, 0x00000000ecd00000| Complete 
| 206|0x00000000ece00000, 0x00000000ecf00000, 0x00000000ecf00000|100%| E|CS|TAMS 0x00000000ece00000, 0x00000000ece00000| Complete 
| 207|0x00000000ecf00000, 0x00000000ed000000, 0x00000000ed000000|100%| E|CS|TAMS 0x00000000ecf00000, 0x00000000ecf00000| Complete 
| 208|0x00000000ed000000, 0x00000000ed100000, 0x00000000ed100000|100%| E|CS|TAMS 0x00000000ed000000, 0x00000000ed000000| Complete 
| 209|0x00000000ed100000, 0x00000000ed200000, 0x00000000ed200000|100%| E|CS|TAMS 0x00000000ed100000, 0x00000000ed100000| Complete 
| 210|0x00000000ed200000, 0x00000000ed300000, 0x00000000ed300000|100%| E|CS|TAMS 0x00000000ed200000, 0x00000000ed200000| Complete 
| 211|0x00000000ed300000, 0x00000000ed400000, 0x00000000ed400000|100%| E|CS|TAMS 0x00000000ed300000, 0x00000000ed300000| Complete 
| 212|0x00000000ed400000, 0x00000000ed500000, 0x00000000ed500000|100%| E|CS|TAMS 0x00000000ed400000, 0x00000000ed400000| Complete 
| 213|0x00000000ed500000, 0x00000000ed600000, 0x00000000ed600000|100%| E|CS|TAMS 0x00000000ed500000, 0x00000000ed500000| Complete 
| 214|0x00000000ed600000, 0x00000000ed700000, 0x00000000ed700000|100%| E|CS|TAMS 0x00000000ed600000, 0x00000000ed600000| Complete 
| 215|0x00000000ed700000, 0x00000000ed800000, 0x00000000ed800000|100%| E|CS|TAMS 0x00000000ed700000, 0x00000000ed700000| Complete 
| 216|0x00000000ed800000, 0x00000000ed900000, 0x00000000ed900000|100%| E|CS|TAMS 0x00000000ed800000, 0x00000000ed800000| Complete 
| 217|0x00000000ed900000, 0x00000000eda00000, 0x00000000eda00000|100%| E|CS|TAMS 0x00000000ed900000, 0x00000000ed900000| Complete 
| 218|0x00000000eda00000, 0x00000000edb00000, 0x00000000edb00000|100%| E|CS|TAMS 0x00000000eda00000, 0x00000000eda00000| Complete 
| 219|0x00000000edb00000, 0x00000000edc00000, 0x00000000edc00000|100%| E|CS|TAMS 0x00000000edb00000, 0x00000000edb00000| Complete 
| 220|0x00000000edc00000, 0x00000000edd00000, 0x00000000edd00000|100%| E|CS|TAMS 0x00000000edc00000, 0x00000000edc00000| Complete 
| 221|0x00000000edd00000, 0x00000000ede00000, 0x00000000ede00000|100%| E|CS|TAMS 0x00000000edd00000, 0x00000000edd00000| Complete 
| 222|0x00000000ede00000, 0x00000000edf00000, 0x00000000edf00000|100%| E|CS|TAMS 0x00000000ede00000, 0x00000000ede00000| Complete 
| 223|0x00000000edf00000, 0x00000000ee000000, 0x00000000ee000000|100%| E|CS|TAMS 0x00000000edf00000, 0x00000000edf00000| Complete 
| 224|0x00000000ee000000, 0x00000000ee100000, 0x00000000ee100000|100%| E|CS|TAMS 0x00000000ee000000, 0x00000000ee000000| Complete 
| 225|0x00000000ee100000, 0x00000000ee200000, 0x00000000ee200000|100%| E|CS|TAMS 0x00000000ee100000, 0x00000000ee100000| Complete 
| 226|0x00000000ee200000, 0x00000000ee300000, 0x00000000ee300000|100%| E|CS|TAMS 0x00000000ee200000, 0x00000000ee200000| Complete 
| 227|0x00000000ee300000, 0x00000000ee400000, 0x00000000ee400000|100%| E|CS|TAMS 0x00000000ee300000, 0x00000000ee300000| Complete 
| 228|0x00000000ee400000, 0x00000000ee500000, 0x00000000ee500000|100%| E|CS|TAMS 0x00000000ee400000, 0x00000000ee400000| Complete 
| 229|0x00000000ee500000, 0x00000000ee600000, 0x00000000ee600000|100%| E|CS|TAMS 0x00000000ee500000, 0x00000000ee500000| Complete 
| 230|0x00000000ee600000, 0x00000000ee700000, 0x00000000ee700000|100%| E|CS|TAMS 0x00000000ee600000, 0x00000000ee600000| Complete 
| 231|0x00000000ee700000, 0x00000000ee800000, 0x00000000ee800000|100%| E|CS|TAMS 0x00000000ee700000, 0x00000000ee700000| Complete 
| 232|0x00000000ee800000, 0x00000000ee900000, 0x00000000ee900000|100%| E|CS|TAMS 0x00000000ee800000, 0x00000000ee800000| Complete 
| 233|0x00000000ee900000, 0x00000000eea00000, 0x00000000eea00000|100%| E|CS|TAMS 0x00000000ee900000, 0x00000000ee900000| Complete 
| 234|0x00000000eea00000, 0x00000000eeb00000, 0x00000000eeb00000|100%| E|CS|TAMS 0x00000000eea00000, 0x00000000eea00000| Complete 
| 235|0x00000000eeb00000, 0x00000000eec00000, 0x00000000eec00000|100%| E|CS|TAMS 0x00000000eeb00000, 0x00000000eeb00000| Complete 
| 236|0x00000000eec00000, 0x00000000eed00000, 0x00000000eed00000|100%| E|CS|TAMS 0x00000000eec00000, 0x00000000eec00000| Complete 
| 237|0x00000000eed00000, 0x00000000eee00000, 0x00000000eee00000|100%| E|CS|TAMS 0x00000000eed00000, 0x00000000eed00000| Complete 
| 238|0x00000000eee00000, 0x00000000eef00000, 0x00000000eef00000|100%| E|CS|TAMS 0x00000000eee00000, 0x00000000eee00000| Complete 
| 239|0x00000000eef00000, 0x00000000ef000000, 0x00000000ef000000|100%| E|CS|TAMS 0x00000000eef00000, 0x00000000eef00000| Complete 
| 240|0x00000000ef000000, 0x00000000ef100000, 0x00000000ef100000|100%| E|CS|TAMS 0x00000000ef000000, 0x00000000ef000000| Complete 
| 241|0x00000000ef100000, 0x00000000ef200000, 0x00000000ef200000|100%| E|CS|TAMS 0x00000000ef100000, 0x00000000ef100000| Complete 
| 242|0x00000000ef200000, 0x00000000ef300000, 0x00000000ef300000|100%| E|CS|TAMS 0x00000000ef200000, 0x00000000ef200000| Complete 
| 243|0x00000000ef300000, 0x00000000ef400000, 0x00000000ef400000|100%| E|CS|TAMS 0x00000000ef300000, 0x00000000ef300000| Complete 
| 244|0x00000000ef400000, 0x00000000ef500000, 0x00000000ef500000|100%| E|CS|TAMS 0x00000000ef400000, 0x00000000ef400000| Complete 
| 245|0x00000000ef500000, 0x00000000ef600000, 0x00000000ef600000|100%| E|CS|TAMS 0x00000000ef500000, 0x00000000ef500000| Complete 
| 246|0x00000000ef600000, 0x00000000ef700000, 0x00000000ef700000|100%| E|CS|TAMS 0x00000000ef600000, 0x00000000ef600000| Complete 
| 247|0x00000000ef700000, 0x00000000ef800000, 0x00000000ef800000|100%| E|CS|TAMS 0x00000000ef700000, 0x00000000ef700000| Complete 
| 248|0x00000000ef800000, 0x00000000ef900000, 0x00000000ef900000|100%| E|CS|TAMS 0x00000000ef800000, 0x00000000ef800000| Complete 
| 249|0x00000000ef900000, 0x00000000efa00000, 0x00000000efa00000|100%| E|CS|TAMS 0x00000000ef900000, 0x00000000ef900000| Complete 
| 250|0x00000000efa00000, 0x00000000efb00000, 0x00000000efb00000|100%| E|CS|TAMS 0x00000000efa00000, 0x00000000efa00000| Complete 
| 251|0x00000000efb00000, 0x00000000efc00000, 0x00000000efc00000|100%| E|CS|TAMS 0x00000000efb00000, 0x00000000efb00000| Complete 
| 252|0x00000000efc00000, 0x00000000efd00000, 0x00000000efd00000|100%| E|CS|TAMS 0x00000000efc00000, 0x00000000efc00000| Complete 
| 253|0x00000000efd00000, 0x00000000efe00000, 0x00000000efe00000|100%| E|CS|TAMS 0x00000000efd00000, 0x00000000efd00000| Complete 
| 254|0x00000000efe00000, 0x00000000eff00000, 0x00000000eff00000|100%| E|CS|TAMS 0x00000000efe00000, 0x00000000efe00000| Complete 
| 255|0x00000000eff00000, 0x00000000f0000000, 0x00000000f0000000|100%| E|CS|TAMS 0x00000000eff00000, 0x00000000eff00000| Complete 

Card table byte_map: [0x0000027536360000,0x0000027536460000] _byte_map_base: 0x0000027535c60000

Marking Bits (Prev, Next): (CMBitMap*) 0x000002751c860948, (CMBitMap*) 0x000002751c860988
 Prev Bits: [0x0000027536560000, 0x0000027536d60000)
 Next Bits: [0x0000027536d60000, 0x0000027537560000)

Polling page: 0x000002751c910000

Metaspace:

Usage:
  Non-class:     49.18 MB capacity,    47.58 MB ( 97%) used,     1.37 MB (  3%) free+waste,   237.81 KB ( <1%) overhead. 
      Class:      8.33 MB capacity,     7.46 MB ( 90%) used,   776.04 KB (  9%) free+waste,   113.75 KB (  1%) overhead. 
       Both:     57.51 MB capacity,    55.04 MB ( 96%) used,     2.13 MB (  4%) free+waste,   351.56 KB ( <1%) overhead. 

Virtual space:
  Non-class space:       50.00 MB reserved,      49.42 MB ( 99%) committed 
      Class space:      248.00 MB reserved,       8.38 MB (  3%) committed 
             Both:      298.00 MB reserved,      57.79 MB ( 19%) committed 

Chunk freelists:
   Non-Class:  50.00 KB
       Class:  12.00 KB
        Both:  62.00 KB

MaxMetaspaceSize: 256.00 MB
CompressedClassSpaceSize: 248.00 MB

CodeHeap 'non-profiled nmethods': size=120000Kb used=5648Kb max_used=5769Kb free=114351Kb
 bounds [0x000002752e2a0000, 0x000002752e850000, 0x00000275357d0000]
CodeHeap 'profiled nmethods': size=120000Kb used=19672Kb max_used=20947Kb free=100327Kb
 bounds [0x0000027526d70000, 0x00000275281f0000, 0x000002752e2a0000]
CodeHeap 'non-nmethods': size=5760Kb used=2355Kb max_used=2435Kb free=3404Kb
 bounds [0x00000275267d0000, 0x0000027526a40000, 0x0000027526d70000]
 total_blobs=9938 nmethods=9102 adapters=748
 compilation: enabled
              stopped_count=0, restarted_count=0
 full_count=0

Compilation events (20 events):
Event: 119.363 Thread 0x000002753a00a000 nmethod 10633 0x0000027526f8e890 code [0x0000027526f8eb60, 0x0000027526f8fdb8]
Event: 119.363 Thread 0x000002753a00a000 10634       3       org.gradle.internal.snapshot.AbstractIncompleteFileSystemNode$$Lambda$368/0x0000000800f21840::apply (8 bytes)
Event: 119.363 Thread 0x000002753a00a000 nmethod 10634 0x00000275273bc110 code [0x00000275273bc2c0, 0x00000275273bc518]
Event: 119.378 Thread 0x000002753a00a000 10635       1       org.gradle.internal.snapshot.AbstractListChildMap::isEmpty (2 bytes)
Event: 119.379 Thread 0x000002753a00a000 nmethod 10635 0x000002752e720d90 code [0x000002752e720f20, 0x000002752e720ff8]
Event: 122.539 Thread 0x000002753a00a000 10636       1       java.lang.management.DefaultPlatformMBeanProvider$2::mbeanInterfaceNames (5 bytes)
Event: 122.539 Thread 0x000002753a00a000 nmethod 10636 0x000002752e720a90 code [0x000002752e720c20, 0x000002752e720cf8]
Event: 122.539 Thread 0x000002753a00a000 10637       1       java.lang.management.DefaultPlatformMBeanProvider$3::mbeanInterfaceNames (5 bytes)
Event: 122.539 Thread 0x000002753a00a000 nmethod 10637 0x000002752e720790 code [0x000002752e720920, 0x000002752e7209f8]
Event: 122.540 Thread 0x000002753a00a000 10638       1       java.lang.management.DefaultPlatformMBeanProvider$9::mbeanInterfaceNames (5 bytes)
Event: 122.540 Thread 0x000002753a00a000 nmethod 10638 0x000002752e720490 code [0x000002752e720620, 0x000002752e7206f8]
Event: 122.540 Thread 0x000002753a00a000 10639       1       java.lang.management.DefaultPlatformMBeanProvider$1::mbeanInterfaceNames (5 bytes)
Event: 122.540 Thread 0x000002753a00a000 nmethod 10639 0x000002752e720190 code [0x000002752e720320, 0x000002752e7203f8]
Event: 122.540 Thread 0x000002753a00a000 10640       1       com.sun.management.internal.PlatformMBeanProviderImpl$5::mbeanInterfaceNames (5 bytes)
Event: 122.540 Thread 0x000002753a00a000 nmethod 10640 0x000002752e71fe90 code [0x000002752e720020, 0x000002752e7200f8]
Event: 122.540 Thread 0x000002753a00a000 10641       1       com.sun.management.internal.PlatformMBeanProviderImpl$1::mbeanInterfaceNames (5 bytes)
Event: 122.540 Thread 0x000002753a00a000 nmethod 10641 0x000002752e71fb90 code [0x000002752e71fd20, 0x000002752e71fdf8]
Event: 123.479 Thread 0x000002753a005800 10642       4       java.util.concurrent.TimeUnit::toNanos (45 bytes)
Event: 123.479 Thread 0x000002753a005800 nmethod 10642 0x000002752e71f810 code [0x000002752e71f9a0, 0x000002752e71fab8]
Event: 123.785 Thread 0x000002753a005800 10643   !   4       java.util.concurrent.locks.AbstractQueuedSynchronizer::acquire (407 bytes)

GC Heap History (20 events):
Event: 0.505 GC heap before
{Heap before GC invocations=0 (full 0):
 garbage-first heap   total 262144K, used 25600K [0x00000000e0000000, 0x0000000100000000)
  region size 1024K, 23 young (23552K), 0 survivors (0K)
 Metaspace       used 3088K, capacity 6048K, committed 6144K, reserved 262144K
  class space    used 402K, capacity 700K, committed 768K, reserved 253952K
}
Event: 0.509 GC heap after
{Heap after GC invocations=1 (full 0):
 garbage-first heap   total 262144K, used 9207K [0x00000000e0000000, 0x0000000100000000)
  region size 1024K, 3 young (3072K), 3 survivors (3072K)
 Metaspace       used 3088K, capacity 6048K, committed 6144K, reserved 262144K
  class space    used 402K, capacity 700K, committed 768K, reserved 253952K
}
Event: 1.082 GC heap before
{Heap before GC invocations=1 (full 0):
 garbage-first heap   total 262144K, used 36855K [0x00000000e0000000, 0x0000000100000000)
  region size 1024K, 30 young (30720K), 3 survivors (3072K)
 Metaspace       used 4262K, capacity 6812K, committed 7040K, reserved 262144K
  class space    used 530K, capacity 805K, committed 896K, reserved 253952K
}
Event: 1.085 GC heap after
{Heap after GC invocations=2 (full 0):
 garbage-first heap   total 262144K, used 9782K [0x00000000e0000000, 0x0000000100000000)
  region size 1024K, 1 young (1024K), 1 survivors (1024K)
 Metaspace       used 4262K, capacity 6812K, committed 7040K, reserved 262144K
  class space    used 530K, capacity 805K, committed 896K, reserved 253952K
}
Event: 3.442 GC heap before
{Heap before GC invocations=2 (full 0):
 garbage-first heap   total 262144K, used 165430K [0x00000000e0000000, 0x0000000100000000)
  region size 1024K, 153 young (156672K), 1 survivors (1024K)
 Metaspace       used 19802K, capacity 20460K, committed 20736K, reserved 272384K
  class space    used 2970K, capacity 3224K, committed 3328K, reserved 253952K
}
Event: 3.456 GC heap after
{Heap after GC invocations=3 (full 0):
 garbage-first heap   total 262144K, used 19467K [0x00000000e0000000, 0x0000000100000000)
  region size 1024K, 11 young (11264K), 11 survivors (11264K)
 Metaspace       used 19802K, capacity 20460K, committed 20736K, reserved 272384K
  class space    used 2970K, capacity 3224K, committed 3328K, reserved 253952K
}
Event: 3.668 GC heap before
{Heap before GC invocations=3 (full 0):
 garbage-first heap   total 262144K, used 31755K [0x00000000e0000000, 0x0000000100000000)
  region size 1024K, 24 young (24576K), 11 survivors (11264K)
 Metaspace       used 20513K, capacity 21159K, committed 21248K, reserved 272384K
  class space    used 3086K, capacity 3309K, committed 3328K, reserved 253952K
}
Event: 3.675 GC heap after
{Heap after GC invocations=4 (full 0):
 garbage-first heap   total 262144K, used 19632K [0x00000000e0000000, 0x0000000100000000)
  region size 1024K, 11 young (11264K), 11 survivors (11264K)
 Metaspace       used 20513K, capacity 21159K, committed 21248K, reserved 272384K
  class space    used 3086K, capacity 3309K, committed 3328K, reserved 253952K
}
Event: 5.846 GC heap before
{Heap before GC invocations=5 (full 0):
 garbage-first heap   total 262144K, used 153776K [0x00000000e0000000, 0x0000000100000000)
  region size 1024K, 141 young (144384K), 11 survivors (11264K)
 Metaspace       used 34548K, capacity 35543K, committed 35628K, reserved 284672K
  class space    used 4849K, capacity 5218K, committed 5248K, reserved 253952K
}
Event: 5.862 GC heap after
{Heap after GC invocations=6 (full 0):
 garbage-first heap   total 262144K, used 30168K [0x00000000e0000000, 0x0000000100000000)
  region size 1024K, 20 young (20480K), 20 survivors (20480K)
 Metaspace       used 34548K, capacity 35543K, committed 35628K, reserved 284672K
  class space    used 4849K, capacity 5218K, committed 5248K, reserved 253952K
}
Event: 7.927 GC heap before
{Heap before GC invocations=7 (full 0):
 garbage-first heap   total 262144K, used 166360K [0x00000000e0000000, 0x0000000100000000)
  region size 1024K, 153 young (156672K), 20 survivors (20480K)
 Metaspace       used 45409K, capacity 46880K, committed 47148K, reserved 294912K
  class space    used 6397K, capacity 6967K, committed 7040K, reserved 253952K
}
Event: 7.945 GC heap after
{Heap after GC invocations=8 (full 0):
 garbage-first heap   total 262144K, used 35833K [0x00000000e0000000, 0x0000000100000000)
  region size 1024K, 16 young (16384K), 16 survivors (16384K)
 Metaspace       used 45409K, capacity 46880K, committed 47148K, reserved 294912K
  class space    used 6397K, capacity 6967K, committed 7040K, reserved 253952K
}
Event: 9.855 GC heap before
{Heap before GC invocations=8 (full 0):
 garbage-first heap   total 262144K, used 176121K [0x00000000e0000000, 0x0000000100000000)
  region size 1024K, 153 young (156672K), 16 survivors (16384K)
 Metaspace       used 51305K, capacity 53268K, committed 53420K, reserved 301056K
  class space    used 7185K, capacity 7918K, committed 7936K, reserved 253952K
}
Event: 9.873 GC heap after
{Heap after GC invocations=9 (full 0):
 garbage-first heap   total 262144K, used 43725K [0x00000000e0000000, 0x0000000100000000)
  region size 1024K, 15 young (15360K), 15 survivors (15360K)
 Metaspace       used 51305K, capacity 53268K, committed 53420K, reserved 301056K
  class space    used 7185K, capacity 7918K, committed 7936K, reserved 253952K
}
Event: 11.423 GC heap before
{Heap before GC invocations=9 (full 0):
 garbage-first heap   total 262144K, used 184013K [0x00000000e0000000, 0x0000000100000000)
  region size 1024K, 153 young (156672K), 15 survivors (15360K)
 Metaspace       used 52363K, capacity 54310K, committed 54572K, reserved 301056K
  class space    used 7226K, capacity 7959K, committed 8064K, reserved 253952K
}
Event: 11.443 GC heap after
{Heap after GC invocations=10 (full 0):
 garbage-first heap   total 262144K, used 53497K [0x00000000e0000000, 0x0000000100000000)
  region size 1024K, 18 young (18432K), 18 survivors (18432K)
 Metaspace       used 52363K, capacity 54310K, committed 54572K, reserved 301056K
  class space    used 7226K, capacity 7959K, committed 8064K, reserved 253952K
}
Event: 86.517 GC heap before
{Heap before GC invocations=10 (full 0):
 garbage-first heap   total 262144K, used 190713K [0x00000000e0000000, 0x0000000100000000)
  region size 1024K, 153 young (156672K), 18 survivors (18432K)
 Metaspace       used 55275K, capacity 57760K, committed 57900K, reserved 305152K
  class space    used 7570K, capacity 8467K, committed 8576K, reserved 253952K
}
Event: 86.536 GC heap after
{Heap after GC invocations=11 (full 0):
 garbage-first heap   total 262144K, used 54180K [0x00000000e0000000, 0x0000000100000000)
  region size 1024K, 11 young (11264K), 11 survivors (11264K)
 Metaspace       used 55275K, capacity 57760K, committed 57900K, reserved 305152K
  class space    used 7570K, capacity 8467K, committed 8576K, reserved 253952K
}
Event: 87.618 GC heap before
{Heap before GC invocations=11 (full 0):
 garbage-first heap   total 262144K, used 199588K [0x00000000e0000000, 0x0000000100000000)
  region size 1024K, 153 young (156672K), 11 survivors (11264K)
 Metaspace       used 55781K, capacity 58306K, committed 58668K, reserved 305152K
  class space    used 7571K, capacity 8468K, committed 8576K, reserved 253952K
}
Event: 87.637 GC heap after
{Heap after GC invocations=12 (full 0):
 garbage-first heap   total 262144K, used 62137K [0x00000000e0000000, 0x0000000100000000)
  region size 1024K, 19 young (19456K), 19 survivors (19456K)
 Metaspace       used 55781K, capacity 58306K, committed 58668K, reserved 305152K
  class space    used 7571K, capacity 8468K, committed 8576K, reserved 253952K
}

Deoptimization events (20 events):
Event: 87.981 Thread 0x00000275405a4000 DEOPT PACKING pc=0x000002752e2c7090 sp=0x00000084597fd290
Event: 87.981 Thread 0x00000275405a4000 DEOPT UNPACKING pc=0x000002752681912f sp=0x00000084597fd218 mode 2
Event: 87.981 Thread 0x00000275405a4000 Uncommon trap: trap_request=0xffffffd6 fr.pc=0x000002752e2c7090 relative=0x00000000000004b0
Event: 87.981 Thread 0x00000275405a4000 Uncommon trap: reason=array_check action=maybe_recompile pc=0x000002752e2c7090 method=java.util.HashMap.keysToArray([Ljava/lang/Object;)[Ljava/lang/Object; @ 62 c2
Event: 87.981 Thread 0x00000275405a4000 DEOPT PACKING pc=0x000002752e2c7090 sp=0x00000084597fd290
Event: 87.981 Thread 0x00000275405a4000 DEOPT UNPACKING pc=0x000002752681912f sp=0x00000084597fd218 mode 2
Event: 87.986 Thread 0x0000027543b25000 Uncommon trap: trap_request=0xffffffd6 fr.pc=0x000002752e2c7090 relative=0x00000000000004b0
Event: 87.986 Thread 0x0000027543b25000 Uncommon trap: reason=array_check action=maybe_recompile pc=0x000002752e2c7090 method=java.util.HashMap.keysToArray([Ljava/lang/Object;)[Ljava/lang/Object; @ 62 c2
Event: 87.986 Thread 0x0000027543b25000 DEOPT PACKING pc=0x000002752e2c7090 sp=0x0000008459dfb7e0
Event: 87.986 Thread 0x0000027543b25000 DEOPT UNPACKING pc=0x000002752681912f sp=0x0000008459dfb768 mode 2
Event: 88.020 Thread 0x0000027543b25000 Uncommon trap: trap_request=0xffffff76 fr.pc=0x000002752e707910 relative=0x00000000000001f0
Event: 88.020 Thread 0x0000027543b25000 Uncommon trap: reason=predicate action=maybe_recompile pc=0x000002752e707910 method=java.util.LinkedHashMap.valuesToArray([Ljava/lang/Object;)[Ljava/lang/Object; @ 12 c2
Event: 88.020 Thread 0x0000027543b25000 DEOPT PACKING pc=0x000002752e707910 sp=0x0000008459df9840
Event: 88.020 Thread 0x0000027543b25000 DEOPT UNPACKING pc=0x000002752681912f sp=0x0000008459df9808 mode 2
Event: 88.051 Thread 0x0000027543b24800 Uncommon trap: trap_request=0xffffff45 fr.pc=0x000002752e750710 relative=0x0000000000000810
Event: 88.051 Thread 0x0000027543b24800 Uncommon trap: reason=unstable_if action=reinterpret pc=0x000002752e750710 method=com.esotericsoftware.kryo.io.Output.writeVarLong(JZ)I @ 55 c2
Event: 88.051 Thread 0x0000027543b24800 DEOPT PACKING pc=0x000002752e750710 sp=0x0000008459efdb70
Event: 88.051 Thread 0x0000027543b24800 DEOPT UNPACKING pc=0x000002752681912f sp=0x0000008459efdb40 mode 2
Event: 88.101 Thread 0x0000027543b1e800 DEOPT PACKING pc=0x0000027527d2f806 sp=0x0000008459cfacb0
Event: 88.101 Thread 0x0000027543b1e800 DEOPT UNPACKING pc=0x000002752681964e sp=0x0000008459cfa158 mode 0

Classes unloaded (0 events):
No events

Classes redefined (0 events):
No events

Internal exceptions (20 events):
Event: 22.243 Thread 0x000002753c6db000 Exception <a 'java/lang/NoSuchMethodError'{0x00000000eab45040}: static Lorg/gradle/tooling/internal/provider/serialization/WellKnownClassLoaderRegistry$KnownClassLoaderSpec;.<clinit>()V> (0x00000000eab45040) 
thrown [./open/src/hotspot/share/prims/jni.cpp, line 1348]
Event: 22.243 Thread 0x000002753c6db000 Exception <a 'java/lang/NoSuchMethodError'{0x00000000eab48cb8}: static Lorg/gradle/internal/classloader/ClassLoaderSpec;.<clinit>()V> (0x00000000eab48cb8) 
thrown [./open/src/hotspot/share/prims/jni.cpp, line 1348]
Event: 22.245 Thread 0x000002753c6db000 Exception <a 'java/lang/NoSuchMethodError'{0x00000000eab5a7b0}: static Lorg/gradle/internal/classloader/ClassLoaderSpec;.<clinit>()V> (0x00000000eab5a7b0) 
thrown [./open/src/hotspot/share/prims/jni.cpp, line 1348]
Event: 22.246 Thread 0x000002753c6db000 Exception <a 'java/lang/NoSuchMethodError'{0x00000000eab662d0}: static Lorg/gradle/internal/classloader/VisitableURLClassLoader$Spec;.<clinit>()V> (0x00000000eab662d0) 
thrown [./open/src/hotspot/share/prims/jni.cpp, line 1348]
Event: 31.908 Thread 0x000002753c0ec000 Implicit null exception at 0x000002752e2f6767 to 0x000002752e2f6d84
Event: 31.909 Thread 0x000002753c0ec000 Implicit null exception at 0x000002752e2d7464 to 0x000002752e2d7abc
Event: 85.587 Thread 0x000002753c44d000 Implicit null exception at 0x000002752e4e0705 to 0x000002752e4e0a44
Event: 85.823 Thread 0x000002753b941000 Exception <a 'java/lang/NoSuchMethodError'{0x00000000ea8e9570}: 'void java.lang.invoke.DirectMethodHandle$Holder.invokeSpecial(java.lang.Object, java.lang.Object, java.lang.Object, int)'> (0x00000000ea8e9570) 
thrown [./open/src/hotspot/share/interpreter/linkResolver.cpp, line 766]
Event: 85.826 Thread 0x000002753b941000 Exception <a 'java/lang/NoSuchMethodError'{0x00000000ea7176d0}: static Lorg/gradle/launcher/daemon/protocol/Command;.<clinit>()V> (0x00000000ea7176d0) 
thrown [./open/src/hotspot/share/prims/jni.cpp, line 1348]
Event: 85.827 Thread 0x000002753b941000 Exception <a 'java/lang/NoSuchMethodError'{0x00000000ea71f2d0}: static Lorg/gradle/launcher/daemon/protocol/InvalidateVirtualFileSystem;.<clinit>()V> (0x00000000ea71f2d0) 
thrown [./open/src/hotspot/share/prims/jni.cpp, line 1348]
Event: 85.855 Thread 0x000002753b93a800 Exception <a 'java/lang/ClassNotFoundException'{0x00000000ea65cee8}: OrderServiceApplication_main___98me7w308xk9q0ftfy3xaptvzBeanInfo> (0x00000000ea65cee8) 
thrown [./open/src/hotspot/share/classfile/systemDictionary.cpp, line 226]
Event: 85.855 Thread 0x000002753b93a800 Exception <a 'java/lang/ClassNotFoundException'{0x00000000ea66b750}: OrderServiceApplication_main___98me7w308xk9q0ftfy3xaptvzCustomizer> (0x00000000ea66b750) 
thrown [./open/src/hotspot/share/classfile/systemDictionary.cpp, line 226]
Event: 85.874 Thread 0x000002753b93a800 Exception <a 'java/lang/ClassNotFoundException'{0x00000000ea56b7d8}: settings_991nw79dz9o1vajf0kkckosroBeanInfo> (0x00000000ea56b7d8) 
thrown [./open/src/hotspot/share/classfile/systemDictionary.cpp, line 226]
Event: 85.874 Thread 0x000002753b93a800 Exception <a 'java/lang/ClassNotFoundException'{0x00000000ea578be8}: settings_991nw79dz9o1vajf0kkckosroCustomizer> (0x00000000ea578be8) 
thrown [./open/src/hotspot/share/classfile/systemDictionary.cpp, line 226]
Event: 85.900 Thread 0x000002753b93a800 Exception <a 'java/lang/ClassNotFoundException'{0x00000000ea4c7c50}: build_1rp366uncqn26qwuwcrrweixsBeanInfo> (0x00000000ea4c7c50) 
thrown [./open/src/hotspot/share/classfile/systemDictionary.cpp, line 226]
Event: 85.900 Thread 0x000002753b93a800 Exception <a 'java/lang/ClassNotFoundException'{0x00000000ea4d4d38}: build_1rp366uncqn26qwuwcrrweixsCustomizer> (0x00000000ea4d4d38) 
thrown [./open/src/hotspot/share/classfile/systemDictionary.cpp, line 226]
Event: 85.993 Thread 0x000002753b93a800 Exception <a 'java/lang/NoClassDefFoundError'{0x00000000e9fb5f10}: org/jetbrains/kotlin/gradle/plugin/KotlinPluginWrapper> (0x00000000e9fb5f10) 
thrown [./open/src/hotspot/share/oops/constantPool.cpp, line 783]
Event: 86.004 Thread 0x000002753b93a800 Exception <a 'java/lang/ClassNotFoundException'{0x00000000e9e67190}: build_1rp366uncqn26qwuwcrrweixsBeanInfo> (0x00000000e9e67190) 
thrown [./open/src/hotspot/share/classfile/systemDictionary.cpp, line 226]
Event: 86.005 Thread 0x000002753b93a800 Exception <a 'java/lang/ClassNotFoundException'{0x00000000e9e74230}: build_1rp366uncqn26qwuwcrrweixsCustomizer> (0x00000000e9e74230) 
thrown [./open/src/hotspot/share/classfile/systemDictionary.cpp, line 226]
Event: 88.049 Thread 0x0000027543b25000 Exception <a 'java/lang/NoSuchMethodError'{0x00000000eca66448}: 'java.lang.Object java.lang.invoke.DirectMethodHandle$Holder.newInvokeSpecial(java.lang.Object, java.lang.Object, java.lang.Object, java.lang.Object)'> (0x00000000eca66448) 
thrown [./open/src/hotspot/share/interpreter/linkResolver.cpp, line 766]

Events (20 events):
Event: 99.957 Executing VM operation: HandshakeOneThread
Event: 99.957 Executing VM operation: HandshakeOneThread done
Event: 99.957 Executing VM operation: HandshakeOneThread
Event: 99.957 Executing VM operation: HandshakeOneThread done
Event: 100.091 Executing VM operation: HandshakeOneThread
Event: 100.091 Executing VM operation: HandshakeOneThread done
Event: 100.091 Executing VM operation: HandshakeOneThread
Event: 100.091 Executing VM operation: HandshakeOneThread done
Event: 100.091 Executing VM operation: BulkRevokeBias
Event: 100.096 Executing VM operation: BulkRevokeBias done
Event: 100.241 Executing VM operation: HandshakeOneThread
Event: 100.241 Executing VM operation: HandshakeOneThread done
Event: 100.241 Executing VM operation: HandshakeOneThread
Event: 100.241 Executing VM operation: HandshakeOneThread done
Event: 103.975 Executing VM operation: HandshakeOneThread
Event: 103.975 Executing VM operation: HandshakeOneThread done
Event: 103.975 Executing VM operation: HandshakeOneThread
Event: 103.975 Executing VM operation: HandshakeOneThread done
Event: 116.053 loading class java/time/Instant$1
Event: 116.066 loading class java/time/Instant$1 done


Dynamic libraries:
0x00007ff72ba70000 - 0x00007ff72ba7f000 	C:\Program Files\Java\jdk-14.0.2\bin\java.exe
0x00007ffe230b0000 - 0x00007ffe232a8000 	C:\WINDOWS\SYSTEM32\ntdll.dll
0x00007ffe21230000 - 0x00007ffe212ed000 	C:\WINDOWS\System32\KERNEL32.DLL
0x00007ffe208f0000 - 0x00007ffe20be6000 	C:\WINDOWS\System32\KERNELBASE.dll
0x00007ffe20ff0000 - 0x00007ffe210f0000 	C:\WINDOWS\System32\ucrtbase.dll
0x00007ffe188f0000 - 0x00007ffe18908000 	C:\Program Files\Java\jdk-14.0.2\bin\jli.dll
0x00007ffe08c30000 - 0x00007ffe08c45000 	C:\Program Files\Java\jdk-14.0.2\bin\VCRUNTIME140.dll
0x00007ffe21570000 - 0x00007ffe21623000 	C:\WINDOWS\System32\ADVAPI32.dll
0x00007ffe22fd0000 - 0x00007ffe2306e000 	C:\WINDOWS\System32\msvcrt.dll
0x00007ffe21d20000 - 0x00007ffe21dbf000 	C:\WINDOWS\System32\sechost.dll
0x00007ffe210f0000 - 0x00007ffe21216000 	C:\WINDOWS\System32\RPCRT4.dll
0x00007ffe207e0000 - 0x00007ffe20807000 	C:\WINDOWS\System32\bcrypt.dll
0x00007ffe22230000 - 0x00007ffe223ce000 	C:\WINDOWS\System32\USER32.dll
0x00007ffe20e60000 - 0x00007ffe20e82000 	C:\WINDOWS\System32\win32u.dll
0x00007ffe09c30000 - 0x00007ffe09eca000 	C:\WINDOWS\WinSxS\amd64_microsoft.windows.common-controls_6595b64144ccf1df_6.0.19041.3636_none_60b6a03d71f818d5\COMCTL32.dll
0x00007ffe22fa0000 - 0x00007ffe22fcb000 	C:\WINDOWS\System32\GDI32.dll
0x00007ffe20bf0000 - 0x00007ffe20d07000 	C:\WINDOWS\System32\gdi32full.dll
0x00007ffe20d10000 - 0x00007ffe20dad000 	C:\WINDOWS\System32\msvcp_win.dll
0x00007ffe19e70000 - 0x00007ffe19e7a000 	C:\WINDOWS\SYSTEM32\VERSION.dll
0x00007ffe216a0000 - 0x00007ffe216d2000 	C:\WINDOWS\System32\IMM32.DLL
0x00007ffdce280000 - 0x00007ffdce31b000 	C:\Program Files\Java\jdk-14.0.2\bin\msvcp140.dll
0x00007ffd9e570000 - 0x00007ffd9f08e000 	C:\Program Files\Java\jdk-14.0.2\bin\server\jvm.dll
0x00007ffe21630000 - 0x00007ffe21638000 	C:\WINDOWS\System32\PSAPI.DLL
0x00007ffe1db50000 - 0x00007ffe1db59000 	C:\WINDOWS\SYSTEM32\WSOCK32.dll
0x00007ffe06670000 - 0x00007ffe06697000 	C:\WINDOWS\SYSTEM32\WINMM.dll
0x00007ffe21870000 - 0x00007ffe218db000 	C:\WINDOWS\System32\WS2_32.dll
0x00007ffe1efb0000 - 0x00007ffe1efc2000 	C:\WINDOWS\SYSTEM32\kernel.appcore.dll
0x00007ffe18b90000 - 0x00007ffe18b9a000 	C:\Program Files\Java\jdk-14.0.2\bin\jimage.dll
0x00007ffe1e520000 - 0x00007ffe1e704000 	C:\WINDOWS\SYSTEM32\DBGHELP.DLL
0x00007ffe003e0000 - 0x00007ffe00414000 	C:\WINDOWS\SYSTEM32\dbgcore.DLL
0x00007ffe20810000 - 0x00007ffe20892000 	C:\WINDOWS\System32\bcryptPrimitives.dll
0x00007ffe00ef0000 - 0x00007ffe00f15000 	C:\Program Files\Java\jdk-14.0.2\bin\java.dll
0x00007ffe08bf0000 - 0x00007ffe08c06000 	C:\Program Files\Java\jdk-14.0.2\bin\zip.dll
0x00007ffe22460000 - 0x00007ffe22ba5000 	C:\WINDOWS\System32\SHELL32.dll
0x00007ffe1e710000 - 0x00007ffe1eeac000 	C:\WINDOWS\SYSTEM32\windows.storage.dll
0x00007ffe21910000 - 0x00007ffe21c64000 	C:\WINDOWS\System32\combase.dll
0x00007ffe201a0000 - 0x00007ffe201ce000 	C:\WINDOWS\SYSTEM32\Wldp.dll
0x00007ffe216e0000 - 0x00007ffe217ad000 	C:\WINDOWS\System32\OLEAUT32.dll
0x00007ffe21c70000 - 0x00007ffe21d1d000 	C:\WINDOWS\System32\SHCORE.dll
0x00007ffe21810000 - 0x00007ffe21865000 	C:\WINDOWS\System32\shlwapi.dll
0x00007ffe206a0000 - 0x00007ffe206c5000 	C:\WINDOWS\SYSTEM32\profapi.dll
0x00007ffe01040000 - 0x00007ffe01059000 	C:\Program Files\Java\jdk-14.0.2\bin\net.dll
0x00007ffe16e50000 - 0x00007ffe16f5a000 	C:\WINDOWS\SYSTEM32\WINHTTP.dll
0x00007ffe1ff00000 - 0x00007ffe1ff6a000 	C:\WINDOWS\system32\mswsock.dll
0x00007ffe00ed0000 - 0x00007ffe00ee2000 	C:\Program Files\Java\jdk-14.0.2\bin\nio.dll
0x00007ffe188a0000 - 0x00007ffe188b0000 	C:\Program Files\Java\jdk-14.0.2\bin\verify.dll
0x00007ffddcd80000 - 0x00007ffddcda7000 	C:\Users\hp\.gradle\native\68d5fa5c4cc2d200863cafc0d521ce42e7d3e7ee720ec0a83991735586a16f82\windows-amd64\native-platform.dll
0x00007ffda3a00000 - 0x00007ffda3b44000 	C:\Users\hp\.gradle\native\e376f236ea51e6404a007f0833ffe2c6e607c4080706a723a18a27aeea778392\windows-amd64\native-platform-file-events.dll
0x00007ffe0b1c0000 - 0x00007ffe0b1c9000 	C:\Program Files\Java\jdk-14.0.2\bin\management.dll
0x00007ffe0a650000 - 0x00007ffe0a65b000 	C:\Program Files\Java\jdk-14.0.2\bin\management_ext.dll
0x00007ffe200f0000 - 0x00007ffe20108000 	C:\WINDOWS\SYSTEM32\CRYPTSP.dll
0x00007ffe1f7c0000 - 0x00007ffe1f7f4000 	C:\WINDOWS\system32\rsaenh.dll
0x00007ffe20660000 - 0x00007ffe2068e000 	C:\WINDOWS\SYSTEM32\USERENV.dll
0x00007ffe20110000 - 0x00007ffe2011c000 	C:\WINDOWS\SYSTEM32\CRYPTBASE.dll
0x00007ffe1fba0000 - 0x00007ffe1fbdb000 	C:\WINDOWS\SYSTEM32\IPHLPAPI.DLL
0x00007ffe21220000 - 0x00007ffe21228000 	C:\WINDOWS\System32\NSI.dll
0x00007ffe18300000 - 0x00007ffe18317000 	C:\WINDOWS\SYSTEM32\dhcpcsvc6.DLL
0x00007ffe18ca0000 - 0x00007ffe18cbd000 	C:\WINDOWS\SYSTEM32\dhcpcsvc.DLL
0x00007ffe1fbf0000 - 0x00007ffe1fcbb000 	C:\WINDOWS\SYSTEM32\DNSAPI.dll

dbghelp: loaded successfully - version: 4.0.5 - missing functions: none
symbol engine: initialized successfully - sym options: 0x614 - pdb path: .;C:\Program Files\Java\jdk-14.0.2\bin;C:\WINDOWS\SYSTEM32;C:\WINDOWS\WinSxS\amd64_microsoft.windows.common-controls_6595b64144ccf1df_6.0.19041.3636_none_60b6a03d71f818d5;C:\Program Files\Java\jdk-14.0.2\bin\server;C:\Users\hp\.gradle\native\68d5fa5c4cc2d200863cafc0d521ce42e7d3e7ee720ec0a83991735586a16f82\windows-amd64;C:\Users\hp\.gradle\native\e376f236ea51e6404a007f0833ffe2c6e607c4080706a723a18a27aeea778392\windows-amd64

VM Arguments:
jvm_args: --add-opens=java.base/java.util=ALL-UNNAMED --add-opens=java.base/java.lang=ALL-UNNAMED --add-opens=java.base/java.lang.invoke=ALL-UNNAMED --add-opens=java.prefs/java.util.prefs=ALL-UNNAMED --add-opens=java.base/java.nio.charset=ALL-UNNAMED --add-opens=java.base/java.net=ALL-UNNAMED --add-opens=java.base/java.util.concurrent.atomic=ALL-UNNAMED -XX:MaxMetaspaceSize=256m -XX:+HeapDumpOnOutOfMemoryError -Xms256m -Xmx512m -Dfile.encoding=windows-1252 -Duser.country=US -Duser.language=en -Duser.variant 
java_command: org.gradle.launcher.daemon.bootstrap.GradleDaemon 7.6.1
java_class_path (initial): C:\Users\hp\.gradle\wrapper\dists\gradle-7.6.1-bin\2clxi94ab3brv6467628wnxmd\gradle-7.6.1\lib\gradle-launcher-7.6.1.jar
Launcher Type: SUN_STANDARD

[Global flags]
     intx CICompilerCount                          = 4                                         {product} {ergonomic}
   size_t CompressedClassSpaceSize                 = 260046848                                 {product} {ergonomic}
     uint ConcGCThreads                            = 2                                         {product} {ergonomic}
     uint G1ConcRefinementThreads                  = 8                                         {product} {ergonomic}
   size_t G1HeapRegionSize                         = 1048576                                   {product} {ergonomic}
    uintx GCDrainStackTargetSize                   = 64                                        {product} {ergonomic}
     bool HeapDumpOnOutOfMemoryError               = true                                   {manageable} {command line}
   size_t InitialHeapSize                          = 268435456                                 {product} {command line}
   size_t MarkStackSize                            = 4194304                                   {product} {ergonomic}
   size_t MaxHeapSize                              = 536870912                                 {product} {command line}
   size_t MaxMetaspaceSize                         = 268435456                                 {product} {command line}
   size_t MaxNewSize                               = 321912832                                 {product} {ergonomic}
   size_t MinHeapDeltaBytes                        = 1048576                                   {product} {ergonomic}
   size_t MinHeapSize                              = 268435456                                 {product} {command line}
    uintx NonNMethodCodeHeapSize                   = 5839372                                {pd product} {ergonomic}
    uintx NonProfiledCodeHeapSize                  = 122909434                              {pd product} {ergonomic}
    uintx ProfiledCodeHeapSize                     = 122909434                              {pd product} {ergonomic}
    uintx ReservedCodeCacheSize                    = 251658240                              {pd product} {ergonomic}
     bool SegmentedCodeCache                       = true                                      {product} {ergonomic}
   size_t SoftMaxHeapSize                          = 536870912                              {manageable} {ergonomic}
     bool UseCompressedClassPointers               = true                                 {lp64_product} {ergonomic}
     bool UseCompressedOops                        = true                                 {lp64_product} {ergonomic}
     bool UseG1GC                                  = true                                      {product} {ergonomic}
     bool UseLargePagesIndividualAllocation        = false                                  {pd product} {ergonomic}

Logging:
Log output configuration:
 #0: stdout all=warning uptime,level,tags
 #1: stderr all=off uptime,level,tags

Environment Variables:
JAVA_HOME=C:\Program Files\Java\jdk11\bin
PATH=C:\Program Files\OpenLogic\jdk-11.0.23.9-hotspot\bin;D:\vmware\bin\;C:\ProgramData\Oracle\Java\javapath;C:\Windows\system32;C:\Windows;C:\Windows\System32\Wbem;C:\Windows\System32\WindowsPowerShell\v1.0\;C:\Windows\System32\OpenSSH\;C:\Program Files (x86)\NVIDIA Corporation\PhysX\Common;C:\Program Files\NVIDIA Corporation\NVIDIA NvDLISR;D:\runtime\win64;D:\bin;D:\Matalp\runtime\win64;D:\Matalp\bin;C:\Program Files\Microsoft\Web Platform Installer\;C:\Program Files (x86)\Microsoft ASP.NET\ASP.NET Web Pages\v1.0\;C:\Program Files (x86)\Windows Kits\8.0\Windows Performance Toolkit\;C:\Program Files\Microsoft SQL Server\110\Tools\Binn\;C:\src\flutter\bin;C:\WINDOWS\system32;C:\WINDOWS;C:\WINDOWS\System32\Wbem;C:\WINDOWS\System32\WindowsPowerShell\v1.0\;C:\WINDOWS\System32\OpenSSH\;C:\ProgramData\ComposerSetup\bin;C:\Program Files\Git\cmd;C:\ProgramData\chocolatey\bin;C:\Program Files (x86)\Microsoft SQL Server\150\DTS\Binn\;C:\Program Files\Microsoft SQL Server\Client SDK\ODBC\130\Tools\Binn\;C:\Program Files (x86)\Microsoft SQL Server\130\Tools\Binn\;C:\Program Files\Microsoft SQL Server\130\Tools\Binn\;C:\Program Files\Microsoft SQL Server\130\DTS\Binn\;C:\Program Files (x86)\nodejs\;C:\Program Files\Java\jdk11\bin;C:\Program Files\Java\jdk11\bin\bin;C:\Program Files\OpenLogic\jdk-11.0.23.9-hotspot\bin;D:\vmware\bin\;C:\ProgramData\Oracle\Java\javapath;C:\Windows\system32;C:\Windows;C:\Windows\System32\Wbem;C:\Windows\System32\WindowsPowerShell\v1.0\;C:\Windows\System32\OpenSSH\;C:\Program Files (x86)\NVIDIA Corporation\PhysX\Common;C:\Program Files\NVIDIA Corporation\NVIDIA NvDLISR;D:\runtime\win64;D:\bin;D:\Matalp\runtime\win64;D:\Matalp\bin;C:\Program Files\Microsoft\Web Platform Installer\;C:\Program Files (x86)\Microsoft ASP.NET\ASP.NET Web Pages\v1.0\;C:\Program Files (x86)\Windows Kits\8.0\Windows Performance Toolkit\;C:\Program Files\Microsoft SQL Server\110\Tools\Binn\;C:\src\flutter\bin;C:\WINDOWS\system32;C:\WINDOWS;C:\WINDOWS\System32\Wbem;C:\WINDOWS\Sys
USERNAME=hp
OS=Windows_NT
PROCESSOR_IDENTIFIER=Intel64 Family 6 Model 142 Stepping 12, GenuineIntel



---------------  S Y S T E M  ---------------

OS: Windows 10 , 64 bit Build 19041 (10.0.19041.3636)
OS uptime: 3 days 11:24 hours

CPU:total 8 (initial active 8) (4 cores per cpu, 2 threads per core) family 6 model 142 stepping 12, cmov, cx8, fxsr, mmx, sse, sse2, sse3, ssse3, sse4.1, sse4.2, popcnt, avx, avx2, aes, clmul, erms, 3dnowpref, lzcnt, ht, tsc, tscinvbit, bmi1, bmi2, adx, fma

Memory: 4k page, system-wide physical 12091M (545M free)
TotalPageFile size 18023M (AvailPageFile size 2M)
current process WorkingSet (physical memory assigned to process): 395M, peak: 453M
current process commit charge ("private bytes"): 483M, peak: 543M

vm_info: Java HotSpot(TM) 64-Bit Server VM (14.0.2+12-46) for windows-amd64 JRE (14.0.2+12-46), built on Jul  9 2020 00:35:52 by "mach5one" with MS VC++ 15.9 (VS2017)

END.
