#
# There is insufficient memory for the Java Runtime Environment to continue.
# Native memory allocation (malloc) failed to allocate 1175520 bytes for Chunk::new
# Possible reasons:
#   The system is out of physical RAM or swap space
#   The process is running with CompressedOops enabled, and the Java Heap may be blocking the growth of the native heap
# Possible solutions:
#   Reduce memory load on the system
#   Increase physical memory or swap space
#   Check if swap backing store is full
#   Decrease Java heap size (-Xmx/-Xms)
#   Decrease number of Java threads
#   Decrease Java thread stack sizes (-Xss)
#   Set larger code cache with -XX:ReservedCodeCacheSize=
#   JVM is running with Unscaled Compressed Oops mode in which the Java heap is
#     placed in the first 4GB address space. The Java Heap base address is the
#     maximum limit for the native heap growth. Please use -XX:HeapBaseMinAddress
#     to set the Java Heap base and to place the Java Heap above 4GB virtual address.
# This output file may be truncated or incomplete.
#
#  Out of Memory Error (./open/src/hotspot/share/memory/arena.cpp:195), pid=15484, tid=12968
#
# JRE version: Java(TM) SE Runtime Environment (14.0.2+12) (build 14.0.2+12-46)
# Java VM: Java HotSpot(TM) 64-Bit Server VM (14.0.2+12-46, mixed mode, sharing, tiered, compressed oops, g1 gc, windows-amd64)
# No core dump will be written. Minidumps are not enabled by default on client versions of Windows
#

---------------  S U M M A R Y ------------

Command Line: --add-opens=java.base/java.util=ALL-UNNAMED --add-opens=java.base/java.lang=ALL-UNNAMED --add-opens=java.base/java.lang.invoke=ALL-UNNAMED --add-opens=java.prefs/java.util.prefs=ALL-UNNAMED --add-opens=java.base/java.nio.charset=ALL-UNNAMED --add-opens=java.base/java.net=ALL-UNNAMED --add-opens=java.base/java.util.concurrent.atomic=ALL-UNNAMED -XX:MaxMetaspaceSize=256m -XX:+HeapDumpOnOutOfMemoryError -Xms256m -Xmx512m -Dfile.encoding=windows-1252 -Duser.country=US -Duser.language=en -Duser.variant org.gradle.launcher.daemon.bootstrap.GradleDaemon 7.6.1

Host: Intel(R) Core(TM) i5-10210U CPU @ 1.60GHz, 8 cores, 11G,  Windows 10 , 64 bit Build 19041 (10.0.19041.3636)
Time: Sun May 19 13:58:11 2024 Syria Standard Time elapsed time: 14 seconds (0d 0h 0m 14s)

---------------  T H R E A D  ---------------

Current thread (0x00000245d3dc7000):  JavaThread "C2 CompilerThread1" daemon [_thread_in_native, id=12968, stack(0x000000b255400000,0x000000b255500000)]


Current CompileTask:
C2:  14056 5699   !   4       io.spring.gradle.dependencymanagement.org.apache.maven.model.interpolation.StringSearchModelInterpolator$InterpolateObjectAction::interpolateField (241 bytes)

Stack: [0x000000b255400000,0x000000b255500000]
Native frames: (J=compiled Java code, j=interpreted, Vv=VM code, C=native code)
V  [jvm.dll+0x5f8a9a]
V  [jvm.dll+0x74247a]
V  [jvm.dll+0x743c2f]
V  [jvm.dll+0x744273]
V  [jvm.dll+0x20d288]
V  [jvm.dll+0xabb07]
V  [jvm.dll+0xac1fc]
V  [jvm.dll+0x31c495]
V  [jvm.dll+0x2e6b38]
V  [jvm.dll+0x2e5f3a]
V  [jvm.dll+0x1e5e16]
V  [jvm.dll+0x1e50b8]
V  [jvm.dll+0x1779cc]
V  [jvm.dll+0x1f4105]
V  [jvm.dll+0x1f22eb]
V  [jvm.dll+0x7070cd]
V  [jvm.dll+0x6ffeda]
V  [jvm.dll+0x5f78f6]
C  [ucrtbase.dll+0x21bb2]
C  [KERNEL32.DLL+0x17344]
C  [ntdll.dll+0x526b1]


---------------  P R O C E S S  ---------------

Threads class SMR info:
_java_thread_list=0x00000245d4b3c4c0, length=117, elements={
0x00000245b0216800, 0x00000245cd966800, 0x00000245cd968000, 0x00000245cd983000,
0x00000245cd986800, 0x00000245cd98a000, 0x00000245cd9ab800, 0x00000245cd9b4000,
0x00000245cd9b5000, 0x00000245ce404000, 0x00000245ce425800, 0x00000245d0425000,
0x00000245cfdc5800, 0x00000245cff0a800, 0x00000245cffca800, 0x00000245cff5c000,
0x00000245cff5d000, 0x00000245cfda9800, 0x00000245d0525000, 0x00000245d0521800,
0x00000245d0525800, 0x00000245d0524000, 0x00000245d0522800, 0x00000245d0526800,
0x00000245d0521000, 0x00000245d0527800, 0x00000245d0523000, 0x00000245d198f800,
0x00000245d198f000, 0x00000245d1996000, 0x00000245d1992000, 0x00000245d1993800,
0x00000245d1994800, 0x00000245d1993000, 0x00000245d1990800, 0x00000245d3dc7000,
0x00000245d1997000, 0x00000245d1991800, 0x00000245d1998800, 0x00000245d1998000,
0x00000245d199a800, 0x00000245d1999800, 0x00000245d199c800, 0x00000245d199b000,
0x00000245d199c000, 0x00000245d199d800, 0x00000245d392f000, 0x00000245d392e000,
0x00000245d3931800, 0x00000245d3933000, 0x00000245d392d800, 0x00000245d3935800,
0x00000245d3932000, 0x00000245d3934000, 0x00000245d3930000, 0x00000245d3936800,
0x00000245d3930800, 0x00000245d3939800, 0x00000245d3937000, 0x00000245d3934800,
0x00000245d393b000, 0x00000245d3938000, 0x00000245d3939000, 0x00000245d393a800,
0x00000245d393c000, 0x00000245d5115800, 0x00000245d5112800, 0x00000245d5117000,
0x00000245d5113000, 0x00000245d5114800, 0x00000245d5111800, 0x00000245d5118000,
0x00000245d5114000, 0x00000245d511c000, 0x00000245d5116800, 0x00000245d511e800,
0x00000245d511d000, 0x00000245d5119000, 0x00000245d5119800, 0x00000245d511f800,
0x00000245d511d800, 0x00000245d511a800, 0x00000245d511b800, 0x00000245d5120000,
0x00000245d3e3e800, 0x00000245d3e3f800, 0x00000245d3e3d800, 0x00000245d3e3d000,
0x00000245d3e44000, 0x00000245d3e45000, 0x00000245d3e46000, 0x00000245d3e42800,
0x00000245d3e40000, 0x00000245d3e46800, 0x00000245d3e41800, 0x00000245d3e43800,
0x00000245d3e41000, 0x00000245d3e48800, 0x00000245d3e49000, 0x00000245d3e47800,
0x00000245d3e4a800, 0x00000245d3e4a000, 0x00000245d3e4b800, 0x00000245d4b30000,
0x00000245d4b2c000, 0x00000245d4b31800, 0x00000245d4b32800, 0x00000245d4b2e800,
0x00000245d4b30800, 0x00000245d4b2c800, 0x00000245d4b2d800, 0x00000245d4b33000,
0x00000245d4b35000, 0x00000245d4b2f000, 0x00000245d4b35800, 0x00000245d4b39000,
0x00000245d4b34000
}

Java Threads: ( => current thread )
  0x00000245b0216800 JavaThread "main" [_thread_blocked, id=9264, stack(0x000000b252200000,0x000000b252300000)]
  0x00000245cd966800 JavaThread "Reference Handler" daemon [_thread_blocked, id=13784, stack(0x000000b252900000,0x000000b252a00000)]
  0x00000245cd968000 JavaThread "Finalizer" daemon [_thread_blocked, id=9352, stack(0x000000b252a00000,0x000000b252b00000)]
  0x00000245cd983000 JavaThread "Signal Dispatcher" daemon [_thread_blocked, id=24720, stack(0x000000b252b00000,0x000000b252c00000)]
  0x00000245cd986800 JavaThread "Attach Listener" daemon [_thread_blocked, id=7752, stack(0x000000b252c00000,0x000000b252d00000)]
  0x00000245cd98a000 JavaThread "Service Thread" daemon [_thread_blocked, id=16680, stack(0x000000b252d00000,0x000000b252e00000)]
  0x00000245cd9ab800 JavaThread "C2 CompilerThread0" daemon [_thread_in_native, id=20628, stack(0x000000b252e00000,0x000000b252f00000)]
  0x00000245cd9b4000 JavaThread "C1 CompilerThread0" daemon [_thread_in_native, id=25148, stack(0x000000b252f00000,0x000000b253000000)]
  0x00000245cd9b5000 JavaThread "Sweeper thread" daemon [_thread_blocked, id=15176, stack(0x000000b253000000,0x000000b253100000)]
  0x00000245ce404000 JavaThread "Common-Cleaner" daemon [_thread_blocked, id=10756, stack(0x000000b253100000,0x000000b253200000)]
  0x00000245ce425800 JavaThread "Notification Thread" daemon [_thread_blocked, id=18236, stack(0x000000b253200000,0x000000b253300000)]
  0x00000245d0425000 JavaThread "Daemon health stats" [_thread_blocked, id=20920, stack(0x000000b253a00000,0x000000b253b00000)]
  0x00000245cfdc5800 JavaThread "Incoming local TCP Connector on port 61400" [_thread_in_native, id=24724, stack(0x000000b253b00000,0x000000b253c00000)]
  0x00000245cff0a800 JavaThread "Daemon periodic checks" [_thread_blocked, id=6092, stack(0x000000b253c00000,0x000000b253d00000)]
  0x00000245cffca800 JavaThread "Daemon" [_thread_blocked, id=25572, stack(0x000000b253d00000,0x000000b253e00000)]
  0x00000245cff5c000 JavaThread "Handler for socket connection from /127.0.0.1:61400 to /127.0.0.1:61401" [_thread_in_native, id=13264, stack(0x000000b253e00000,0x000000b253f00000)]
  0x00000245cff5d000 JavaThread "Cancel handler" [_thread_blocked, id=12088, stack(0x000000b253f00000,0x000000b254000000)]
  0x00000245cfda9800 JavaThread "Daemon worker" [_thread_blocked, id=19488, stack(0x000000b254000000,0x000000b254100000)]
  0x00000245d0525000 JavaThread "Asynchronous log dispatcher for DefaultDaemonConnection: socket connection from /127.0.0.1:61400 to /127.0.0.1:61401" [_thread_blocked, id=5864, stack(0x000000b254100000,0x000000b254200000)]
  0x00000245d0521800 JavaThread "Stdin handler" [_thread_blocked, id=20536, stack(0x000000b254200000,0x000000b254300000)]
  0x00000245d0525800 JavaThread "Daemon client event forwarder" [_thread_blocked, id=17820, stack(0x000000b254300000,0x000000b254400000)]
  0x00000245d0524000 JavaThread "Cache worker for journal cache (C:\Users\hp\.gradle\caches\journal-1)" [_thread_blocked, id=6672, stack(0x000000b254400000,0x000000b254500000)]
  0x00000245d0522800 JavaThread "File lock request listener" [_thread_in_native, id=17784, stack(0x000000b254500000,0x000000b254600000)]
  0x00000245d0526800 JavaThread "Cache worker for file hash cache (C:\Users\hp\.gradle\caches\7.6.1\fileHashes)" [_thread_blocked, id=24288, stack(0x000000b254600000,0x000000b254700000)]
  0x00000245d0521000 JavaThread "File watcher server" daemon [_thread_in_native, id=17300, stack(0x000000b253400000,0x000000b253500000)]
  0x00000245d0527800 JavaThread "File watcher consumer" daemon [_thread_blocked, id=23844, stack(0x000000b254900000,0x000000b254a00000)]
  0x00000245d0523000 JavaThread "Cache worker for checksums cache (D:\Distributed Systems Proj\Distrubited_2\auth_service\.gradle\7.6.1\checksums)" [_thread_blocked, id=21768, stack(0x000000b254a00000,0x000000b254b00000)]
  0x00000245d198f800 JavaThread "Cache worker for cache directory md-rule (C:\Users\hp\.gradle\caches\7.6.1\md-rule)" [_thread_blocked, id=11312, stack(0x000000b254b00000,0x000000b254c00000)]
  0x00000245d198f000 JavaThread "Cache worker for file content cache (C:\Users\hp\.gradle\caches\7.6.1\fileContent)" [_thread_blocked, id=18632, stack(0x000000b254e00000,0x000000b254f00000)]
  0x00000245d1996000 JavaThread "Cache worker for file hash cache (D:\Distributed Systems Proj\Distrubited_2\auth_service\.gradle\7.6.1\fileHashes)" [_thread_blocked, id=19744, stack(0x000000b254f00000,0x000000b255000000)]
  0x00000245d1992000 JavaThread "Cache worker for cache directory md-supplier (C:\Users\hp\.gradle\caches\7.6.1\md-supplier)" [_thread_blocked, id=2604, stack(0x000000b255000000,0x000000b255100000)]
  0x00000245d1993800 JavaThread "Cache worker for execution history cache (C:\Users\hp\.gradle\caches\7.6.1\executionHistory)" [_thread_blocked, id=18976, stack(0x000000b254c00000,0x000000b254d00000)]
  0x00000245d1994800 JavaThread "jar transforms" [_thread_blocked, id=13284, stack(0x000000b255100000,0x000000b255200000)]
  0x00000245d1993000 JavaThread "jar transforms Thread 2" [_thread_blocked, id=10664, stack(0x000000b255300000,0x000000b255400000)]
  0x00000245d1990800 JavaThread "jar transforms Thread 3" [_thread_blocked, id=25564, stack(0x000000b255200000,0x000000b255300000)]
=>0x00000245d3dc7000 JavaThread "C2 CompilerThread1" daemon [_thread_in_native, id=12968, stack(0x000000b255400000,0x000000b255500000)]
  0x00000245d1997000 JavaThread "jar transforms Thread 4" [_thread_blocked, id=13356, stack(0x000000b255500000,0x000000b255600000)]
  0x00000245d1991800 JavaThread "jar transforms Thread 5" [_thread_blocked, id=16528, stack(0x000000b255600000,0x000000b255700000)]
  0x00000245d1998800 JavaThread "jar transforms Thread 6" [_thread_blocked, id=4464, stack(0x000000b255700000,0x000000b255800000)]
  0x00000245d1998000 JavaThread "jar transforms Thread 7" [_thread_blocked, id=24160, stack(0x000000b255800000,0x000000b255900000)]
  0x00000245d199a800 JavaThread "jar transforms Thread 8" [_thread_blocked, id=14856, stack(0x000000b255900000,0x000000b255a00000)]
  0x00000245d1999800 JavaThread "Cache worker for dependencies-accessors (D:\Distributed Systems Proj\Distrubited_2\auth_service\.gradle\7.6.1\dependencies-accessors)" [_thread_blocked, id=24140, stack(0x000000b255a00000,0x000000b255b00000)]
  0x00000245d199c800 JavaThread "Cache worker for Build Output Cleanup Cache (D:\Distributed Systems Proj\Distrubited_2\auth_service\.gradle\buildOutputCleanup)" [_thread_blocked, id=5820, stack(0x000000b255b00000,0x000000b255c00000)]
  0x00000245d199b000 JavaThread "Unconstrained build operations" [_thread_blocked, id=16420, stack(0x000000b255c00000,0x000000b255d00000)]
  0x00000245d199c000 JavaThread "Unconstrained build operations Thread 2" [_thread_blocked, id=11148, stack(0x000000b255d00000,0x000000b255e00000)]
  0x00000245d199d800 JavaThread "Unconstrained build operations Thread 3" [_thread_blocked, id=22424, stack(0x000000b255e00000,0x000000b255f00000)]
  0x00000245d392f000 JavaThread "Unconstrained build operations Thread 4" [_thread_blocked, id=13080, stack(0x000000b255f00000,0x000000b256000000)]
  0x00000245d392e000 JavaThread "Unconstrained build operations Thread 5" [_thread_blocked, id=22180, stack(0x000000b256000000,0x000000b256100000)]
  0x00000245d3931800 JavaThread "Unconstrained build operations Thread 6" [_thread_blocked, id=1584, stack(0x000000b256100000,0x000000b256200000)]
  0x00000245d3933000 JavaThread "Unconstrained build operations Thread 7" [_thread_blocked, id=11380, stack(0x000000b256200000,0x000000b256300000)]
  0x00000245d392d800 JavaThread "Unconstrained build operations Thread 8" [_thread_blocked, id=2324, stack(0x000000b256300000,0x000000b256400000)]
  0x00000245d3935800 JavaThread "Unconstrained build operations Thread 9" [_thread_blocked, id=22692, stack(0x000000b256400000,0x000000b256500000)]
  0x00000245d3932000 JavaThread "Unconstrained build operations Thread 10" [_thread_blocked, id=8980, stack(0x000000b256500000,0x000000b256600000)]
  0x00000245d3934000 JavaThread "Unconstrained build operations Thread 11" [_thread_blocked, id=9016, stack(0x000000b256600000,0x000000b256700000)]
  0x00000245d3930000 JavaThread "Unconstrained build operations Thread 12" [_thread_blocked, id=4996, stack(0x000000b256700000,0x000000b256800000)]
  0x00000245d3936800 JavaThread "Unconstrained build operations Thread 13" [_thread_blocked, id=21120, stack(0x000000b256800000,0x000000b256900000)]
  0x00000245d3930800 JavaThread "Unconstrained build operations Thread 14" [_thread_blocked, id=9396, stack(0x000000b256900000,0x000000b256a00000)]
  0x00000245d3939800 JavaThread "Unconstrained build operations Thread 15" [_thread_blocked, id=14184, stack(0x000000b256a00000,0x000000b256b00000)]
  0x00000245d3937000 JavaThread "Unconstrained build operations Thread 16" [_thread_blocked, id=19824, stack(0x000000b256b00000,0x000000b256c00000)]
  0x00000245d3934800 JavaThread "Unconstrained build operations Thread 17" [_thread_blocked, id=17860, stack(0x000000b256c00000,0x000000b256d00000)]
  0x00000245d393b000 JavaThread "Unconstrained build operations Thread 18" [_thread_blocked, id=23164, stack(0x000000b256d00000,0x000000b256e00000)]
  0x00000245d3938000 JavaThread "Memory manager" [_thread_blocked, id=16844, stack(0x000000b256e00000,0x000000b256f00000)]
  0x00000245d3939000 JavaThread "included builds" [_thread_blocked, id=13456, stack(0x000000b257000000,0x000000b257100000)]
  0x00000245d393a800 JavaThread "Execution worker" [_thread_blocked, id=12276, stack(0x000000b257100000,0x000000b257200000)]
  0x00000245d393c000 JavaThread "Execution worker Thread 2" [_thread_blocked, id=24320, stack(0x000000b257200000,0x000000b257300000)]
  0x00000245d5115800 JavaThread "Execution worker Thread 3" [_thread_in_Java, id=19208, stack(0x000000b257300000,0x000000b257400000)]
  0x00000245d5112800 JavaThread "Execution worker Thread 4" [_thread_blocked, id=10900, stack(0x000000b257400000,0x000000b257500000)]
  0x00000245d5117000 JavaThread "Execution worker Thread 5" [_thread_blocked, id=2184, stack(0x000000b257500000,0x000000b257600000)]
  0x00000245d5113000 JavaThread "Execution worker Thread 6" [_thread_blocked, id=22468, stack(0x000000b257600000,0x000000b257700000)]
  0x00000245d5114800 JavaThread "Execution worker Thread 7" [_thread_blocked, id=22508, stack(0x000000b257700000,0x000000b257800000)]
  0x00000245d5111800 JavaThread "Cache worker for execution history cache (D:\Distributed Systems Proj\Distrubited_2\auth_service\.gradle\7.6.1\executionHistory)" [_thread_blocked, id=10752, stack(0x000000b257800000,0x000000b257900000)]
  0x00000245d5118000 JavaThread "Unconstrained build operations Thread 19" [_thread_blocked, id=17496, stack(0x000000b257900000,0x000000b257a00000)]
  0x00000245d5114000 JavaThread "Unconstrained build operations Thread 20" [_thread_blocked, id=15204, stack(0x000000b257a00000,0x000000b257b00000)]
  0x00000245d511c000 JavaThread "Unconstrained build operations Thread 21" [_thread_blocked, id=22308, stack(0x000000b257b00000,0x000000b257c00000)]
  0x00000245d5116800 JavaThread "Unconstrained build operations Thread 22" [_thread_blocked, id=2112, stack(0x000000b257c00000,0x000000b257d00000)]
  0x00000245d511e800 JavaThread "Unconstrained build operations Thread 23" [_thread_blocked, id=11868, stack(0x000000b257d00000,0x000000b257e00000)]
  0x00000245d511d000 JavaThread "Unconstrained build operations Thread 24" [_thread_blocked, id=24540, stack(0x000000b257e00000,0x000000b257f00000)]
  0x00000245d5119000 JavaThread "Unconstrained build operations Thread 25" [_thread_blocked, id=13152, stack(0x000000b257f00000,0x000000b258000000)]
  0x00000245d5119800 JavaThread "Unconstrained build operations Thread 26" [_thread_blocked, id=19440, stack(0x000000b258000000,0x000000b258100000)]
  0x00000245d511f800 JavaThread "Unconstrained build operations Thread 27" [_thread_blocked, id=22236, stack(0x000000b258100000,0x000000b258200000)]
  0x00000245d511d800 JavaThread "Unconstrained build operations Thread 28" [_thread_blocked, id=23156, stack(0x000000b258200000,0x000000b258300000)]
  0x00000245d511a800 JavaThread "Unconstrained build operations Thread 29" [_thread_blocked, id=9104, stack(0x000000b258300000,0x000000b258400000)]
  0x00000245d511b800 JavaThread "Unconstrained build operations Thread 30" [_thread_blocked, id=18864, stack(0x000000b258400000,0x000000b258500000)]
  0x00000245d5120000 JavaThread "Unconstrained build operations Thread 31" [_thread_blocked, id=22064, stack(0x000000b258500000,0x000000b258600000)]
  0x00000245d3e3e800 JavaThread "Unconstrained build operations Thread 32" [_thread_blocked, id=12356, stack(0x000000b258600000,0x000000b258700000)]
  0x00000245d3e3f800 JavaThread "Unconstrained build operations Thread 33" [_thread_blocked, id=18740, stack(0x000000b258700000,0x000000b258800000)]
  0x00000245d3e3d800 JavaThread "Unconstrained build operations Thread 34" [_thread_blocked, id=17280, stack(0x000000b258800000,0x000000b258900000)]
  0x00000245d3e3d000 JavaThread "Unconstrained build operations Thread 35" [_thread_blocked, id=16804, stack(0x000000b258900000,0x000000b258a00000)]
  0x00000245d3e44000 JavaThread "Unconstrained build operations Thread 36" [_thread_blocked, id=6036, stack(0x000000b258a00000,0x000000b258b00000)]
  0x00000245d3e45000 JavaThread "Unconstrained build operations Thread 37" [_thread_blocked, id=6568, stack(0x000000b258b00000,0x000000b258c00000)]
  0x00000245d3e46000 JavaThread "Unconstrained build operations Thread 38" [_thread_blocked, id=18328, stack(0x000000b258c00000,0x000000b258d00000)]
  0x00000245d3e42800 JavaThread "Unconstrained build operations Thread 39" [_thread_blocked, id=10428, stack(0x000000b258d00000,0x000000b258e00000)]
  0x00000245d3e40000 JavaThread "Unconstrained build operations Thread 40" [_thread_blocked, id=3208, stack(0x000000b258e00000,0x000000b258f00000)]
  0x00000245d3e46800 JavaThread "Unconstrained build operations Thread 41" [_thread_blocked, id=24556, stack(0x000000b258f00000,0x000000b259000000)]
  0x00000245d3e41800 JavaThread "Unconstrained build operations Thread 42" [_thread_blocked, id=21312, stack(0x000000b259000000,0x000000b259100000)]
  0x00000245d3e43800 JavaThread "Unconstrained build operations Thread 43" [_thread_blocked, id=13064, stack(0x000000b259100000,0x000000b259200000)]
  0x00000245d3e41000 JavaThread "Unconstrained build operations Thread 44" [_thread_blocked, id=21292, stack(0x000000b259200000,0x000000b259300000)]
  0x00000245d3e48800 JavaThread "Unconstrained build operations Thread 45" [_thread_blocked, id=13132, stack(0x000000b259300000,0x000000b259400000)]
  0x00000245d3e49000 JavaThread "Unconstrained build operations Thread 46" [_thread_blocked, id=10064, stack(0x000000b259400000,0x000000b259500000)]
  0x00000245d3e47800 JavaThread "Unconstrained build operations Thread 47" [_thread_blocked, id=1724, stack(0x000000b259500000,0x000000b259600000)]
  0x00000245d3e4a800 JavaThread "Unconstrained build operations Thread 48" [_thread_blocked, id=20776, stack(0x000000b259600000,0x000000b259700000)]
  0x00000245d3e4a000 JavaThread "Unconstrained build operations Thread 49" [_thread_blocked, id=21016, stack(0x000000b259700000,0x000000b259800000)]
  0x00000245d3e4b800 JavaThread "Unconstrained build operations Thread 50" [_thread_blocked, id=16288, stack(0x000000b259800000,0x000000b259900000)]
  0x00000245d4b30000 JavaThread "Unconstrained build operations Thread 51" [_thread_blocked, id=12364, stack(0x000000b259900000,0x000000b259a00000)]
  0x00000245d4b2c000 JavaThread "Unconstrained build operations Thread 52" [_thread_blocked, id=11424, stack(0x000000b259a00000,0x000000b259b00000)]
  0x00000245d4b31800 JavaThread "Unconstrained build operations Thread 53" [_thread_blocked, id=13300, stack(0x000000b259b00000,0x000000b259c00000)]
  0x00000245d4b32800 JavaThread "Unconstrained build operations Thread 54" [_thread_blocked, id=19448, stack(0x000000b259c00000,0x000000b259d00000)]
  0x00000245d4b2e800 JavaThread "Unconstrained build operations Thread 55" [_thread_blocked, id=2200, stack(0x000000b259d00000,0x000000b259e00000)]
  0x00000245d4b30800 JavaThread "Unconstrained build operations Thread 56" [_thread_blocked, id=17396, stack(0x000000b259e00000,0x000000b259f00000)]
  0x00000245d4b2c800 JavaThread "Unconstrained build operations Thread 57" [_thread_blocked, id=24808, stack(0x000000b259f00000,0x000000b25a000000)]
  0x00000245d4b2d800 JavaThread "Unconstrained build operations Thread 58" [_thread_blocked, id=21148, stack(0x000000b25a000000,0x000000b25a100000)]
  0x00000245d4b33000 JavaThread "Unconstrained build operations Thread 59" [_thread_blocked, id=20688, stack(0x000000b25a100000,0x000000b25a200000)]
  0x00000245d4b35000 JavaThread "Unconstrained build operations Thread 60" [_thread_blocked, id=22176, stack(0x000000b25a200000,0x000000b25a300000)]
  0x00000245d4b2f000 JavaThread "Unconstrained build operations Thread 61" [_thread_blocked, id=16860, stack(0x000000b25a300000,0x000000b25a400000)]
  0x00000245d4b35800 JavaThread "Unconstrained build operations Thread 62" [_thread_blocked, id=20896, stack(0x000000b25a400000,0x000000b25a500000)]
  0x00000245d4b39000 JavaThread "Unconstrained build operations Thread 63" [_thread_blocked, id=20096, stack(0x000000b25a500000,0x000000b25a600000)]
  0x00000245d4b34000 JavaThread "Unconstrained build operations Thread 64" [_thread_blocked, id=11128, stack(0x000000b25a600000,0x000000b25a700000)]

Other Threads:
  0x00000245cd962000 VMThread "VM Thread" [stack: 0x000000b252800000,0x000000b252900000] [id=536]
  0x00000245ce428000 WatcherThread [stack: 0x000000b253300000,0x000000b253400000] [id=13208]
  0x00000245b023e800 GCTaskThread "GC Thread#0" [stack: 0x000000b252300000,0x000000b252400000] [id=19160]
  0x00000245ce949000 GCTaskThread "GC Thread#1" [stack: 0x000000b253500000,0x000000b253600000] [id=10496]
  0x00000245cef0f000 GCTaskThread "GC Thread#2" [stack: 0x000000b253600000,0x000000b253700000] [id=14692]
  0x00000245cef10000 GCTaskThread "GC Thread#3" [stack: 0x000000b253700000,0x000000b253800000] [id=19640]
  0x00000245cf322000 GCTaskThread "GC Thread#4" [stack: 0x000000b253800000,0x000000b253900000] [id=21576]
  0x00000245cf322800 GCTaskThread "GC Thread#5" [stack: 0x000000b253900000,0x000000b253a00000] [id=10908]
  0x00000245d3810000 GCTaskThread "GC Thread#6" [stack: 0x000000b254700000,0x000000b254800000] [id=25344]
  0x00000245d0db8800 GCTaskThread "GC Thread#7" [stack: 0x000000b254800000,0x000000b254900000] [id=12936]
  0x00000245b0244000 ConcurrentGCThread "G1 Main Marker" [stack: 0x000000b252400000,0x000000b252500000] [id=8992]
  0x00000245b0245800 ConcurrentGCThread "G1 Conc#0" [stack: 0x000000b252500000,0x000000b252600000] [id=3916]
  0x00000245d37bf800 ConcurrentGCThread "G1 Conc#1" [stack: 0x000000b254d00000,0x000000b254e00000] [id=7400]
  0x00000245cd810800 ConcurrentGCThread "G1 Refine#0" [stack: 0x000000b252600000,0x000000b252700000] [id=18692]
  0x00000245d1ba9800 ConcurrentGCThread "G1 Refine#1" [stack: 0x000000b256f00000,0x000000b257000000] [id=11332]
  0x00000245b02ed800 ConcurrentGCThread "G1 Young RemSet Sampling" [stack: 0x000000b252700000,0x000000b252800000] [id=5140]

Threads with active compile tasks:
C2 CompilerThread0    14093 5826   !   4       io.spring.gradle.dependencymanagement.org.apache.maven.model.interpolation.StringSearchModelInterpolator$InterpolateObjectAction::traverseObjectWithParents (118 bytes)
C2 CompilerThread1    14093 5699   !   4       io.spring.gradle.dependencymanagement.org.apache.maven.model.interpolation.StringSearchModelInterpolator$InterpolateObjectAction::interpolateField (241 bytes)

VM state:not at safepoint (normal execution)

VM Mutex/Monitor currently owned by a thread: None

Heap address: 0x00000000e0000000, size: 512 MB, Compressed Oops mode: 32-bit
Narrow klass base: 0x0000000800000000, Narrow klass shift: 3
Compressed class space size: 260046848 Address: 0x0000000800b30000

Heap:
 garbage-first heap   total 262144K, used 160152K [0x00000000e0000000, 0x0000000100000000)
  region size 1024K, 140 young (143360K), 17 survivors (17408K)
 Metaspace       used 51122K, capacity 53110K, committed 53164K, reserved 301056K
  class space    used 7183K, capacity 7912K, committed 7936K, reserved 253952K
Heap Regions: E=young(eden), S=young(survivor), O=old, HS=humongous(starts), HC=humongous(continues), CS=collection set, F=free, OA=open archive, CA=closed archive, TAMS=top-at-mark-start (previous, next)
|   0|0x00000000e0000000, 0x00000000e0100000, 0x00000000e0100000|100%|HS|  |TAMS 0x00000000e0100000, 0x00000000e0000000| Complete 
|   1|0x00000000e0100000, 0x00000000e0200000, 0x00000000e0200000|100%|HC|  |TAMS 0x00000000e0200000, 0x00000000e0100000| Complete 
|   2|0x00000000e0200000, 0x00000000e0300000, 0x00000000e0300000|100%|HC|  |TAMS 0x00000000e0300000, 0x00000000e0200000| Complete 
|   3|0x00000000e0300000, 0x00000000e0400000, 0x00000000e0400000|100%| O|  |TAMS 0x00000000e0400000, 0x00000000e0300000| Untracked 
|   4|0x00000000e0400000, 0x00000000e0500000, 0x00000000e0500000|100%| O|  |TAMS 0x00000000e0500000, 0x00000000e0400000| Untracked 
|   5|0x00000000e0500000, 0x00000000e0600000, 0x00000000e0600000|100%| O|  |TAMS 0x00000000e0600000, 0x00000000e0500000| Untracked 
|   6|0x00000000e0600000, 0x00000000e0700000, 0x00000000e0700000|100%| O|  |TAMS 0x00000000e0700000, 0x00000000e0600000| Untracked 
|   7|0x00000000e0700000, 0x00000000e0800000, 0x00000000e0800000|100%| O|  |TAMS 0x00000000e0800000, 0x00000000e0700000| Untracked 
|   8|0x00000000e0800000, 0x00000000e0900000, 0x00000000e0900000|100%| O|  |TAMS 0x00000000e0900000, 0x00000000e0800000| Untracked 
|   9|0x00000000e0900000, 0x00000000e0a00000, 0x00000000e0a00000|100%| O|  |TAMS 0x00000000e091b200, 0x00000000e0900000| Untracked 
|  10|0x00000000e0a00000, 0x00000000e0a00000, 0x00000000e0b00000|  0%| F|  |TAMS 0x00000000e0a00000, 0x00000000e0a00000| Untracked 
|  11|0x00000000e0b00000, 0x00000000e0c00000, 0x00000000e0c00000|100%| O|  |TAMS 0x00000000e0b00000, 0x00000000e0b00000| Untracked 
|  12|0x00000000e0c00000, 0x00000000e0d00000, 0x00000000e0d00000|100%| O|  |TAMS 0x00000000e0c00000, 0x00000000e0c00000| Untracked 
|  13|0x00000000e0d00000, 0x00000000e0e00000, 0x00000000e0e00000|100%| O|  |TAMS 0x00000000e0d00000, 0x00000000e0d00000| Untracked 
|  14|0x00000000e0e00000, 0x00000000e0f00000, 0x00000000e0f00000|100%| O|  |TAMS 0x00000000e0e00000, 0x00000000e0e00000| Untracked 
|  15|0x00000000e0f00000, 0x00000000e1000000, 0x00000000e1000000|100%| O|  |TAMS 0x00000000e0f00000, 0x00000000e0f00000| Untracked 
|  16|0x00000000e1000000, 0x00000000e1100000, 0x00000000e1100000|100%| O|  |TAMS 0x00000000e1000000, 0x00000000e1000000| Untracked 
|  17|0x00000000e1100000, 0x00000000e1200000, 0x00000000e1200000|100%| O|  |TAMS 0x00000000e1100000, 0x00000000e1100000| Untracked 
|  18|0x00000000e1200000, 0x00000000e1300000, 0x00000000e1300000|100%| O|  |TAMS 0x00000000e1200000, 0x00000000e1200000| Untracked 
|  19|0x00000000e1300000, 0x00000000e1400000, 0x00000000e1400000|100%| O|  |TAMS 0x00000000e1300000, 0x00000000e1300000| Untracked 
|  20|0x00000000e1400000, 0x00000000e140ca00, 0x00000000e1500000|  4%| O|  |TAMS 0x00000000e1400000, 0x00000000e1400000| Untracked 
|  21|0x00000000e1500000, 0x00000000e1500000, 0x00000000e1600000|  0%| F|  |TAMS 0x00000000e1500000, 0x00000000e1500000| Untracked 
|  22|0x00000000e1600000, 0x00000000e1600000, 0x00000000e1700000|  0%| F|  |TAMS 0x00000000e1600000, 0x00000000e1600000| Untracked 
|  23|0x00000000e1700000, 0x00000000e1700000, 0x00000000e1800000|  0%| F|  |TAMS 0x00000000e1700000, 0x00000000e1700000| Untracked 
|  24|0x00000000e1800000, 0x00000000e1800000, 0x00000000e1900000|  0%| F|  |TAMS 0x00000000e1800000, 0x00000000e1800000| Untracked 
|  25|0x00000000e1900000, 0x00000000e1900000, 0x00000000e1a00000|  0%| F|  |TAMS 0x00000000e1900000, 0x00000000e1900000| Untracked 
|  26|0x00000000e1a00000, 0x00000000e1a00000, 0x00000000e1b00000|  0%| F|  |TAMS 0x00000000e1a00000, 0x00000000e1a00000| Untracked 
|  27|0x00000000e1b00000, 0x00000000e1b00000, 0x00000000e1c00000|  0%| F|  |TAMS 0x00000000e1b00000, 0x00000000e1b00000| Untracked 
|  28|0x00000000e1c00000, 0x00000000e1c00000, 0x00000000e1d00000|  0%| F|  |TAMS 0x00000000e1c00000, 0x00000000e1c00000| Untracked 
|  29|0x00000000e1d00000, 0x00000000e1d00000, 0x00000000e1e00000|  0%| F|  |TAMS 0x00000000e1d00000, 0x00000000e1d00000| Untracked 
|  30|0x00000000e1e00000, 0x00000000e1e00000, 0x00000000e1f00000|  0%| F|  |TAMS 0x00000000e1e00000, 0x00000000e1e00000| Untracked 
|  31|0x00000000e1f00000, 0x00000000e1f00000, 0x00000000e2000000|  0%| F|  |TAMS 0x00000000e1f00000, 0x00000000e1f00000| Untracked 
|  32|0x00000000e2000000, 0x00000000e2000000, 0x00000000e2100000|  0%| F|  |TAMS 0x00000000e2000000, 0x00000000e2000000| Untracked 
|  33|0x00000000e2100000, 0x00000000e2100000, 0x00000000e2200000|  0%| F|  |TAMS 0x00000000e2100000, 0x00000000e2100000| Untracked 
|  34|0x00000000e2200000, 0x00000000e2200000, 0x00000000e2300000|  0%| F|  |TAMS 0x00000000e2200000, 0x00000000e2200000| Untracked 
|  35|0x00000000e2300000, 0x00000000e2300000, 0x00000000e2400000|  0%| F|  |TAMS 0x00000000e2300000, 0x00000000e2300000| Untracked 
|  36|0x00000000e2400000, 0x00000000e2400000, 0x00000000e2500000|  0%| F|  |TAMS 0x00000000e2400000, 0x00000000e2400000| Untracked 
|  37|0x00000000e2500000, 0x00000000e2500000, 0x00000000e2600000|  0%| F|  |TAMS 0x00000000e2500000, 0x00000000e2500000| Untracked 
|  38|0x00000000e2600000, 0x00000000e2600000, 0x00000000e2700000|  0%| F|  |TAMS 0x00000000e2600000, 0x00000000e2600000| Untracked 
|  39|0x00000000e2700000, 0x00000000e2700000, 0x00000000e2800000|  0%| F|  |TAMS 0x00000000e2700000, 0x00000000e2700000| Untracked 
|  40|0x00000000e2800000, 0x00000000e2800000, 0x00000000e2900000|  0%| F|  |TAMS 0x00000000e2800000, 0x00000000e2800000| Untracked 
|  41|0x00000000e2900000, 0x00000000e2900000, 0x00000000e2a00000|  0%| F|  |TAMS 0x00000000e2900000, 0x00000000e2900000| Untracked 
|  42|0x00000000e2a00000, 0x00000000e2a00000, 0x00000000e2b00000|  0%| F|  |TAMS 0x00000000e2a00000, 0x00000000e2a00000| Untracked 
|  43|0x00000000e2b00000, 0x00000000e2b00000, 0x00000000e2c00000|  0%| F|  |TAMS 0x00000000e2b00000, 0x00000000e2b00000| Untracked 
|  44|0x00000000e2c00000, 0x00000000e2c00000, 0x00000000e2d00000|  0%| F|  |TAMS 0x00000000e2c00000, 0x00000000e2c00000| Untracked 
|  45|0x00000000e2d00000, 0x00000000e2d00000, 0x00000000e2e00000|  0%| F|  |TAMS 0x00000000e2d00000, 0x00000000e2d00000| Untracked 
|  46|0x00000000e2e00000, 0x00000000e2e00000, 0x00000000e2f00000|  0%| F|  |TAMS 0x00000000e2e00000, 0x00000000e2e00000| Untracked 
|  47|0x00000000e2f00000, 0x00000000e2f00000, 0x00000000e3000000|  0%| F|  |TAMS 0x00000000e2f00000, 0x00000000e2f00000| Untracked 
|  48|0x00000000e3000000, 0x00000000e3000000, 0x00000000e3100000|  0%| F|  |TAMS 0x00000000e3000000, 0x00000000e3000000| Untracked 
|  49|0x00000000e3100000, 0x00000000e3100000, 0x00000000e3200000|  0%| F|  |TAMS 0x00000000e3100000, 0x00000000e3100000| Untracked 
|  50|0x00000000e3200000, 0x00000000e3200000, 0x00000000e3300000|  0%| F|  |TAMS 0x00000000e3200000, 0x00000000e3200000| Untracked 
|  51|0x00000000e3300000, 0x00000000e3300000, 0x00000000e3400000|  0%| F|  |TAMS 0x00000000e3300000, 0x00000000e3300000| Untracked 
|  52|0x00000000e3400000, 0x00000000e3400000, 0x00000000e3500000|  0%| F|  |TAMS 0x00000000e3400000, 0x00000000e3400000| Untracked 
|  53|0x00000000e3500000, 0x00000000e3500000, 0x00000000e3600000|  0%| F|  |TAMS 0x00000000e3500000, 0x00000000e3500000| Untracked 
|  54|0x00000000e3600000, 0x00000000e3600000, 0x00000000e3700000|  0%| F|  |TAMS 0x00000000e3600000, 0x00000000e3600000| Untracked 
|  55|0x00000000e3700000, 0x00000000e3700000, 0x00000000e3800000|  0%| F|  |TAMS 0x00000000e3700000, 0x00000000e3700000| Untracked 
|  56|0x00000000e3800000, 0x00000000e3800000, 0x00000000e3900000|  0%| F|  |TAMS 0x00000000e3800000, 0x00000000e3800000| Untracked 
|  57|0x00000000e3900000, 0x00000000e3900000, 0x00000000e3a00000|  0%| F|  |TAMS 0x00000000e3900000, 0x00000000e3900000| Untracked 
|  58|0x00000000e3a00000, 0x00000000e3a00000, 0x00000000e3b00000|  0%| F|  |TAMS 0x00000000e3a00000, 0x00000000e3a00000| Untracked 
|  59|0x00000000e3b00000, 0x00000000e3b00000, 0x00000000e3c00000|  0%| F|  |TAMS 0x00000000e3b00000, 0x00000000e3b00000| Untracked 
|  60|0x00000000e3c00000, 0x00000000e3c00000, 0x00000000e3d00000|  0%| F|  |TAMS 0x00000000e3c00000, 0x00000000e3c00000| Untracked 
|  61|0x00000000e3d00000, 0x00000000e3d00000, 0x00000000e3e00000|  0%| F|  |TAMS 0x00000000e3d00000, 0x00000000e3d00000| Untracked 
|  62|0x00000000e3e00000, 0x00000000e3e00000, 0x00000000e3f00000|  0%| F|  |TAMS 0x00000000e3e00000, 0x00000000e3e00000| Untracked 
|  63|0x00000000e3f00000, 0x00000000e3f00000, 0x00000000e4000000|  0%| F|  |TAMS 0x00000000e3f00000, 0x00000000e3f00000| Untracked 
|  64|0x00000000e4000000, 0x00000000e4000000, 0x00000000e4100000|  0%| F|  |TAMS 0x00000000e4000000, 0x00000000e4000000| Untracked 
|  65|0x00000000e4100000, 0x00000000e4100000, 0x00000000e4200000|  0%| F|  |TAMS 0x00000000e4100000, 0x00000000e4100000| Untracked 
|  66|0x00000000e4200000, 0x00000000e4200000, 0x00000000e4300000|  0%| F|  |TAMS 0x00000000e4200000, 0x00000000e4200000| Untracked 
|  67|0x00000000e4300000, 0x00000000e4300000, 0x00000000e4400000|  0%| F|  |TAMS 0x00000000e4300000, 0x00000000e4300000| Untracked 
|  68|0x00000000e4400000, 0x00000000e4400000, 0x00000000e4500000|  0%| F|  |TAMS 0x00000000e4400000, 0x00000000e4400000| Untracked 
|  69|0x00000000e4500000, 0x00000000e4500000, 0x00000000e4600000|  0%| F|  |TAMS 0x00000000e4500000, 0x00000000e4500000| Untracked 
|  70|0x00000000e4600000, 0x00000000e4600000, 0x00000000e4700000|  0%| F|  |TAMS 0x00000000e4600000, 0x00000000e4600000| Untracked 
|  71|0x00000000e4700000, 0x00000000e4700000, 0x00000000e4800000|  0%| F|  |TAMS 0x00000000e4700000, 0x00000000e4700000| Untracked 
|  72|0x00000000e4800000, 0x00000000e4800000, 0x00000000e4900000|  0%| F|  |TAMS 0x00000000e4800000, 0x00000000e4800000| Untracked 
|  73|0x00000000e4900000, 0x00000000e4900000, 0x00000000e4a00000|  0%| F|  |TAMS 0x00000000e4900000, 0x00000000e4900000| Untracked 
|  74|0x00000000e4a00000, 0x00000000e4a00000, 0x00000000e4b00000|  0%| F|  |TAMS 0x00000000e4a00000, 0x00000000e4a00000| Untracked 
|  75|0x00000000e4b00000, 0x00000000e4b00000, 0x00000000e4c00000|  0%| F|  |TAMS 0x00000000e4b00000, 0x00000000e4b00000| Untracked 
|  76|0x00000000e4c00000, 0x00000000e4c00000, 0x00000000e4d00000|  0%| F|  |TAMS 0x00000000e4c00000, 0x00000000e4c00000| Untracked 
|  77|0x00000000e4d00000, 0x00000000e4d00000, 0x00000000e4e00000|  0%| F|  |TAMS 0x00000000e4d00000, 0x00000000e4d00000| Untracked 
|  78|0x00000000e4e00000, 0x00000000e4e00000, 0x00000000e4f00000|  0%| F|  |TAMS 0x00000000e4e00000, 0x00000000e4e00000| Untracked 
|  79|0x00000000e4f00000, 0x00000000e4f00000, 0x00000000e5000000|  0%| F|  |TAMS 0x00000000e4f00000, 0x00000000e4f00000| Untracked 
|  80|0x00000000e5000000, 0x00000000e5000000, 0x00000000e5100000|  0%| F|  |TAMS 0x00000000e5000000, 0x00000000e5000000| Untracked 
|  81|0x00000000e5100000, 0x00000000e5100000, 0x00000000e5200000|  0%| F|  |TAMS 0x00000000e5100000, 0x00000000e5100000| Untracked 
|  82|0x00000000e5200000, 0x00000000e5200000, 0x00000000e5300000|  0%| F|  |TAMS 0x00000000e5200000, 0x00000000e5200000| Untracked 
|  83|0x00000000e5300000, 0x00000000e5300000, 0x00000000e5400000|  0%| F|  |TAMS 0x00000000e5300000, 0x00000000e5300000| Untracked 
|  84|0x00000000e5400000, 0x00000000e5400000, 0x00000000e5500000|  0%| F|  |TAMS 0x00000000e5400000, 0x00000000e5400000| Untracked 
|  85|0x00000000e5500000, 0x00000000e5500000, 0x00000000e5600000|  0%| F|  |TAMS 0x00000000e5500000, 0x00000000e5500000| Untracked 
|  86|0x00000000e5600000, 0x00000000e5659720, 0x00000000e5700000| 34%| S|CS|TAMS 0x00000000e5600000, 0x00000000e5600000| Complete 
|  87|0x00000000e5700000, 0x00000000e5800000, 0x00000000e5800000|100%| S|CS|TAMS 0x00000000e5700000, 0x00000000e5700000| Complete 
|  88|0x00000000e5800000, 0x00000000e5900000, 0x00000000e5900000|100%| S|CS|TAMS 0x00000000e5800000, 0x00000000e5800000| Complete 
|  89|0x00000000e5900000, 0x00000000e5a00000, 0x00000000e5a00000|100%| S|CS|TAMS 0x00000000e5900000, 0x00000000e5900000| Complete 
|  90|0x00000000e5a00000, 0x00000000e5b00000, 0x00000000e5b00000|100%| S|CS|TAMS 0x00000000e5a00000, 0x00000000e5a00000| Complete 
|  91|0x00000000e5b00000, 0x00000000e5c00000, 0x00000000e5c00000|100%| S|CS|TAMS 0x00000000e5b00000, 0x00000000e5b00000| Complete 
|  92|0x00000000e5c00000, 0x00000000e5d00000, 0x00000000e5d00000|100%| S|CS|TAMS 0x00000000e5c00000, 0x00000000e5c00000| Complete 
|  93|0x00000000e5d00000, 0x00000000e5e00000, 0x00000000e5e00000|100%| S|CS|TAMS 0x00000000e5d00000, 0x00000000e5d00000| Complete 
|  94|0x00000000e5e00000, 0x00000000e5f00000, 0x00000000e5f00000|100%| S|CS|TAMS 0x00000000e5e00000, 0x00000000e5e00000| Complete 
|  95|0x00000000e5f00000, 0x00000000e6000000, 0x00000000e6000000|100%| S|CS|TAMS 0x00000000e5f00000, 0x00000000e5f00000| Complete 
|  96|0x00000000e6000000, 0x00000000e6100000, 0x00000000e6100000|100%| S|CS|TAMS 0x00000000e6000000, 0x00000000e6000000| Complete 
|  97|0x00000000e6100000, 0x00000000e6200000, 0x00000000e6200000|100%| S|CS|TAMS 0x00000000e6100000, 0x00000000e6100000| Complete 
|  98|0x00000000e6200000, 0x00000000e6200000, 0x00000000e6300000|  0%| F|  |TAMS 0x00000000e6200000, 0x00000000e6200000| Untracked 
|  99|0x00000000e6300000, 0x00000000e6300000, 0x00000000e6400000|  0%| F|  |TAMS 0x00000000e6300000, 0x00000000e6300000| Untracked 
| 100|0x00000000e6400000, 0x00000000e6400000, 0x00000000e6500000|  0%| F|  |TAMS 0x00000000e6400000, 0x00000000e6400000| Untracked 
| 101|0x00000000e6500000, 0x00000000e6500000, 0x00000000e6600000|  0%| F|  |TAMS 0x00000000e6500000, 0x00000000e6500000| Untracked 
| 102|0x00000000e6600000, 0x00000000e6600000, 0x00000000e6700000|  0%| F|  |TAMS 0x00000000e6600000, 0x00000000e6600000| Untracked 
| 103|0x00000000e6700000, 0x00000000e6700000, 0x00000000e6800000|  0%| F|  |TAMS 0x00000000e6700000, 0x00000000e6700000| Untracked 
| 104|0x00000000e6800000, 0x00000000e6800000, 0x00000000e6900000|  0%| F|  |TAMS 0x00000000e6800000, 0x00000000e6800000| Untracked 
| 105|0x00000000e6900000, 0x00000000e6900000, 0x00000000e6a00000|  0%| F|  |TAMS 0x00000000e6900000, 0x00000000e6900000| Untracked 
| 106|0x00000000e6a00000, 0x00000000e6a00000, 0x00000000e6b00000|  0%| F|  |TAMS 0x00000000e6a00000, 0x00000000e6a00000| Untracked 
| 107|0x00000000e6b00000, 0x00000000e6b00000, 0x00000000e6c00000|  0%| F|  |TAMS 0x00000000e6b00000, 0x00000000e6b00000| Untracked 
| 108|0x00000000e6c00000, 0x00000000e6c00000, 0x00000000e6d00000|  0%| F|  |TAMS 0x00000000e6c00000, 0x00000000e6c00000| Untracked 
| 109|0x00000000e6d00000, 0x00000000e6d00000, 0x00000000e6e00000|  0%| F|  |TAMS 0x00000000e6d00000, 0x00000000e6d00000| Untracked 
| 110|0x00000000e6e00000, 0x00000000e6e00000, 0x00000000e6f00000|  0%| F|  |TAMS 0x00000000e6e00000, 0x00000000e6e00000| Untracked 
| 111|0x00000000e6f00000, 0x00000000e6f00000, 0x00000000e7000000|  0%| F|  |TAMS 0x00000000e6f00000, 0x00000000e6f00000| Untracked 
| 112|0x00000000e7000000, 0x00000000e7000000, 0x00000000e7100000|  0%| F|  |TAMS 0x00000000e7000000, 0x00000000e7000000| Untracked 
| 113|0x00000000e7100000, 0x00000000e7100000, 0x00000000e7200000|  0%| F|  |TAMS 0x00000000e7100000, 0x00000000e7100000| Untracked 
| 114|0x00000000e7200000, 0x00000000e7200000, 0x00000000e7300000|  0%| F|  |TAMS 0x00000000e7200000, 0x00000000e7200000| Untracked 
| 115|0x00000000e7300000, 0x00000000e7300000, 0x00000000e7400000|  0%| F|  |TAMS 0x00000000e7300000, 0x00000000e7300000| Untracked 
| 116|0x00000000e7400000, 0x00000000e7400000, 0x00000000e7500000|  0%| F|  |TAMS 0x00000000e7400000, 0x00000000e7400000| Untracked 
| 117|0x00000000e7500000, 0x00000000e7500000, 0x00000000e7600000|  0%| F|  |TAMS 0x00000000e7500000, 0x00000000e7500000| Untracked 
| 118|0x00000000e7600000, 0x00000000e7700000, 0x00000000e7700000|100%| S|CS|TAMS 0x00000000e7600000, 0x00000000e7600000| Complete 
| 119|0x00000000e7700000, 0x00000000e7800000, 0x00000000e7800000|100%| S|CS|TAMS 0x00000000e7700000, 0x00000000e7700000| Complete 
| 120|0x00000000e7800000, 0x00000000e7900000, 0x00000000e7900000|100%| S|CS|TAMS 0x00000000e7800000, 0x00000000e7800000| Complete 
| 121|0x00000000e7900000, 0x00000000e7a00000, 0x00000000e7a00000|100%| S|CS|TAMS 0x00000000e7900000, 0x00000000e7900000| Complete 
| 122|0x00000000e7a00000, 0x00000000e7b00000, 0x00000000e7b00000|100%| S|CS|TAMS 0x00000000e7a00000, 0x00000000e7a00000| Complete 
| 123|0x00000000e7b00000, 0x00000000e7b00000, 0x00000000e7c00000|  0%| F|  |TAMS 0x00000000e7b00000, 0x00000000e7b00000| Untracked 
| 124|0x00000000e7c00000, 0x00000000e7c00000, 0x00000000e7d00000|  0%| F|  |TAMS 0x00000000e7c00000, 0x00000000e7c00000| Untracked 
| 125|0x00000000e7d00000, 0x00000000e7d00000, 0x00000000e7e00000|  0%| F|  |TAMS 0x00000000e7d00000, 0x00000000e7d00000| Untracked 
| 126|0x00000000e7e00000, 0x00000000e7e00000, 0x00000000e7f00000|  0%| F|  |TAMS 0x00000000e7e00000, 0x00000000e7e00000| Untracked 
| 127|0x00000000e7f00000, 0x00000000e7f00000, 0x00000000e8000000|  0%| F|  |TAMS 0x00000000e7f00000, 0x00000000e7f00000| Untracked 
| 128|0x00000000e8000000, 0x00000000e8000000, 0x00000000e8100000|  0%| F|  |TAMS 0x00000000e8000000, 0x00000000e8000000| Untracked 
| 129|0x00000000e8100000, 0x00000000e8100000, 0x00000000e8200000|  0%| F|  |TAMS 0x00000000e8100000, 0x00000000e8100000| Untracked 
| 130|0x00000000e8200000, 0x00000000e8200000, 0x00000000e8300000|  0%| F|  |TAMS 0x00000000e8200000, 0x00000000e8200000| Untracked 
| 131|0x00000000e8300000, 0x00000000e8300000, 0x00000000e8400000|  0%| F|  |TAMS 0x00000000e8300000, 0x00000000e8300000| Untracked 
| 132|0x00000000e8400000, 0x00000000e8400000, 0x00000000e8500000|  0%| F|  |TAMS 0x00000000e8400000, 0x00000000e8400000| Untracked 
| 133|0x00000000e8500000, 0x00000000e8585358, 0x00000000e8600000| 52%| E|  |TAMS 0x00000000e8500000, 0x00000000e8500000| Complete 
| 134|0x00000000e8600000, 0x00000000e8700000, 0x00000000e8700000|100%| E|CS|TAMS 0x00000000e8600000, 0x00000000e8600000| Complete 
| 135|0x00000000e8700000, 0x00000000e8800000, 0x00000000e8800000|100%| E|CS|TAMS 0x00000000e8700000, 0x00000000e8700000| Complete 
| 136|0x00000000e8800000, 0x00000000e8900000, 0x00000000e8900000|100%| E|CS|TAMS 0x00000000e8800000, 0x00000000e8800000| Complete 
| 137|0x00000000e8900000, 0x00000000e8a00000, 0x00000000e8a00000|100%| E|CS|TAMS 0x00000000e8900000, 0x00000000e8900000| Complete 
| 138|0x00000000e8a00000, 0x00000000e8b00000, 0x00000000e8b00000|100%| E|CS|TAMS 0x00000000e8a00000, 0x00000000e8a00000| Complete 
| 139|0x00000000e8b00000, 0x00000000e8c00000, 0x00000000e8c00000|100%| E|CS|TAMS 0x00000000e8b00000, 0x00000000e8b00000| Complete 
| 140|0x00000000e8c00000, 0x00000000e8d00000, 0x00000000e8d00000|100%| E|CS|TAMS 0x00000000e8c00000, 0x00000000e8c00000| Complete 
| 141|0x00000000e8d00000, 0x00000000e8e00000, 0x00000000e8e00000|100%| E|CS|TAMS 0x00000000e8d00000, 0x00000000e8d00000| Complete 
| 142|0x00000000e8e00000, 0x00000000e8f00000, 0x00000000e8f00000|100%| E|CS|TAMS 0x00000000e8e00000, 0x00000000e8e00000| Complete 
| 143|0x00000000e8f00000, 0x00000000e9000000, 0x00000000e9000000|100%| E|CS|TAMS 0x00000000e8f00000, 0x00000000e8f00000| Complete 
| 144|0x00000000e9000000, 0x00000000e9100000, 0x00000000e9100000|100%| E|CS|TAMS 0x00000000e9000000, 0x00000000e9000000| Complete 
| 145|0x00000000e9100000, 0x00000000e9200000, 0x00000000e9200000|100%| E|CS|TAMS 0x00000000e9100000, 0x00000000e9100000| Complete 
| 146|0x00000000e9200000, 0x00000000e9300000, 0x00000000e9300000|100%| E|CS|TAMS 0x00000000e9200000, 0x00000000e9200000| Complete 
| 147|0x00000000e9300000, 0x00000000e9400000, 0x00000000e9400000|100%| E|CS|TAMS 0x00000000e9300000, 0x00000000e9300000| Complete 
| 148|0x00000000e9400000, 0x00000000e9500000, 0x00000000e9500000|100%| E|  |TAMS 0x00000000e9400000, 0x00000000e9400000| Complete 
| 149|0x00000000e9500000, 0x00000000e9600000, 0x00000000e9600000|100%| E|CS|TAMS 0x00000000e9500000, 0x00000000e9500000| Complete 
| 150|0x00000000e9600000, 0x00000000e9700000, 0x00000000e9700000|100%| E|CS|TAMS 0x00000000e9600000, 0x00000000e9600000| Complete 
| 151|0x00000000e9700000, 0x00000000e9800000, 0x00000000e9800000|100%| E|CS|TAMS 0x00000000e9700000, 0x00000000e9700000| Complete 
| 152|0x00000000e9800000, 0x00000000e9900000, 0x00000000e9900000|100%| E|CS|TAMS 0x00000000e9800000, 0x00000000e9800000| Complete 
| 153|0x00000000e9900000, 0x00000000e9a00000, 0x00000000e9a00000|100%| E|CS|TAMS 0x00000000e9900000, 0x00000000e9900000| Complete 
| 154|0x00000000e9a00000, 0x00000000e9b00000, 0x00000000e9b00000|100%| E|CS|TAMS 0x00000000e9a00000, 0x00000000e9a00000| Complete 
| 155|0x00000000e9b00000, 0x00000000e9c00000, 0x00000000e9c00000|100%| E|CS|TAMS 0x00000000e9b00000, 0x00000000e9b00000| Complete 
| 156|0x00000000e9c00000, 0x00000000e9d00000, 0x00000000e9d00000|100%| E|CS|TAMS 0x00000000e9c00000, 0x00000000e9c00000| Complete 
| 157|0x00000000e9d00000, 0x00000000e9e00000, 0x00000000e9e00000|100%| E|CS|TAMS 0x00000000e9d00000, 0x00000000e9d00000| Complete 
| 158|0x00000000e9e00000, 0x00000000e9f00000, 0x00000000e9f00000|100%| E|CS|TAMS 0x00000000e9e00000, 0x00000000e9e00000| Complete 
| 159|0x00000000e9f00000, 0x00000000ea000000, 0x00000000ea000000|100%| E|CS|TAMS 0x00000000e9f00000, 0x00000000e9f00000| Complete 
| 160|0x00000000ea000000, 0x00000000ea100000, 0x00000000ea100000|100%| E|CS|TAMS 0x00000000ea000000, 0x00000000ea000000| Complete 
| 161|0x00000000ea100000, 0x00000000ea200000, 0x00000000ea200000|100%| E|CS|TAMS 0x00000000ea100000, 0x00000000ea100000| Complete 
| 162|0x00000000ea200000, 0x00000000ea300000, 0x00000000ea300000|100%| E|CS|TAMS 0x00000000ea200000, 0x00000000ea200000| Complete 
| 163|0x00000000ea300000, 0x00000000ea400000, 0x00000000ea400000|100%| E|CS|TAMS 0x00000000ea300000, 0x00000000ea300000| Complete 
| 164|0x00000000ea400000, 0x00000000ea500000, 0x00000000ea500000|100%| E|CS|TAMS 0x00000000ea400000, 0x00000000ea400000| Complete 
| 165|0x00000000ea500000, 0x00000000ea600000, 0x00000000ea600000|100%| E|CS|TAMS 0x00000000ea500000, 0x00000000ea500000| Complete 
| 166|0x00000000ea600000, 0x00000000ea700000, 0x00000000ea700000|100%| E|CS|TAMS 0x00000000ea600000, 0x00000000ea600000| Complete 
| 167|0x00000000ea700000, 0x00000000ea800000, 0x00000000ea800000|100%| E|CS|TAMS 0x00000000ea700000, 0x00000000ea700000| Complete 
| 168|0x00000000ea800000, 0x00000000ea900000, 0x00000000ea900000|100%| E|CS|TAMS 0x00000000ea800000, 0x00000000ea800000| Complete 
| 169|0x00000000ea900000, 0x00000000eaa00000, 0x00000000eaa00000|100%| E|CS|TAMS 0x00000000ea900000, 0x00000000ea900000| Complete 
| 170|0x00000000eaa00000, 0x00000000eab00000, 0x00000000eab00000|100%| E|CS|TAMS 0x00000000eaa00000, 0x00000000eaa00000| Complete 
| 171|0x00000000eab00000, 0x00000000eac00000, 0x00000000eac00000|100%| E|CS|TAMS 0x00000000eab00000, 0x00000000eab00000| Complete 
| 172|0x00000000eac00000, 0x00000000ead00000, 0x00000000ead00000|100%| E|CS|TAMS 0x00000000eac00000, 0x00000000eac00000| Complete 
| 173|0x00000000ead00000, 0x00000000eae00000, 0x00000000eae00000|100%| E|CS|TAMS 0x00000000ead00000, 0x00000000ead00000| Complete 
| 174|0x00000000eae00000, 0x00000000eaf00000, 0x00000000eaf00000|100%| E|CS|TAMS 0x00000000eae00000, 0x00000000eae00000| Complete 
| 175|0x00000000eaf00000, 0x00000000eb000000, 0x00000000eb000000|100%| E|CS|TAMS 0x00000000eaf00000, 0x00000000eaf00000| Complete 
| 176|0x00000000eb000000, 0x00000000eb100000, 0x00000000eb100000|100%| E|CS|TAMS 0x00000000eb000000, 0x00000000eb000000| Complete 
| 177|0x00000000eb100000, 0x00000000eb200000, 0x00000000eb200000|100%| E|CS|TAMS 0x00000000eb100000, 0x00000000eb100000| Complete 
| 178|0x00000000eb200000, 0x00000000eb300000, 0x00000000eb300000|100%| E|CS|TAMS 0x00000000eb200000, 0x00000000eb200000| Complete 
| 179|0x00000000eb300000, 0x00000000eb400000, 0x00000000eb400000|100%| E|CS|TAMS 0x00000000eb300000, 0x00000000eb300000| Complete 
| 180|0x00000000eb400000, 0x00000000eb500000, 0x00000000eb500000|100%| E|CS|TAMS 0x00000000eb400000, 0x00000000eb400000| Complete 
| 181|0x00000000eb500000, 0x00000000eb600000, 0x00000000eb600000|100%| E|CS|TAMS 0x00000000eb500000, 0x00000000eb500000| Complete 
| 182|0x00000000eb600000, 0x00000000eb700000, 0x00000000eb700000|100%| E|CS|TAMS 0x00000000eb600000, 0x00000000eb600000| Complete 
| 183|0x00000000eb700000, 0x00000000eb800000, 0x00000000eb800000|100%| E|CS|TAMS 0x00000000eb700000, 0x00000000eb700000| Complete 
| 184|0x00000000eb800000, 0x00000000eb900000, 0x00000000eb900000|100%| E|CS|TAMS 0x00000000eb800000, 0x00000000eb800000| Complete 
| 185|0x00000000eb900000, 0x00000000eba00000, 0x00000000eba00000|100%| E|CS|TAMS 0x00000000eb900000, 0x00000000eb900000| Complete 
| 186|0x00000000eba00000, 0x00000000ebb00000, 0x00000000ebb00000|100%| E|CS|TAMS 0x00000000eba00000, 0x00000000eba00000| Complete 
| 187|0x00000000ebb00000, 0x00000000ebc00000, 0x00000000ebc00000|100%| E|CS|TAMS 0x00000000ebb00000, 0x00000000ebb00000| Complete 
| 188|0x00000000ebc00000, 0x00000000ebd00000, 0x00000000ebd00000|100%| E|CS|TAMS 0x00000000ebc00000, 0x00000000ebc00000| Complete 
| 189|0x00000000ebd00000, 0x00000000ebe00000, 0x00000000ebe00000|100%| E|CS|TAMS 0x00000000ebd00000, 0x00000000ebd00000| Complete 
| 190|0x00000000ebe00000, 0x00000000ebf00000, 0x00000000ebf00000|100%| E|CS|TAMS 0x00000000ebe00000, 0x00000000ebe00000| Complete 
| 191|0x00000000ebf00000, 0x00000000ec000000, 0x00000000ec000000|100%| E|CS|TAMS 0x00000000ebf00000, 0x00000000ebf00000| Complete 
| 192|0x00000000ec000000, 0x00000000ec100000, 0x00000000ec100000|100%| E|CS|TAMS 0x00000000ec000000, 0x00000000ec000000| Complete 
| 193|0x00000000ec100000, 0x00000000ec200000, 0x00000000ec200000|100%| E|CS|TAMS 0x00000000ec100000, 0x00000000ec100000| Complete 
| 194|0x00000000ec200000, 0x00000000ec300000, 0x00000000ec300000|100%| E|CS|TAMS 0x00000000ec200000, 0x00000000ec200000| Complete 
| 195|0x00000000ec300000, 0x00000000ec400000, 0x00000000ec400000|100%| E|CS|TAMS 0x00000000ec300000, 0x00000000ec300000| Complete 
| 196|0x00000000ec400000, 0x00000000ec500000, 0x00000000ec500000|100%| E|CS|TAMS 0x00000000ec400000, 0x00000000ec400000| Complete 
| 197|0x00000000ec500000, 0x00000000ec600000, 0x00000000ec600000|100%| E|CS|TAMS 0x00000000ec500000, 0x00000000ec500000| Complete 
| 198|0x00000000ec600000, 0x00000000ec700000, 0x00000000ec700000|100%| E|CS|TAMS 0x00000000ec600000, 0x00000000ec600000| Complete 
| 199|0x00000000ec700000, 0x00000000ec800000, 0x00000000ec800000|100%| E|CS|TAMS 0x00000000ec700000, 0x00000000ec700000| Complete 
| 200|0x00000000ec800000, 0x00000000ec900000, 0x00000000ec900000|100%| E|CS|TAMS 0x00000000ec800000, 0x00000000ec800000| Complete 
| 201|0x00000000ec900000, 0x00000000eca00000, 0x00000000eca00000|100%| E|CS|TAMS 0x00000000ec900000, 0x00000000ec900000| Complete 
| 202|0x00000000eca00000, 0x00000000ecb00000, 0x00000000ecb00000|100%| E|CS|TAMS 0x00000000eca00000, 0x00000000eca00000| Complete 
| 203|0x00000000ecb00000, 0x00000000ecc00000, 0x00000000ecc00000|100%| E|CS|TAMS 0x00000000ecb00000, 0x00000000ecb00000| Complete 
| 204|0x00000000ecc00000, 0x00000000ecd00000, 0x00000000ecd00000|100%| E|CS|TAMS 0x00000000ecc00000, 0x00000000ecc00000| Complete 
| 205|0x00000000ecd00000, 0x00000000ece00000, 0x00000000ece00000|100%| E|CS|TAMS 0x00000000ecd00000, 0x00000000ecd00000| Complete 
| 206|0x00000000ece00000, 0x00000000ecf00000, 0x00000000ecf00000|100%| E|CS|TAMS 0x00000000ece00000, 0x00000000ece00000| Complete 
| 207|0x00000000ecf00000, 0x00000000ed000000, 0x00000000ed000000|100%| E|CS|TAMS 0x00000000ecf00000, 0x00000000ecf00000| Complete 
| 208|0x00000000ed000000, 0x00000000ed100000, 0x00000000ed100000|100%| E|CS|TAMS 0x00000000ed000000, 0x00000000ed000000| Complete 
| 209|0x00000000ed100000, 0x00000000ed200000, 0x00000000ed200000|100%| E|CS|TAMS 0x00000000ed100000, 0x00000000ed100000| Complete 
| 210|0x00000000ed200000, 0x00000000ed300000, 0x00000000ed300000|100%| E|CS|TAMS 0x00000000ed200000, 0x00000000ed200000| Complete 
| 211|0x00000000ed300000, 0x00000000ed400000, 0x00000000ed400000|100%| E|CS|TAMS 0x00000000ed300000, 0x00000000ed300000| Complete 
| 212|0x00000000ed400000, 0x00000000ed500000, 0x00000000ed500000|100%| E|CS|TAMS 0x00000000ed400000, 0x00000000ed400000| Complete 
| 213|0x00000000ed500000, 0x00000000ed600000, 0x00000000ed600000|100%| E|CS|TAMS 0x00000000ed500000, 0x00000000ed500000| Complete 
| 214|0x00000000ed600000, 0x00000000ed700000, 0x00000000ed700000|100%| E|CS|TAMS 0x00000000ed600000, 0x00000000ed600000| Complete 
| 215|0x00000000ed700000, 0x00000000ed800000, 0x00000000ed800000|100%| E|CS|TAMS 0x00000000ed700000, 0x00000000ed700000| Complete 
| 216|0x00000000ed800000, 0x00000000ed900000, 0x00000000ed900000|100%| E|CS|TAMS 0x00000000ed800000, 0x00000000ed800000| Complete 
| 217|0x00000000ed900000, 0x00000000eda00000, 0x00000000eda00000|100%| E|CS|TAMS 0x00000000ed900000, 0x00000000ed900000| Complete 
| 218|0x00000000eda00000, 0x00000000edb00000, 0x00000000edb00000|100%| E|CS|TAMS 0x00000000eda00000, 0x00000000eda00000| Complete 
| 219|0x00000000edb00000, 0x00000000edc00000, 0x00000000edc00000|100%| E|CS|TAMS 0x00000000edb00000, 0x00000000edb00000| Complete 
| 220|0x00000000edc00000, 0x00000000edd00000, 0x00000000edd00000|100%| E|CS|TAMS 0x00000000edc00000, 0x00000000edc00000| Complete 
| 221|0x00000000edd00000, 0x00000000ede00000, 0x00000000ede00000|100%| E|CS|TAMS 0x00000000edd00000, 0x00000000edd00000| Complete 
| 222|0x00000000ede00000, 0x00000000edf00000, 0x00000000edf00000|100%| E|CS|TAMS 0x00000000ede00000, 0x00000000ede00000| Complete 
| 223|0x00000000edf00000, 0x00000000ee000000, 0x00000000ee000000|100%| E|CS|TAMS 0x00000000edf00000, 0x00000000edf00000| Complete 
| 224|0x00000000ee000000, 0x00000000ee100000, 0x00000000ee100000|100%| E|CS|TAMS 0x00000000ee000000, 0x00000000ee000000| Complete 
| 225|0x00000000ee100000, 0x00000000ee200000, 0x00000000ee200000|100%| E|CS|TAMS 0x00000000ee100000, 0x00000000ee100000| Complete 
| 226|0x00000000ee200000, 0x00000000ee300000, 0x00000000ee300000|100%| E|CS|TAMS 0x00000000ee200000, 0x00000000ee200000| Complete 
| 227|0x00000000ee300000, 0x00000000ee400000, 0x00000000ee400000|100%| E|CS|TAMS 0x00000000ee300000, 0x00000000ee300000| Complete 
| 228|0x00000000ee400000, 0x00000000ee500000, 0x00000000ee500000|100%| E|CS|TAMS 0x00000000ee400000, 0x00000000ee400000| Complete 
| 229|0x00000000ee500000, 0x00000000ee600000, 0x00000000ee600000|100%| E|CS|TAMS 0x00000000ee500000, 0x00000000ee500000| Complete 
| 230|0x00000000ee600000, 0x00000000ee700000, 0x00000000ee700000|100%| E|CS|TAMS 0x00000000ee600000, 0x00000000ee600000| Complete 
| 231|0x00000000ee700000, 0x00000000ee800000, 0x00000000ee800000|100%| E|CS|TAMS 0x00000000ee700000, 0x00000000ee700000| Complete 
| 232|0x00000000ee800000, 0x00000000ee900000, 0x00000000ee900000|100%| E|CS|TAMS 0x00000000ee800000, 0x00000000ee800000| Complete 
| 233|0x00000000ee900000, 0x00000000eea00000, 0x00000000eea00000|100%| E|CS|TAMS 0x00000000ee900000, 0x00000000ee900000| Complete 
| 234|0x00000000eea00000, 0x00000000eeb00000, 0x00000000eeb00000|100%| E|CS|TAMS 0x00000000eea00000, 0x00000000eea00000| Complete 
| 235|0x00000000eeb00000, 0x00000000eec00000, 0x00000000eec00000|100%| E|CS|TAMS 0x00000000eeb00000, 0x00000000eeb00000| Complete 
| 236|0x00000000eec00000, 0x00000000eed00000, 0x00000000eed00000|100%| E|CS|TAMS 0x00000000eec00000, 0x00000000eec00000| Complete 
| 237|0x00000000eed00000, 0x00000000eee00000, 0x00000000eee00000|100%| E|CS|TAMS 0x00000000eed00000, 0x00000000eed00000| Complete 
| 238|0x00000000eee00000, 0x00000000eef00000, 0x00000000eef00000|100%| E|CS|TAMS 0x00000000eee00000, 0x00000000eee00000| Complete 
| 239|0x00000000eef00000, 0x00000000ef000000, 0x00000000ef000000|100%| E|CS|TAMS 0x00000000eef00000, 0x00000000eef00000| Complete 
| 240|0x00000000ef000000, 0x00000000ef100000, 0x00000000ef100000|100%| E|CS|TAMS 0x00000000ef000000, 0x00000000ef000000| Complete 
| 241|0x00000000ef100000, 0x00000000ef200000, 0x00000000ef200000|100%| E|CS|TAMS 0x00000000ef100000, 0x00000000ef100000| Complete 
| 242|0x00000000ef200000, 0x00000000ef300000, 0x00000000ef300000|100%| E|CS|TAMS 0x00000000ef200000, 0x00000000ef200000| Complete 
| 243|0x00000000ef300000, 0x00000000ef400000, 0x00000000ef400000|100%| E|CS|TAMS 0x00000000ef300000, 0x00000000ef300000| Complete 
| 244|0x00000000ef400000, 0x00000000ef500000, 0x00000000ef500000|100%| E|CS|TAMS 0x00000000ef400000, 0x00000000ef400000| Complete 
| 245|0x00000000ef500000, 0x00000000ef600000, 0x00000000ef600000|100%| E|CS|TAMS 0x00000000ef500000, 0x00000000ef500000| Complete 
| 246|0x00000000ef600000, 0x00000000ef700000, 0x00000000ef700000|100%| E|CS|TAMS 0x00000000ef600000, 0x00000000ef600000| Complete 
| 247|0x00000000ef700000, 0x00000000ef800000, 0x00000000ef800000|100%| E|CS|TAMS 0x00000000ef700000, 0x00000000ef700000| Complete 
| 248|0x00000000ef800000, 0x00000000ef900000, 0x00000000ef900000|100%| E|CS|TAMS 0x00000000ef800000, 0x00000000ef800000| Complete 
| 249|0x00000000ef900000, 0x00000000efa00000, 0x00000000efa00000|100%| E|CS|TAMS 0x00000000ef900000, 0x00000000ef900000| Complete 
| 250|0x00000000efa00000, 0x00000000efb00000, 0x00000000efb00000|100%| E|CS|TAMS 0x00000000efa00000, 0x00000000efa00000| Complete 
| 251|0x00000000efb00000, 0x00000000efc00000, 0x00000000efc00000|100%| E|CS|TAMS 0x00000000efb00000, 0x00000000efb00000| Complete 
| 252|0x00000000efc00000, 0x00000000efd00000, 0x00000000efd00000|100%| E|CS|TAMS 0x00000000efc00000, 0x00000000efc00000| Complete 
| 253|0x00000000efd00000, 0x00000000efe00000, 0x00000000efe00000|100%| E|CS|TAMS 0x00000000efd00000, 0x00000000efd00000| Complete 
| 254|0x00000000efe00000, 0x00000000eff00000, 0x00000000eff00000|100%| E|CS|TAMS 0x00000000efe00000, 0x00000000efe00000| Complete 
| 255|0x00000000eff00000, 0x00000000f0000000, 0x00000000f0000000|100%| E|CS|TAMS 0x00000000eff00000, 0x00000000eff00000| Complete 

Card table byte_map: [0x00000245c9d40000,0x00000245c9e40000] _byte_map_base: 0x00000245c9640000

Marking Bits (Prev, Next): (CMBitMap*) 0x00000245b023f5d8, (CMBitMap*) 0x00000245b023f618
 Prev Bits: [0x00000245c9f40000, 0x00000245ca740000)
 Next Bits: [0x00000245ca740000, 0x00000245caf40000)

Polling page: 0x00000245b02f0000

Metaspace:

Usage:
  Non-class:     44.14 MB capacity,    42.91 MB ( 97%) used,     1.04 MB (  2%) free+waste,   187.50 KB ( <1%) overhead. 
      Class:      7.73 MB capacity,     7.01 MB ( 91%) used,   635.81 KB (  8%) free+waste,    93.13 KB (  1%) overhead. 
       Both:     51.87 MB capacity,    49.93 MB ( 96%) used,     1.66 MB (  3%) free+waste,   280.63 KB ( <1%) overhead. 

Virtual space:
  Non-class space:       46.00 MB reserved,      44.17 MB ( 96%) committed 
      Class space:      248.00 MB reserved,       7.75 MB (  3%) committed 
             Both:      294.00 MB reserved,      51.92 MB ( 18%) committed 

Chunk freelists:
   Non-Class:  30.00 KB
       Class:  24.00 KB
        Both:  54.00 KB

MaxMetaspaceSize: 256.00 MB
CompressedClassSpaceSize: 248.00 MB

CodeHeap 'non-profiled nmethods': size=120000Kb used=3117Kb max_used=3295Kb free=116882Kb
 bounds [0x00000245c1ca0000, 0x00000245c1fe0000, 0x00000245c91d0000]
CodeHeap 'profiled nmethods': size=120000Kb used=12012Kb max_used=12012Kb free=107987Kb
 bounds [0x00000245ba770000, 0x00000245bb330000, 0x00000245c1ca0000]
CodeHeap 'non-nmethods': size=5760Kb used=2353Kb max_used=2438Kb free=3406Kb
 bounds [0x00000245ba1d0000, 0x00000245ba440000, 0x00000245ba770000]
 total_blobs=6436 nmethods=5602 adapters=745
 compilation: enabled
              stopped_count=0, restarted_count=0
 full_count=0

Compilation events (20 events):
Event: 14.045 Thread 0x00000245cd9b4000 6290       2       io.spring.gradle.dependencymanagement.org.codehaus.plexus.interpolation.AbstractValueSource::<init> (28 bytes)
Event: 14.046 Thread 0x00000245cd9b4000 nmethod 6290 0x00000245bb30d690 code [0x00000245bb30d840, 0x00000245bb30dad8]
Event: 14.046 Thread 0x00000245cd9b4000 6291       2       org.gradle.api.internal.artifacts.dependencies.AbstractExternalModuleDependency::getName (10 bytes)
Event: 14.046 Thread 0x00000245cd9b4000 nmethod 6291 0x00000245bb30db90 code [0x00000245bb30dd20, 0x00000245bb30de78]
Event: 14.046 Thread 0x00000245cd9b4000 6292       2       com.google.common.collect.ImmutableList::builderWithExpectedSize (16 bytes)
Event: 14.047 Thread 0x00000245cd9b4000 nmethod 6292 0x00000245bb30df90 code [0x00000245bb30e140, 0x00000245bb30e3a8]
Event: 14.047 Thread 0x00000245cd9b4000 6293       1       org.gradle.api.internal.provider.AbstractProperty$FinalizedValue::shouldFinalize (2 bytes)
Event: 14.047 Thread 0x00000245cd9b4000 nmethod 6293 0x00000245c1d10510 code [0x00000245c1d106a0, 0x00000245c1d10778]
Event: 14.048 Thread 0x00000245cd9b4000 6294       2       org.gradle.api.internal.artifacts.ivyservice.ivyresolve.CachingModuleComponentRepository::getName (10 bytes)
Event: 14.048 Thread 0x00000245cd9b4000 nmethod 6294 0x00000245bb30e490 code [0x00000245bb30e620, 0x00000245bb30e768]
Event: 14.048 Thread 0x00000245cd9b4000 6295       1       org.gradle.api.internal.artifacts.ivyservice.ivyresolve.strategy.ExactVersionSelector::isDynamic (2 bytes)
Event: 14.048 Thread 0x00000245cd9b4000 nmethod 6295 0x00000245c1d10210 code [0x00000245c1d103a0, 0x00000245c1d10478]
Event: 14.048 Thread 0x00000245cd9b4000 6296       2       org.gradle.api.internal.artifacts.ivyservice.resolveengine.result.ComponentIdentifierSerializer::write (435 bytes)
Event: 14.050 Thread 0x00000245cd9b4000 nmethod 6296 0x00000245bb30e810 code [0x00000245bb30eca0, 0x00000245bb310208]
Event: 14.050 Thread 0x00000245cd9b4000 6297       1       org.gradle.internal.component.external.model.ImmutableCapability::hashCode (5 bytes)
Event: 14.050 Thread 0x00000245cd9b4000 nmethod 6297 0x00000245c1d0ff10 code [0x00000245c1d100a0, 0x00000245c1d10178]
Event: 14.051 Thread 0x00000245cd9b4000 6298       1       org.gradle.internal.concurrent.ManagedExecutorImpl::access$100 (5 bytes)
Event: 14.051 Thread 0x00000245cd9b4000 nmethod 6298 0x00000245c1f08490 code [0x00000245c1f08620, 0x00000245c1f086b8]
Event: 14.052 Thread 0x00000245cd9b4000 6299       2       org.gradle.tooling.internal.provider.runner.ClientBuildEventGenerator::finished (128 bytes)
Event: 14.052 Thread 0x00000245cd9b4000 nmethod 6299 0x00000245bb310e90 code [0x00000245bb3110e0, 0x00000245bb3115c8]

GC Heap History (12 events):
Event: 1.458 GC heap before
{Heap before GC invocations=0 (full 0):
 garbage-first heap   total 262144K, used 25600K [0x00000000e0000000, 0x0000000100000000)
  region size 1024K, 23 young (23552K), 0 survivors (0K)
 Metaspace       used 3153K, capacity 6112K, committed 6400K, reserved 262144K
  class space    used 413K, capacity 700K, committed 768K, reserved 253952K
}
Event: 1.468 GC heap after
{Heap after GC invocations=1 (full 0):
 garbage-first heap   total 262144K, used 9275K [0x00000000e0000000, 0x0000000100000000)
  region size 1024K, 3 young (3072K), 3 survivors (3072K)
 Metaspace       used 3153K, capacity 6112K, committed 6400K, reserved 262144K
  class space    used 413K, capacity 700K, committed 768K, reserved 253952K
}
Event: 2.600 GC heap before
{Heap before GC invocations=1 (full 0):
 garbage-first heap   total 262144K, used 34875K [0x00000000e0000000, 0x0000000100000000)
  region size 1024K, 28 young (28672K), 3 survivors (3072K)
 Metaspace       used 4258K, capacity 6812K, committed 7040K, reserved 262144K
  class space    used 532K, capacity 805K, committed 896K, reserved 253952K
}
Event: 2.602 GC heap after
{Heap after GC invocations=2 (full 0):
 garbage-first heap   total 262144K, used 10042K [0x00000000e0000000, 0x0000000100000000)
  region size 1024K, 1 young (1024K), 1 survivors (1024K)
 Metaspace       used 4258K, capacity 6812K, committed 7040K, reserved 262144K
  class space    used 532K, capacity 805K, committed 896K, reserved 253952K
}
Event: 5.973 GC heap before
{Heap before GC invocations=2 (full 0):
 garbage-first heap   total 262144K, used 123706K [0x00000000e0000000, 0x0000000100000000)
  region size 1024K, 112 young (114688K), 1 survivors (1024K)
 Metaspace       used 15151K, capacity 15671K, committed 15872K, reserved 268288K
  class space    used 2265K, capacity 2451K, committed 2560K, reserved 253952K
}
Event: 5.982 GC heap after
{Heap after GC invocations=3 (full 0):
 garbage-first heap   total 262144K, used 18121K [0x00000000e0000000, 0x0000000100000000)
  region size 1024K, 9 young (9216K), 9 survivors (9216K)
 Metaspace       used 15151K, capacity 15671K, committed 15872K, reserved 268288K
  class space    used 2265K, capacity 2451K, committed 2560K, reserved 253952K
}
Event: 7.347 GC heap before
{Heap before GC invocations=3 (full 0):
 garbage-first heap   total 262144K, used 71369K [0x00000000e0000000, 0x0000000100000000)
  region size 1024K, 62 young (63488K), 9 survivors (9216K)
 Metaspace       used 20528K, capacity 21159K, committed 21248K, reserved 272384K
  class space    used 3088K, capacity 3309K, committed 3328K, reserved 253952K
}
Event: 7.352 GC heap after
{Heap after GC invocations=4 (full 0):
 garbage-first heap   total 262144K, used 20380K [0x00000000e0000000, 0x0000000100000000)
  region size 1024K, 11 young (11264K), 11 survivors (11264K)
 Metaspace       used 20528K, capacity 21159K, committed 21248K, reserved 272384K
  class space    used 3088K, capacity 3309K, committed 3328K, reserved 253952K
}
Event: 10.447 GC heap before
{Heap before GC invocations=5 (full 0):
 garbage-first heap   total 262144K, used 151452K [0x00000000e0000000, 0x0000000100000000)
  region size 1024K, 138 young (141312K), 11 survivors (11264K)
 Metaspace       used 34425K, capacity 35479K, committed 35628K, reserved 284672K
  class space    used 4831K, capacity 5218K, committed 5248K, reserved 253952K
}
Event: 10.461 GC heap after
{Heap after GC invocations=6 (full 0):
 garbage-first heap   total 262144K, used 30499K [0x00000000e0000000, 0x0000000100000000)
  region size 1024K, 20 young (20480K), 20 survivors (20480K)
 Metaspace       used 34425K, capacity 35479K, committed 35628K, reserved 284672K
  class space    used 4831K, capacity 5218K, committed 5248K, reserved 253952K
}
Event: 12.665 GC heap before
{Heap before GC invocations=7 (full 0):
 garbage-first heap   total 262144K, used 166691K [0x00000000e0000000, 0x0000000100000000)
  region size 1024K, 153 young (156672K), 20 survivors (20480K)
 Metaspace       used 45411K, capacity 46876K, committed 47148K, reserved 294912K
  class space    used 6401K, capacity 6966K, committed 7040K, reserved 253952K
}
Event: 12.680 GC heap after
{Heap after GC invocations=8 (full 0):
 garbage-first heap   total 262144K, used 36248K [0x00000000e0000000, 0x0000000100000000)
  region size 1024K, 17 young (17408K), 17 survivors (17408K)
 Metaspace       used 45411K, capacity 46876K, committed 47148K, reserved 294912K
  class space    used 6401K, capacity 6966K, committed 7040K, reserved 253952K
}

Deoptimization events (20 events):
Event: 14.002 Thread 0x00000245d5115800 DEOPT PACKING pc=0x00000245baedfbf4 sp=0x000000b2573fa970
Event: 14.002 Thread 0x00000245d5115800 DEOPT UNPACKING pc=0x00000245ba21964e sp=0x000000b2573f9f10 mode 0
Event: 14.003 Thread 0x00000245d5115800 DEOPT PACKING pc=0x00000245bb2b349c sp=0x000000b2573fab60
Event: 14.003 Thread 0x00000245d5115800 DEOPT UNPACKING pc=0x00000245ba21964e sp=0x000000b2573fa118 mode 0
Event: 14.012 Thread 0x00000245cff0a800 Uncommon trap: trap_request=0xffffff45 fr.pc=0x00000245c1ce6468 relative=0x0000000000000648
Event: 14.012 Thread 0x00000245cff0a800 Uncommon trap: reason=unstable_if action=reinterpret pc=0x00000245c1ce6468 method=java.lang.AbstractStringBuilder.append(Ljava/lang/String;)Ljava/lang/AbstractStringBuilder; @ 1 c2
Event: 14.012 Thread 0x00000245cff0a800 DEOPT PACKING pc=0x00000245c1ce6468 sp=0x000000b253cfe300
Event: 14.012 Thread 0x00000245cff0a800 DEOPT UNPACKING pc=0x00000245ba21912f sp=0x000000b253cfe280 mode 2
Event: 14.013 Thread 0x00000245cff0a800 Uncommon trap: trap_request=0xffffff45 fr.pc=0x00000245c1cdafc0 relative=0x0000000000000620
Event: 14.013 Thread 0x00000245cff0a800 Uncommon trap: reason=unstable_if action=reinterpret pc=0x00000245c1cdafc0 method=java.lang.AbstractStringBuilder.append(Ljava/lang/String;)Ljava/lang/AbstractStringBuilder; @ 1 c2
Event: 14.013 Thread 0x00000245cff0a800 DEOPT PACKING pc=0x00000245c1cdafc0 sp=0x000000b253cfe2a0
Event: 14.013 Thread 0x00000245cff0a800 DEOPT UNPACKING pc=0x00000245ba21912f sp=0x000000b253cfe288 mode 2
Event: 14.017 Thread 0x00000245d5115800 DEOPT PACKING pc=0x00000245ba8365bb sp=0x000000b2573f90b0
Event: 14.017 Thread 0x00000245d5115800 DEOPT UNPACKING pc=0x00000245ba21964e sp=0x000000b2573f85f0 mode 0
Event: 14.020 Thread 0x00000245d5115800 DEOPT PACKING pc=0x00000245bb2b349c sp=0x000000b2573fa920
Event: 14.020 Thread 0x00000245d5115800 DEOPT UNPACKING pc=0x00000245ba21964e sp=0x000000b2573f9ed8 mode 0
Event: 14.035 Thread 0x00000245d5115800 DEOPT PACKING pc=0x00000245bb2b349c sp=0x000000b2573fa920
Event: 14.035 Thread 0x00000245d5115800 DEOPT UNPACKING pc=0x00000245ba21964e sp=0x000000b2573f9ed8 mode 0
Event: 14.053 Thread 0x00000245d5115800 DEOPT PACKING pc=0x00000245bb2b349c sp=0x000000b2573fa8d0
Event: 14.053 Thread 0x00000245d5115800 DEOPT UNPACKING pc=0x00000245ba21964e sp=0x000000b2573f9e88 mode 0

Classes unloaded (0 events):
No events

Classes redefined (0 events):
No events

Internal exceptions (20 events):
Event: 13.168 Thread 0x00000245cfda9800 Exception <a 'java/lang/ClassNotFoundException'{0x00000000ebc9aa10}: org/gradle/api/DefaultTask_DecoratedBeanInfo> (0x00000000ebc9aa10) 
thrown [./open/src/hotspot/share/classfile/systemDictionary.cpp, line 226]
Event: 13.168 Thread 0x00000245cfda9800 Exception <a 'java/lang/ClassNotFoundException'{0x00000000ebcb2c38}: org/gradle/api/DefaultTask_DecoratedCustomizer> (0x00000000ebcb2c38) 
thrown [./open/src/hotspot/share/classfile/systemDictionary.cpp, line 226]
Event: 13.176 Thread 0x00000245cfda9800 Exception <a 'java/lang/ClassNotFoundException'{0x00000000ebbda5e8}: org/gradle/api/tasks/testing/AbstractTestTaskBeanInfo> (0x00000000ebbda5e8) 
thrown [./open/src/hotspot/share/classfile/systemDictionary.cpp, line 226]
Event: 13.176 Thread 0x00000245cfda9800 Exception <a 'java/lang/ClassNotFoundException'{0x00000000eba03b90}: org/gradle/api/tasks/testing/AbstractTestTaskCustomizer> (0x00000000eba03b90) 
thrown [./open/src/hotspot/share/classfile/systemDictionary.cpp, line 226]
Event: 13.181 Thread 0x00000245cfda9800 Exception <a 'java/lang/ClassNotFoundException'{0x00000000eba9a728}: java/lang/ClassBeanInfo> (0x00000000eba9a728) 
thrown [./open/src/hotspot/share/classfile/systemDictionary.cpp, line 226]
Event: 13.181 Thread 0x00000245cfda9800 Exception <a 'java/lang/ClassNotFoundException'{0x00000000ebaa5258}: java/lang/ClassCustomizer> (0x00000000ebaa5258) 
thrown [./open/src/hotspot/share/classfile/systemDictionary.cpp, line 226]
Event: 13.186 Thread 0x00000245cfda9800 Implicit null exception at 0x00000245c1f8fccb to 0x00000245c1f9074c
Event: 13.187 Thread 0x00000245cfda9800 Implicit null exception at 0x00000245c1f39d8c to 0x00000245c1f3a620
Event: 13.212 Thread 0x00000245d5115800 Exception <a 'java/lang/NoSuchMethodError'{0x00000000eb785038}: 'java.lang.Object java.lang.invoke.DirectMethodHandle$Holder.invokeStatic(java.lang.Object, java.lang.Object, java.lang.Object, java.lang.Object, int, java.lang.Object)'> (0x00000000eb785038) 
thrown [./open/src/hotspot/share/interpreter/linkResolver.cpp, line 766]
Event: 13.213 Thread 0x00000245d5115800 Exception <a 'java/lang/NoSuchMethodError'{0x00000000eb788610}: 'java.lang.Object java.lang.invoke.Invokers$Holder.linkToTargetMethod(java.lang.Object, java.lang.Object, java.lang.Object, int, java.lang.Object, java.lang.Object)'> (0x00000000eb788610) 
thrown [./open/src/hotspot/share/interpreter/linkResolver.cpp, line 766]
Event: 13.224 Thread 0x00000245d5115800 Exception <a 'java/lang/NoSuchMethodError'{0x00000000eb63f3d8}: 'void java.lang.invoke.DirectMethodHandle$Holder.invokeInterface(java.lang.Object, java.lang.Object, java.lang.Object, java.lang.Object)'> (0x00000000eb63f3d8) 
thrown [./open/src/hotspot/share/interpreter/linkResolver.cpp, line 766]
Event: 13.264 Thread 0x00000245d0525800 Exception <a 'java/lang/NoSuchMethodError'{0x00000000eff0e2f8}: static Lorg/gradle/internal/build/event/types/DefaultTaskStartedProgressEvent;.<clinit>()V> (0x00000000eff0e2f8) 
thrown [./open/src/hotspot/share/prims/jni.cpp, line 1348]
Event: 13.265 Thread 0x00000245d0525800 Exception <a 'java/lang/NoSuchMethodError'{0x00000000eff0fa30}: static Lorg/gradle/internal/build/event/types/AbstractProgressEvent;.<clinit>()V> (0x00000000eff0fa30) 
thrown [./open/src/hotspot/share/prims/jni.cpp, line 1348]
Event: 13.266 Thread 0x00000245d0525800 Exception <a 'java/lang/NoSuchMethodError'{0x00000000eff198a0}: static Lorg/gradle/internal/build/event/types/DefaultTaskDescriptor;.<clinit>()V> (0x00000000eff198a0) 
thrown [./open/src/hotspot/share/prims/jni.cpp, line 1348]
Event: 13.267 Thread 0x00000245d5115800 Exception <a 'java/lang/IncompatibleClassChangeError'{0x00000000eb468f98}: Found class java.lang.Object, but interface was expected> (0x00000000eb468f98) 
thrown [./open/src/hotspot/share/interpreter/linkResolver.cpp, line 832]
Event: 13.268 Thread 0x00000245d0525800 Exception <a 'java/lang/NoSuchMethodError'{0x00000000eb490e08}: static Lorg/gradle/internal/operations/OperationIdentifier;.<clinit>()V> (0x00000000eb490e08) 
thrown [./open/src/hotspot/share/prims/jni.cpp, line 1348]
Event: 13.269 Thread 0x00000245d0525800 Exception <a 'java/lang/NoSuchMethodError'{0x00000000eb4988e8}: static Lorg/gradle/internal/build/event/types/DefaultBinaryPluginIdentifier;.<clinit>()V> (0x00000000eb4988e8) 
thrown [./open/src/hotspot/share/prims/jni.cpp, line 1348]
Event: 13.330 Thread 0x00000245d5115800 Exception <a 'java/lang/IncompatibleClassChangeError'{0x00000000eb1c6808}: Found class java.lang.Object, but interface was expected> (0x00000000eb1c6808) 
thrown [./open/src/hotspot/share/interpreter/linkResolver.cpp, line 832]
Event: 14.012 Thread 0x00000245cff0a800 Implicit null exception at 0x00000245c1ce5e64 to 0x00000245c1ce6450
Event: 14.013 Thread 0x00000245cff0a800 Implicit null exception at 0x00000245c1cda9e4 to 0x00000245c1cdafa8

Events (20 events):
Event: 13.947 Thread 0x00000245d3e4a000 Thread added: 0x00000245d3e4a000
Event: 13.954 Thread 0x00000245d3e4b800 Thread added: 0x00000245d3e4b800
Event: 13.962 Thread 0x00000245d4b30000 Thread added: 0x00000245d4b30000
Event: 13.971 Thread 0x00000245d4b2c000 Thread added: 0x00000245d4b2c000
Event: 13.980 Thread 0x00000245d4b31800 Thread added: 0x00000245d4b31800
Event: 13.987 Thread 0x00000245d4b32800 Thread added: 0x00000245d4b32800
Event: 14.004 Executing VM operation: BulkRevokeBias
Event: 14.006 Executing VM operation: BulkRevokeBias done
Event: 14.007 loading class java/util/concurrent/LinkedBlockingDeque$Itr
Event: 14.007 loading class java/util/concurrent/LinkedBlockingDeque$AbstractItr
Event: 14.007 loading class java/util/concurrent/LinkedBlockingDeque$AbstractItr done
Event: 14.007 loading class java/util/concurrent/LinkedBlockingDeque$Itr done
Event: 14.008 Thread 0x00000245d4b2e800 Thread added: 0x00000245d4b2e800
Event: 14.010 Executing VM operation: HandshakeAllThreads
Event: 14.010 Executing VM operation: HandshakeAllThreads done
Event: 14.018 Thread 0x00000245d4b30800 Thread added: 0x00000245d4b30800
Event: 14.025 Thread 0x00000245d4b2c800 Thread added: 0x00000245d4b2c800
Event: 14.033 Thread 0x00000245d4b2d800 Thread added: 0x00000245d4b2d800
Event: 14.042 Thread 0x00000245d4b33000 Thread added: 0x00000245d4b33000
Event: 14.051 Thread 0x00000245d4b35000 Thread added: 0x00000245d4b35000


Dynamic libraries:
0x00007ff72ba70000 - 0x00007ff72ba7f000 	C:\Program Files\Java\jdk-14.0.2\bin\java.exe
0x00007ffe230b0000 - 0x00007ffe232a8000 	C:\WINDOWS\SYSTEM32\ntdll.dll
0x00007ffe21230000 - 0x00007ffe212ed000 	C:\WINDOWS\System32\KERNEL32.DLL
0x00007ffe208f0000 - 0x00007ffe20be6000 	C:\WINDOWS\System32\KERNELBASE.dll
0x00007ffe20ff0000 - 0x00007ffe210f0000 	C:\WINDOWS\System32\ucrtbase.dll
0x00007ffe08c30000 - 0x00007ffe08c45000 	C:\Program Files\Java\jdk-14.0.2\bin\VCRUNTIME140.dll
0x00007ffe188f0000 - 0x00007ffe18908000 	C:\Program Files\Java\jdk-14.0.2\bin\jli.dll
0x00007ffe21570000 - 0x00007ffe21623000 	C:\WINDOWS\System32\ADVAPI32.dll
0x00007ffe22fd0000 - 0x00007ffe2306e000 	C:\WINDOWS\System32\msvcrt.dll
0x00007ffe21d20000 - 0x00007ffe21dbf000 	C:\WINDOWS\System32\sechost.dll
0x00007ffe210f0000 - 0x00007ffe21216000 	C:\WINDOWS\System32\RPCRT4.dll
0x00007ffe207e0000 - 0x00007ffe20807000 	C:\WINDOWS\System32\bcrypt.dll
0x00007ffe22230000 - 0x00007ffe223ce000 	C:\WINDOWS\System32\USER32.dll
0x00007ffe20e60000 - 0x00007ffe20e82000 	C:\WINDOWS\System32\win32u.dll
0x00007ffe22fa0000 - 0x00007ffe22fcb000 	C:\WINDOWS\System32\GDI32.dll
0x00007ffe20bf0000 - 0x00007ffe20d07000 	C:\WINDOWS\System32\gdi32full.dll
0x00007ffe09c30000 - 0x00007ffe09eca000 	C:\WINDOWS\WinSxS\amd64_microsoft.windows.common-controls_6595b64144ccf1df_6.0.19041.3636_none_60b6a03d71f818d5\COMCTL32.dll
0x00007ffe20d10000 - 0x00007ffe20dad000 	C:\WINDOWS\System32\msvcp_win.dll
0x00007ffe19e70000 - 0x00007ffe19e7a000 	C:\WINDOWS\SYSTEM32\VERSION.dll
0x00007ffe216a0000 - 0x00007ffe216d2000 	C:\WINDOWS\System32\IMM32.DLL
0x00007ffdce280000 - 0x00007ffdce31b000 	C:\Program Files\Java\jdk-14.0.2\bin\msvcp140.dll
0x00007ffd9e570000 - 0x00007ffd9f08e000 	C:\Program Files\Java\jdk-14.0.2\bin\server\jvm.dll
0x00007ffe21630000 - 0x00007ffe21638000 	C:\WINDOWS\System32\PSAPI.DLL
0x00007ffe1db50000 - 0x00007ffe1db59000 	C:\WINDOWS\SYSTEM32\WSOCK32.dll
0x00007ffe21870000 - 0x00007ffe218db000 	C:\WINDOWS\System32\WS2_32.dll
0x00007ffe06670000 - 0x00007ffe06697000 	C:\WINDOWS\SYSTEM32\WINMM.dll
0x00007ffe1efb0000 - 0x00007ffe1efc2000 	C:\WINDOWS\SYSTEM32\kernel.appcore.dll
0x00007ffe18b90000 - 0x00007ffe18b9a000 	C:\Program Files\Java\jdk-14.0.2\bin\jimage.dll
0x00007ffe1e520000 - 0x00007ffe1e704000 	C:\WINDOWS\SYSTEM32\DBGHELP.DLL
0x00007ffe003e0000 - 0x00007ffe00414000 	C:\WINDOWS\SYSTEM32\dbgcore.DLL
0x00007ffe20810000 - 0x00007ffe20892000 	C:\WINDOWS\System32\bcryptPrimitives.dll
0x00007ffe00ef0000 - 0x00007ffe00f15000 	C:\Program Files\Java\jdk-14.0.2\bin\java.dll
0x00007ffe08bf0000 - 0x00007ffe08c06000 	C:\Program Files\Java\jdk-14.0.2\bin\zip.dll
0x00007ffe22460000 - 0x00007ffe22ba5000 	C:\WINDOWS\System32\SHELL32.dll
0x00007ffe1e710000 - 0x00007ffe1eeac000 	C:\WINDOWS\SYSTEM32\windows.storage.dll
0x00007ffe21910000 - 0x00007ffe21c64000 	C:\WINDOWS\System32\combase.dll
0x00007ffe201a0000 - 0x00007ffe201ce000 	C:\WINDOWS\SYSTEM32\Wldp.dll
0x00007ffe216e0000 - 0x00007ffe217ad000 	C:\WINDOWS\System32\OLEAUT32.dll
0x00007ffe21c70000 - 0x00007ffe21d1d000 	C:\WINDOWS\System32\SHCORE.dll
0x00007ffe21810000 - 0x00007ffe21865000 	C:\WINDOWS\System32\shlwapi.dll
0x00007ffe206a0000 - 0x00007ffe206c5000 	C:\WINDOWS\SYSTEM32\profapi.dll
0x00007ffe01040000 - 0x00007ffe01059000 	C:\Program Files\Java\jdk-14.0.2\bin\net.dll
0x00007ffe16e50000 - 0x00007ffe16f5a000 	C:\WINDOWS\SYSTEM32\WINHTTP.dll
0x00007ffe1ff00000 - 0x00007ffe1ff6a000 	C:\WINDOWS\system32\mswsock.dll
0x00007ffe00ed0000 - 0x00007ffe00ee2000 	C:\Program Files\Java\jdk-14.0.2\bin\nio.dll
0x00007ffe188a0000 - 0x00007ffe188b0000 	C:\Program Files\Java\jdk-14.0.2\bin\verify.dll
0x00007ffddcd80000 - 0x00007ffddcda7000 	C:\Users\hp\.gradle\native\68d5fa5c4cc2d200863cafc0d521ce42e7d3e7ee720ec0a83991735586a16f82\windows-amd64\native-platform.dll
0x00007ffda3a00000 - 0x00007ffda3b44000 	C:\Users\hp\.gradle\native\e376f236ea51e6404a007f0833ffe2c6e607c4080706a723a18a27aeea778392\windows-amd64\native-platform-file-events.dll
0x00007ffe0b1c0000 - 0x00007ffe0b1c9000 	C:\Program Files\Java\jdk-14.0.2\bin\management.dll
0x00007ffe0a650000 - 0x00007ffe0a65b000 	C:\Program Files\Java\jdk-14.0.2\bin\management_ext.dll
0x00007ffe200f0000 - 0x00007ffe20108000 	C:\WINDOWS\SYSTEM32\CRYPTSP.dll
0x00007ffe1f7c0000 - 0x00007ffe1f7f4000 	C:\WINDOWS\system32\rsaenh.dll
0x00007ffe20660000 - 0x00007ffe2068e000 	C:\WINDOWS\SYSTEM32\USERENV.dll
0x00007ffe20110000 - 0x00007ffe2011c000 	C:\WINDOWS\SYSTEM32\CRYPTBASE.dll
0x00007ffe1fba0000 - 0x00007ffe1fbdb000 	C:\WINDOWS\SYSTEM32\IPHLPAPI.DLL
0x00007ffe21220000 - 0x00007ffe21228000 	C:\WINDOWS\System32\NSI.dll
0x00007ffe18300000 - 0x00007ffe18317000 	C:\WINDOWS\SYSTEM32\dhcpcsvc6.DLL
0x00007ffe18ca0000 - 0x00007ffe18cbd000 	C:\WINDOWS\SYSTEM32\dhcpcsvc.DLL
0x00007ffe1fbf0000 - 0x00007ffe1fcbb000 	C:\WINDOWS\SYSTEM32\DNSAPI.dll

dbghelp: loaded successfully - version: 4.0.5 - missing functions: none
symbol engine: initialized successfully - sym options: 0x614 - pdb path: .;C:\Program Files\Java\jdk-14.0.2\bin;C:\WINDOWS\SYSTEM32;C:\WINDOWS\WinSxS\amd64_microsoft.windows.common-controls_6595b64144ccf1df_6.0.19041.3636_none_60b6a03d71f818d5;C:\Program Files\Java\jdk-14.0.2\bin\server;C:\Users\hp\.gradle\native\68d5fa5c4cc2d200863cafc0d521ce42e7d3e7ee720ec0a83991735586a16f82\windows-amd64;C:\Users\hp\.gradle\native\e376f236ea51e6404a007f0833ffe2c6e607c4080706a723a18a27aeea778392\windows-amd64

VM Arguments:
jvm_args: --add-opens=java.base/java.util=ALL-UNNAMED --add-opens=java.base/java.lang=ALL-UNNAMED --add-opens=java.base/java.lang.invoke=ALL-UNNAMED --add-opens=java.prefs/java.util.prefs=ALL-UNNAMED --add-opens=java.base/java.nio.charset=ALL-UNNAMED --add-opens=java.base/java.net=ALL-UNNAMED --add-opens=java.base/java.util.concurrent.atomic=ALL-UNNAMED -XX:MaxMetaspaceSize=256m -XX:+HeapDumpOnOutOfMemoryError -Xms256m -Xmx512m -Dfile.encoding=windows-1252 -Duser.country=US -Duser.language=en -Duser.variant 
java_command: org.gradle.launcher.daemon.bootstrap.GradleDaemon 7.6.1
java_class_path (initial): C:\Users\hp\.gradle\wrapper\dists\gradle-7.6.1-bin\2clxi94ab3brv6467628wnxmd\gradle-7.6.1\lib\gradle-launcher-7.6.1.jar
Launcher Type: SUN_STANDARD

[Global flags]
     intx CICompilerCount                          = 4                                         {product} {ergonomic}
   size_t CompressedClassSpaceSize                 = 260046848                                 {product} {ergonomic}
     uint ConcGCThreads                            = 2                                         {product} {ergonomic}
     uint G1ConcRefinementThreads                  = 8                                         {product} {ergonomic}
   size_t G1HeapRegionSize                         = 1048576                                   {product} {ergonomic}
    uintx GCDrainStackTargetSize                   = 64                                        {product} {ergonomic}
     bool HeapDumpOnOutOfMemoryError               = true                                   {manageable} {command line}
   size_t InitialHeapSize                          = 268435456                                 {product} {command line}
   size_t MarkStackSize                            = 4194304                                   {product} {ergonomic}
   size_t MaxHeapSize                              = 536870912                                 {product} {command line}
   size_t MaxMetaspaceSize                         = 268435456                                 {product} {command line}
   size_t MaxNewSize                               = 321912832                                 {product} {ergonomic}
   size_t MinHeapDeltaBytes                        = 1048576                                   {product} {ergonomic}
   size_t MinHeapSize                              = 268435456                                 {product} {command line}
    uintx NonNMethodCodeHeapSize                   = 5839372                                {pd product} {ergonomic}
    uintx NonProfiledCodeHeapSize                  = 122909434                              {pd product} {ergonomic}
    uintx ProfiledCodeHeapSize                     = 122909434                              {pd product} {ergonomic}
    uintx ReservedCodeCacheSize                    = 251658240                              {pd product} {ergonomic}
     bool SegmentedCodeCache                       = true                                      {product} {ergonomic}
   size_t SoftMaxHeapSize                          = 536870912                              {manageable} {ergonomic}
     bool UseCompressedClassPointers               = true                                 {lp64_product} {ergonomic}
     bool UseCompressedOops                        = true                                 {lp64_product} {ergonomic}
     bool UseG1GC                                  = true                                      {product} {ergonomic}
     bool UseLargePagesIndividualAllocation        = false                                  {pd product} {ergonomic}

Logging:
Log output configuration:
 #0: stdout all=warning uptime,level,tags
 #1: stderr all=off uptime,level,tags

Environment Variables:
JAVA_HOME=C:\Program Files\Java\jdk11\bin
PATH=C:\Program Files\OpenLogic\jdk-11.0.23.9-hotspot\bin;D:\vmware\bin\;C:\ProgramData\Oracle\Java\javapath;C:\Windows\system32;C:\Windows;C:\Windows\System32\Wbem;C:\Windows\System32\WindowsPowerShell\v1.0\;C:\Windows\System32\OpenSSH\;C:\Program Files (x86)\NVIDIA Corporation\PhysX\Common;C:\Program Files\NVIDIA Corporation\NVIDIA NvDLISR;D:\runtime\win64;D:\bin;D:\Matalp\runtime\win64;D:\Matalp\bin;C:\Program Files\Microsoft\Web Platform Installer\;C:\Program Files (x86)\Microsoft ASP.NET\ASP.NET Web Pages\v1.0\;C:\Program Files (x86)\Windows Kits\8.0\Windows Performance Toolkit\;C:\Program Files\Microsoft SQL Server\110\Tools\Binn\;C:\src\flutter\bin;C:\WINDOWS\system32;C:\WINDOWS;C:\WINDOWS\System32\Wbem;C:\WINDOWS\System32\WindowsPowerShell\v1.0\;C:\WINDOWS\System32\OpenSSH\;C:\ProgramData\ComposerSetup\bin;C:\Program Files\Git\cmd;C:\ProgramData\chocolatey\bin;C:\Program Files (x86)\Microsoft SQL Server\150\DTS\Binn\;C:\Program Files\Microsoft SQL Server\Client SDK\ODBC\130\Tools\Binn\;C:\Program Files (x86)\Microsoft SQL Server\130\Tools\Binn\;C:\Program Files\Microsoft SQL Server\130\Tools\Binn\;C:\Program Files\Microsoft SQL Server\130\DTS\Binn\;C:\Program Files (x86)\nodejs\;C:\Program Files\Java\jdk11\bin;C:\Program Files\Java\jdk11\bin\bin;C:\Program Files\OpenLogic\jdk-11.0.23.9-hotspot\bin;D:\vmware\bin\;C:\ProgramData\Oracle\Java\javapath;C:\Windows\system32;C:\Windows;C:\Windows\System32\Wbem;C:\Windows\System32\WindowsPowerShell\v1.0\;C:\Windows\System32\OpenSSH\;C:\Program Files (x86)\NVIDIA Corporation\PhysX\Common;C:\Program Files\NVIDIA Corporation\NVIDIA NvDLISR;D:\runtime\win64;D:\bin;D:\Matalp\runtime\win64;D:\Matalp\bin;C:\Program Files\Microsoft\Web Platform Installer\;C:\Program Files (x86)\Microsoft ASP.NET\ASP.NET Web Pages\v1.0\;C:\Program Files (x86)\Windows Kits\8.0\Windows Performance Toolkit\;C:\Program Files\Microsoft SQL Server\110\Tools\Binn\;C:\src\flutter\bin;C:\WINDOWS\system32;C:\WINDOWS;C:\WINDOWS\System32\Wbem;C:\WINDOWS\Sys
USERNAME=hp
OS=Windows_NT
PROCESSOR_IDENTIFIER=Intel64 Family 6 Model 142 Stepping 12, GenuineIntel



---------------  S Y S T E M  ---------------

OS: Windows 10 , 64 bit Build 19041 (10.0.19041.3636)
OS uptime: 3 days 11:24 hours

CPU:total 8 (initial active 8) (4 cores per cpu, 2 threads per core) family 6 model 142 stepping 12, cmov, cx8, fxsr, mmx, sse, sse2, sse3, ssse3, sse4.1, sse4.2, popcnt, avx, avx2, aes, clmul, erms, 3dnowpref, lzcnt, ht, tsc, tscinvbit, bmi1, bmi2, adx, fma

Memory: 4k page, system-wide physical 12091M (366M free)
TotalPageFile size 18023M (AvailPageFile size 5M)
current process WorkingSet (physical memory assigned to process): 390M, peak: 390M
current process commit charge ("private bytes"): 503M, peak: 504M

vm_info: Java HotSpot(TM) 64-Bit Server VM (14.0.2+12-46) for windows-amd64 JRE (14.0.2+12-46), built on Jul  9 2020 00:35:52 by "mach5one" with MS VC++ 15.9 (VS2017)

END.
